2016-11-02T02:17:03.169Z - error: [gme:server:standalone:mongo] tried to insert existing hash - the two objects were NOT equal  newObject=["Object","V","#57389eee90861b08addac95c08c0157db25b64bb","__v","1.0.0","_id","#1f9072bc32a3d92ba18ba877c669d8cdf86587da","_meta",["Object","children",["Object","_sets",["Object","_hasownrelation",true,"_nullptr",["Object","_hasownrelation",true,"atr",["Object","name","_null_pointer"]],"items",["Object","c",["Object","_hasownrelation",true,"atr",["Object","max",-1,"min",-1],"reg",["Object","_","_"]],"reg",["Object","_","_"]],"ovr",["Object","",["Object","items","/_nullptr"]]],"reg",["Object","_sets_",9]]],"atr",["Object","_relguid","a0ae6b990eb57b45a10ac3689aff696c","name","Language"],"ovr",["Object"],"reg",["Object","position",["Object","x",101,"y",200]]], oldObject=["Object","V","#57389eee90861b08addac95c08c0157db25b64bb","__v","1.0.0","_id","#1f9072bc32a3d92ba18ba877c669d8cdf86587da","_meta",["Object","children",["Object","_sets",["Object","_hasownrelation",true,"_nullptr",["Object","_hasownrelation",true,"atr",["Object","name","_null_pointer"]],"items",["Object","c",["Object","_hasownrelation",true,"atr",["Object","max",-1,"min",-1],"reg",["Object","_","_"]],"reg",["Object","_","_"]],"ovr",["Object","",["Object","items","/_nullptr"]]],"reg",["Object","_sets_",9]]],"atr",["Object","_relguid","a0ae6b990eb57b45a10ac3689aff696c","name","Language"],"reg",["Object","position",["Object","x",101,"y",200]]]
2016-11-02T02:17:03.174Z - error: [gme:server:standalone:storage] Error: tried to insert existing hash - the two objects were NOT equal #1f9072bc32a3d92ba18ba877c669d8cdf86587da
2016-11-02T03:35:35.117Z - error: [gme:server:standalone:mongo] tried to insert existing hash - the two objects were NOT equal  newObject=["Object","__v","1.0.0","_id","#efc9a0d533dd5b4b3bc23213515eaa63d601f4f4","atr",["Object","_relguid","09a9f98fd137d360da914ba40accc465","name","-ch2-"],"ovr",["Object"],"reg",["Object","position",["Object","x",490,"y",122]]], oldObject=["Object","__v","1.0.0","_id","#efc9a0d533dd5b4b3bc23213515eaa63d601f4f4","atr",["Object","_relguid","09a9f98fd137d360da914ba40accc465","name","-ch2-"],"reg",["Object","position",["Object","x",490,"y",122]]]
2016-11-02T03:35:35.121Z - error: [gme:server:standalone:storage] Error: tried to insert existing hash - the two objects were NOT equal #efc9a0d533dd5b4b3bc23213515eaa63d601f4f4
2016-11-02T03:35:55.884Z - error: [gme:server:standalone:mongo] object does not exist #6529607c5aa096a0fe9133a68607b7beb322b060
2016-11-02T03:35:55.935Z - error: [gme:server:standalone:mongo] tried to insert existing hash - the two objects were NOT equal  newObject=["Object","__v","1.0.0","_id","#efc9a0d533dd5b4b3bc23213515eaa63d601f4f4","atr",["Object","_relguid","09a9f98fd137d360da914ba40accc465","name","-ch2-"],"ovr",["Object"],"reg",["Object","position",["Object","x",490,"y",122]]], oldObject=["Object","__v","1.0.0","_id","#efc9a0d533dd5b4b3bc23213515eaa63d601f4f4","atr",["Object","_relguid","09a9f98fd137d360da914ba40accc465","name","-ch2-"],"reg",["Object","position",["Object","x",490,"y",122]]]
2016-11-02T03:35:55.944Z - error: [gme:server:standalone:storage] Error: tried to insert existing hash - the two objects were NOT equal #efc9a0d533dd5b4b3bc23213515eaa63d601f4f4
2016-11-02T03:39:07.111Z - error: [gme:server:standalone:mongo] tried to insert existing hash - the two objects were NOT equal  newObject=["Object","__v","1.0.0","_id","#efc9a0d533dd5b4b3bc23213515eaa63d601f4f4","atr",["Object","_relguid","09a9f98fd137d360da914ba40accc465","name","-ch2-"],"ovr",["Object"],"reg",["Object","position",["Object","x",490,"y",122]]], oldObject=["Object","__v","1.0.0","_id","#efc9a0d533dd5b4b3bc23213515eaa63d601f4f4","atr",["Object","_relguid","09a9f98fd137d360da914ba40accc465","name","-ch2-"],"reg",["Object","position",["Object","x",490,"y",122]]]
2016-11-02T03:39:07.119Z - error: [gme:server:standalone:storage] Error: tried to insert existing hash - the two objects were NOT equal #efc9a0d533dd5b4b3bc23213515eaa63d601f4f4
2016-11-02T03:39:56.656Z - error: [gme:server:standalone:mongo] tried to insert existing hash - the two objects were NOT equal  newObject=["Object","__v","1.0.0","_id","#efc9a0d533dd5b4b3bc23213515eaa63d601f4f4","atr",["Object","_relguid","09a9f98fd137d360da914ba40accc465","name","-ch2-"],"ovr",["Object"],"reg",["Object","position",["Object","x",490,"y",122]]], oldObject=["Object","__v","1.0.0","_id","#efc9a0d533dd5b4b3bc23213515eaa63d601f4f4","atr",["Object","_relguid","09a9f98fd137d360da914ba40accc465","name","-ch2-"],"reg",["Object","position",["Object","x",490,"y",122]]]
2016-11-02T03:39:56.664Z - error: [gme:server:standalone:storage] Error: tried to insert existing hash - the two objects were NOT equal #efc9a0d533dd5b4b3bc23213515eaa63d601f4f4
2016-11-02T03:40:14.772Z - error: [gme:server:standalone:mongo] tried to insert existing hash - the two objects were NOT equal  newObject=["Object","__v","1.0.0","_id","#efc9a0d533dd5b4b3bc23213515eaa63d601f4f4","atr",["Object","_relguid","09a9f98fd137d360da914ba40accc465","name","-ch2-"],"ovr",["Object"],"reg",["Object","position",["Object","x",490,"y",122]]], oldObject=["Object","__v","1.0.0","_id","#efc9a0d533dd5b4b3bc23213515eaa63d601f4f4","atr",["Object","_relguid","09a9f98fd137d360da914ba40accc465","name","-ch2-"],"reg",["Object","position",["Object","x",490,"y",122]]]
2016-11-02T03:40:14.775Z - error: [gme:server:standalone:storage] Error: tried to insert existing hash - the two objects were NOT equal #efc9a0d533dd5b4b3bc23213515eaa63d601f4f4
2016-11-30T00:07:43.285Z - error: [gme:server:worker:simpleworker:pid_9616:WorkerFunctions:PluginManagerBase:plugin:MoleculeCodeGenerator] This is an error message.
2016-11-30T00:25:31.664Z - error: [gme:server:worker:simpleworker:pid_9616:WorkerFunctions:PluginManagerBase:plugin:MoleculeCodeGenerator] This is an error message.
2016-11-30T00:25:45.589Z - error: [gme:server:worker:simpleworker:pid_5688:WorkerFunctions:PluginManagerBase:plugin:MoleculeCodeGenerator] This is an error message.
2016-11-30T00:34:03.224Z - error: [gme:server:worker:simpleworker:pid_12548:WorkerFunctions:PluginManagerBase:plugin:MoleculeCodeGenerator] This is an error message.
2016-11-30T00:43:21.838Z - error: [gme:server:worker:simpleworker:pid_5644:WorkerFunctions:PluginManagerBase:plugin:MoleculeCodeGenerator] This is an error message.
2016-11-30T00:43:31.781Z - error: [gme:server:worker:simpleworker:pid_5644:WorkerFunctions:PluginManagerBase:plugin:MoleculeCodeGenerator] This is an error message.
2016-12-01T22:19:24.249Z - error: [gme:server:auth:gmeauth] Error: failed to connect to [127.0.0.1:27017]
2016-12-01T22:19:24.249Z - error: [gme:server:standalone] Error at server start Error: failed to connect to [127.0.0.1:27017]
    at null.<anonymous> (C:\Users\TengyuMa\Desktop\cs6388\classproject\node_modules\mongodb\lib\mongodb\connection\server.js:556:25)
    at emitThree (events.js:97:13)
    at emit (events.js:175:7)
    at null.<anonymous> (C:\Users\TengyuMa\Desktop\cs6388\classproject\node_modules\mongodb\lib\mongodb\connection\connection_pool.js:156:15)
    at emitTwo (events.js:87:13)
    at emit (events.js:172:7)
    at Socket.<anonymous> (C:\Users\TengyuMa\Desktop\cs6388\classproject\node_modules\mongodb\lib\mongodb\connection\connection.js:534:10)
    at emitOne (events.js:77:13)
    at Socket.emit (events.js:169:7)
    at emitErrorNT (net.js:1269:8)
2016-12-01T22:22:25.031Z - error: [gme:server:worker:simpleworker:pid_5780:WorkerFunctions:PluginManagerBase:plugin:MoleculeCodeGenerator] This is an error message.
2016-12-02T00:22:36.573Z - error: [gme:server:worker:simpleworker:pid_5780:WorkerFunctions:PluginManagerBase:plugin:MoleculeCodeGenerator] This is an error message.
2016-12-02T03:28:37.271Z - error: [gme:server:worker:simpleworker:pid_14180:WorkerFunctions:PluginManagerBase:plugin:MoleculeCodeGenerator] This is an error message.
2016-12-02T03:33:59.297Z - error: [gme:server:worker:simpleworker:pid_10624:WorkerFunctions:PluginManagerBase:plugin:MoleculeCodeGenerator] This is an error message.
2016-12-02T03:34:40.417Z - error: [gme:server:worker:simpleworker:pid_9372:WorkerFunctions:PluginManagerBase:plugin:MoleculeCodeGenerator] This is an error message.
2016-12-02T03:35:23.754Z - error: [gme:server:worker:simpleworker:pid_9372:WorkerFunctions:PluginManagerBase:plugin:MoleculeCodeGenerator] This is an error message.
2016-12-02T03:36:09.599Z - error: [gme:server:worker:simpleworker:pid_9372:WorkerFunctions:PluginManagerBase:plugin:MoleculeCodeGenerator] This is an error message.
2016-12-05T22:31:40.427Z - error: [gme:server:worker:simpleworker:pid_6512:WorkerFunctions:PluginManagerBase:plugin:MoleculeCodeGenerator] This is an error message.
2016-12-05T23:09:44.137Z - error: [gme:server:worker:simpleworker:pid_6184:WorkerFunctions:PluginManagerBase:plugin:MoleculeCodeGenerator] This is an error message.
2016-12-05T23:10:26.171Z - error: [gme:server:worker:simpleworker:pid_6184:WorkerFunctions:PluginManagerBase:plugin:MoleculeCodeGenerator] This is an error message.
2016-12-05T23:29:18.594Z - error: [gme:server:worker:simpleworker:pid_6184:WorkerFunctions:PluginManagerBase:plugin:MoleculeCodeGenerator] This is an error message.
2016-12-05T23:39:06.934Z - error: [gme:server:worker:simpleworker:pid_6184:WorkerFunctions:PluginManagerBase:plugin:MoleculeCodeGenerator] This is an error message.
2016-12-05T23:40:09.320Z - error: [gme:server:worker:simpleworker:pid_6184:WorkerFunctions:PluginManagerBase:plugin:MoleculeCodeGenerator] This is an error message.
2016-12-05T23:40:19.797Z - error: [gme:server:worker:simpleworker:pid_6184:WorkerFunctions:PluginManagerBase:plugin:MoleculeCodeGenerator] This is an error message.
2016-12-05T23:44:52.260Z - error: [gme:server:worker:simpleworker:pid_14924:WorkerFunctions:PluginManagerBase:plugin:MoleculeCodeGenerator] This is an error message.
2016-12-05T23:57:53.229Z - error: [gme:server:worker:simpleworker:pid_1428:WorkerFunctions:PluginManagerBase:plugin:MoleculeCodeGenerator] This is an error message.
2016-12-06T00:13:10.090Z - error: [gme:server:worker:simpleworker:pid_7228:WorkerFunctions:PluginManagerBase] Error: Evaluating C:\Users\TengyuMa\Desktop\cs6388\classproject\node_modules\webgme\src/..\..\..\src\plugins/MoleculeCodeGenerator/MoleculeCodeGenerator.js as module "plugin/MoleculeCodeGenerator/MoleculeCodeGenerator/MoleculeCodeGenerator" failed with error: SyntaxError: Unexpected string
    at Function.req.load (C:\Users\TengyuMa\Desktop\cs6388\classproject\node_modules\requirejs\bin\r.js:2549:23)
    at Object.context.load (C:\Users\TengyuMa\Desktop\cs6388\classproject\node_modules\requirejs\bin\r.js:1918:21)
    at Object.Module.load (C:\Users\TengyuMa\Desktop\cs6388\classproject\node_modules\requirejs\bin\r.js:1080:29)
    at Object.Module.fetch (C:\Users\TengyuMa\Desktop\cs6388\classproject\node_modules\requirejs\bin\r.js:1070:66)
    at Object.Module.check (C:\Users\TengyuMa\Desktop\cs6388\classproject\node_modules\requirejs\bin\r.js:1102:30)
    at Object.Module.enable (C:\Users\TengyuMa\Desktop\cs6388\classproject\node_modules\requirejs\bin\r.js:1416:22)
    at Object.context.enable (C:\Users\TengyuMa\Desktop\cs6388\classproject\node_modules\requirejs\bin\r.js:1789:39)
    at Object.<anonymous> (C:\Users\TengyuMa\Desktop\cs6388\classproject\node_modules\requirejs\bin\r.js:1401:33)
    at C:\Users\TengyuMa\Desktop\cs6388\classproject\node_modules\requirejs\bin\r.js:382:23
    at each (C:\Users\TengyuMa\Desktop\cs6388\classproject\node_modules\requirejs\bin\r.js:307:31)
2016-12-06T00:13:10.092Z - error: [gme:server:worker:simpleworker:pid_7228:WorkerFunctions] plugin [MoleculeCodeGenerator] failed with error Error: Evaluating C:\Users\TengyuMa\Desktop\cs6388\classproject\node_modules\webgme\src/..\..\..\src\plugins/MoleculeCodeGenerator/MoleculeCodeGenerator.js as module "plugin/MoleculeCodeGenerator/MoleculeCodeGenerator/MoleculeCodeGenerator" failed with error: SyntaxError: Unexpected string
    at finish (C:\Users\TengyuMa\Desktop\cs6388\classproject\node_modules\webgme\src\server\worker\workerrequests.js:129:56)
    at C:\Users\TengyuMa\Desktop\cs6388\classproject\node_modules\webgme\src\plugin\managerbase.js:85:21
    at _rejected (C:\Users\TengyuMa\Desktop\cs6388\classproject\node_modules\q\q.js:844:24)
    at C:\Users\TengyuMa\Desktop\cs6388\classproject\node_modules\q\q.js:870:30
    at Promise.when (C:\Users\TengyuMa\Desktop\cs6388\classproject\node_modules\q\q.js:1122:31)
    at Promise.promise.promiseDispatch (C:\Users\TengyuMa\Desktop\cs6388\classproject\node_modules\q\q.js:788:41)
    at C:\Users\TengyuMa\Desktop\cs6388\classproject\node_modules\q\q.js:604:44
    at runSingle (C:\Users\TengyuMa\Desktop\cs6388\classproject\node_modules\q\q.js:137:13)
    at flush (C:\Users\TengyuMa\Desktop\cs6388\classproject\node_modules\q\q.js:125:13)
    at nextTickCallbackWith0Args (node.js:420:9)
2016-12-06T00:14:59.998Z - error: [gme:server:worker:simpleworker:pid_14140:WorkerFunctions:PluginManagerBase:plugin:MoleculeCodeGenerator] This is an error message.
2016-12-06T00:15:05.921Z - error: [gme:server:worker:simpleworker:pid_14140:WorkerFunctions:PluginManagerBase:plugin:MoleculeCodeGenerator] Error: ENOENT: no such file or directory, open 'C:\Users\TengyuMa\Desktop\cs6388\classproject\src\plugins\MoleculeCodeGenerator\example\WoaWs\chosen.css'
    at Error (native)
    at Object.fs.openSync (fs.js:549:18)
    at Object.fs.readFileSync (fs.js:397:15)
    at C:\Users\TengyuMa\Desktop\cs6388\classproject\src\plugins\MoleculeCodeGenerator\MoleculeCodeGenerator.js:159:33
    at _fulfilled (C:\Users\TengyuMa\Desktop\cs6388\classproject\node_modules\q\q.js:834:54)
    at self.promiseDispatch.done (C:\Users\TengyuMa\Desktop\cs6388\classproject\node_modules\q\q.js:863:30)
    at Promise.promise.promiseDispatch (C:\Users\TengyuMa\Desktop\cs6388\classproject\node_modules\q\q.js:796:13)
    at C:\Users\TengyuMa\Desktop\cs6388\classproject\node_modules\q\q.js:604:44
    at runSingle (C:\Users\TengyuMa\Desktop\cs6388\classproject\node_modules\q\q.js:137:13)
    at flush (C:\Users\TengyuMa\Desktop\cs6388\classproject\node_modules\q\q.js:125:13)
2016-12-06T00:15:05.922Z - error: [gme:server:worker:simpleworker:pid_14140:WorkerFunctions] plugin [MoleculeCodeGenerator] failed with error Error: ENOENT: no such file or directory, open 'C:\Users\TengyuMa\Desktop\cs6388\classproject\src\plugins\MoleculeCodeGenerator\example\WoaWs\chosen.css'
    at Error (native)
    at Object.fs.openSync (fs.js:549:18)
    at Object.fs.readFileSync (fs.js:397:15)
    at C:\Users\TengyuMa\Desktop\cs6388\classproject\src\plugins\MoleculeCodeGenerator\MoleculeCodeGenerator.js:159:33
    at _fulfilled (C:\Users\TengyuMa\Desktop\cs6388\classproject\node_modules\q\q.js:834:54)
    at self.promiseDispatch.done (C:\Users\TengyuMa\Desktop\cs6388\classproject\node_modules\q\q.js:863:30)
    at Promise.promise.promiseDispatch (C:\Users\TengyuMa\Desktop\cs6388\classproject\node_modules\q\q.js:796:13)
    at C:\Users\TengyuMa\Desktop\cs6388\classproject\node_modules\q\q.js:604:44
    at runSingle (C:\Users\TengyuMa\Desktop\cs6388\classproject\node_modules\q\q.js:137:13)
    at flush (C:\Users\TengyuMa\Desktop\cs6388\classproject\node_modules\q\q.js:125:13)
2016-12-06T00:24:42.296Z - error: [gme:server:worker:simpleworker:pid_1148:WorkerFunctions:PluginManagerBase:plugin:MoleculeCodeGenerator] This is an error message.
2016-12-06T04:44:22.712Z - error: [gme:server:worker:simpleworker:pid_4412:WorkerFunctions:PluginManagerBase:plugin:MoleculeCodeGenerator] This is an error message.
2016-12-06T04:59:57.656Z - error: [gme:server:worker:simpleworker:pid_5496:WorkerFunctions:PluginManagerBase:plugin:MoleculeCodeGenerator] This is an error message.
2016-12-06T05:20:57.649Z - error: [gme:server:worker:simpleworker:pid_5496:WorkerFunctions:PluginManagerBase:plugin:MoleculeCodeGenerator] This is an error message.
2016-12-06T05:25:55.607Z - error: [gme:server:worker:simpleworker:pid_704:WorkerFunctions:PluginManagerBase:plugin:MoleculeCodeGenerator] This is an error message.
2016-12-06T05:43:11.993Z - error: [gme:server:worker:simpleworker:pid_14488:WorkerFunctions:PluginManagerBase:plugin:MoleculeCodeGenerator] This is an error message.
2016-12-06T06:10:18.577Z - error: [gme:server:worker:simpleworker:pid_828:WorkerFunctions:PluginManagerBase:plugin:MoleculeCodeGenerator] This is an error message.
2016-12-06T17:07:18.533Z - error: [gme:server:worker:simpleworker:pid_15092:WorkerFunctions:PluginManagerBase:plugin:MoleculeCodeGenerator] This is an error message.
2016-12-06T17:17:11.654Z - error: [gme:server:worker:simpleworker:pid_12528:WorkerFunctions:PluginManagerBase:plugin:MoleculeCodeGenerator] This is an error message.
2016-12-06T17:18:02.713Z - error: [gme:server:worker:simpleworker:pid_10652:WorkerFunctions:PluginManagerBase:plugin:MoleculeCodeGenerator] This is an error message.
2016-12-06T17:18:33.478Z - error: [gme:server:worker:simpleworker:pid_10652:WorkerFunctions:PluginManagerBase:plugin:MoleculeCodeGenerator] This is an error message.
2016-12-06T18:18:39.898Z - error: [gme:server:worker:simpleworker:pid_10652:WorkerFunctions:PluginManagerBase:plugin:MoleculeCodeGenerator] This is an error message.
2016-12-06T18:18:40.149Z - error: [gme:server:worker:simpleworker:pid_10652:WorkerFunctions:PluginManagerBase:plugin:MoleculeCodeGenerator] Error: Command failed: C:\Windows\system32\cmd.exe /s /c "E:\Users\TengyuMa\Anaconda3\envs\iModels\python.exe C:\Users\TengyuMa\Desktop\cs6388\classproject\src\plugins\MoleculeCodeGenerator\example\2VKfg\-CH3.py"
  File "C:\Users\TengyuMa\Desktop\cs6388\classproject\src\plugins\MoleculeCodeGenerator\example\2VKfg\-CH3.py", line 7
    class -CH3(mb.Compound):
          ^
SyntaxError: invalid syntax
 `E:\Users\TengyuMa\Anaconda3\envs\iModels\python.exe C:\Users\TengyuMa\Desktop\cs6388\classproject\src\plugins\MoleculeCodeGenerator\example\2VKfg\-CH3.py` (exited with error code 1)
    at ChildProcess.exithandler (child_process.js:213:12)
    at emitTwo (events.js:87:13)
    at ChildProcess.emit (events.js:172:7)
    at maybeClose (internal/child_process.js:829:16)
    at Socket.<anonymous> (internal/child_process.js:319:11)
    at emitOne (events.js:77:13)
    at Socket.emit (events.js:169:7)
    at Pipe._onclose (net.js:486:12)
2016-12-06T18:18:40.149Z - error: [gme:server:worker:simpleworker:pid_10652:WorkerFunctions] plugin [MoleculeCodeGenerator] failed with error Error: Command failed: C:\Windows\system32\cmd.exe /s /c "E:\Users\TengyuMa\Anaconda3\envs\iModels\python.exe C:\Users\TengyuMa\Desktop\cs6388\classproject\src\plugins\MoleculeCodeGenerator\example\2VKfg\-CH3.py"
  File "C:\Users\TengyuMa\Desktop\cs6388\classproject\src\plugins\MoleculeCodeGenerator\example\2VKfg\-CH3.py", line 7
    class -CH3(mb.Compound):
          ^
SyntaxError: invalid syntax
 `E:\Users\TengyuMa\Anaconda3\envs\iModels\python.exe C:\Users\TengyuMa\Desktop\cs6388\classproject\src\plugins\MoleculeCodeGenerator\example\2VKfg\-CH3.py` (exited with error code 1)
    at ChildProcess.exithandler (child_process.js:213:12)
    at emitTwo (events.js:87:13)
    at ChildProcess.emit (events.js:172:7)
    at maybeClose (internal/child_process.js:829:16)
    at Socket.<anonymous> (internal/child_process.js:319:11)
    at emitOne (events.js:77:13)
    at Socket.emit (events.js:169:7)
    at Pipe._onclose (net.js:486:12)
2016-12-06T18:27:06.911Z - error: [gme:server:worker:simpleworker:pid_9960:WorkerFunctions:PluginManagerBase:plugin:MoleculeCodeGenerator] This is an error message.
2016-12-06T18:27:07.229Z - error: [gme:server:worker:simpleworker:pid_9960:WorkerFunctions:PluginManagerBase:plugin:MoleculeCodeGenerator] Error: Command failed: C:\Windows\system32\cmd.exe /s /c "E:\Users\TengyuMa\Anaconda3\envs\iModels\python.exe C:\Users\TengyuMa\Desktop\cs6388\classproject\src\plugins\MoleculeCodeGenerator\example\4TVEC\-CH3.py"
  File "C:\Users\TengyuMa\Desktop\cs6388\classproject\src\plugins\MoleculeCodeGenerator\example\4TVEC\-CH3.py", line 7
    class -CH3(mb.Compound):
          ^
SyntaxError: invalid syntax
 `E:\Users\TengyuMa\Anaconda3\envs\iModels\python.exe C:\Users\TengyuMa\Desktop\cs6388\classproject\src\plugins\MoleculeCodeGenerator\example\4TVEC\-CH3.py` (exited with error code 1)
    at ChildProcess.exithandler (child_process.js:213:12)
    at emitTwo (events.js:87:13)
    at ChildProcess.emit (events.js:172:7)
    at maybeClose (internal/child_process.js:829:16)
    at Socket.<anonymous> (internal/child_process.js:319:11)
    at emitOne (events.js:77:13)
    at Socket.emit (events.js:169:7)
    at Pipe._onclose (net.js:486:12)
2016-12-06T18:27:07.231Z - error: [gme:server:worker:simpleworker:pid_9960:WorkerFunctions] plugin [MoleculeCodeGenerator] failed with error Error: Command failed: C:\Windows\system32\cmd.exe /s /c "E:\Users\TengyuMa\Anaconda3\envs\iModels\python.exe C:\Users\TengyuMa\Desktop\cs6388\classproject\src\plugins\MoleculeCodeGenerator\example\4TVEC\-CH3.py"
  File "C:\Users\TengyuMa\Desktop\cs6388\classproject\src\plugins\MoleculeCodeGenerator\example\4TVEC\-CH3.py", line 7
    class -CH3(mb.Compound):
          ^
SyntaxError: invalid syntax
 `E:\Users\TengyuMa\Anaconda3\envs\iModels\python.exe C:\Users\TengyuMa\Desktop\cs6388\classproject\src\plugins\MoleculeCodeGenerator\example\4TVEC\-CH3.py` (exited with error code 1)
    at ChildProcess.exithandler (child_process.js:213:12)
    at emitTwo (events.js:87:13)
    at ChildProcess.emit (events.js:172:7)
    at maybeClose (internal/child_process.js:829:16)
    at Socket.<anonymous> (internal/child_process.js:319:11)
    at emitOne (events.js:77:13)
    at Socket.emit (events.js:169:7)
    at Pipe._onclose (net.js:486:12)
2016-12-06T18:28:25.819Z - error: [gme:server:worker:simpleworker:pid_3524:WorkerFunctions:PluginManagerBase:plugin:MoleculeCodeGenerator] This is an error message.
2016-12-06T18:28:26.148Z - error: [gme:server:worker:simpleworker:pid_3524:WorkerFunctions:PluginManagerBase:plugin:MoleculeCodeGenerator] Error: Command failed: C:\Windows\system32\cmd.exe /s /c "E:\Users\TengyuMa\Anaconda3\envs\iModels\python.exe C:\Users\TengyuMa\Desktop\cs6388\classproject\src\plugins\MoleculeCodeGenerator\example\OQocP\-CH3.py"
  File "C:\Users\TengyuMa\Desktop\cs6388\classproject\src\plugins\MoleculeCodeGenerator\example\OQocP\-CH3.py", line 11
    mb.load('ch3.pdb', compound=self, relative_to_module=self.__module__)
    ^
IndentationError: unexpected indent
 `E:\Users\TengyuMa\Anaconda3\envs\iModels\python.exe C:\Users\TengyuMa\Desktop\cs6388\classproject\src\plugins\MoleculeCodeGenerator\example\OQocP\-CH3.py` (exited with error code 1)
    at ChildProcess.exithandler (child_process.js:213:12)
    at emitTwo (events.js:87:13)
    at ChildProcess.emit (events.js:172:7)
    at maybeClose (internal/child_process.js:829:16)
    at Socket.<anonymous> (internal/child_process.js:319:11)
    at emitOne (events.js:77:13)
    at Socket.emit (events.js:169:7)
    at Pipe._onclose (net.js:486:12)
2016-12-06T18:28:26.150Z - error: [gme:server:worker:simpleworker:pid_3524:WorkerFunctions] plugin [MoleculeCodeGenerator] failed with error Error: Command failed: C:\Windows\system32\cmd.exe /s /c "E:\Users\TengyuMa\Anaconda3\envs\iModels\python.exe C:\Users\TengyuMa\Desktop\cs6388\classproject\src\plugins\MoleculeCodeGenerator\example\OQocP\-CH3.py"
  File "C:\Users\TengyuMa\Desktop\cs6388\classproject\src\plugins\MoleculeCodeGenerator\example\OQocP\-CH3.py", line 11
    mb.load('ch3.pdb', compound=self, relative_to_module=self.__module__)
    ^
IndentationError: unexpected indent
 `E:\Users\TengyuMa\Anaconda3\envs\iModels\python.exe C:\Users\TengyuMa\Desktop\cs6388\classproject\src\plugins\MoleculeCodeGenerator\example\OQocP\-CH3.py` (exited with error code 1)
    at ChildProcess.exithandler (child_process.js:213:12)
    at emitTwo (events.js:87:13)
    at ChildProcess.emit (events.js:172:7)
    at maybeClose (internal/child_process.js:829:16)
    at Socket.<anonymous> (internal/child_process.js:319:11)
    at emitOne (events.js:77:13)
    at Socket.emit (events.js:169:7)
    at Pipe._onclose (net.js:486:12)
2016-12-06T18:33:34.624Z - error: [gme:server:worker:simpleworker:pid_12468:WorkerFunctions:PluginManagerBase:plugin:MoleculeCodeGenerator] This is an error message.
2016-12-06T18:33:34.954Z - error: [gme:server:worker:simpleworker:pid_12468:WorkerFunctions:PluginManagerBase:plugin:MoleculeCodeGenerator] Error: Command failed: C:\Windows\system32\cmd.exe /s /c "E:\Users\TengyuMa\Anaconda3\envs\iModels\python.exe C:\Users\TengyuMa\Desktop\cs6388\classproject\src\plugins\MoleculeCodeGenerator\example\jQ3RI\-CH3.py"
  File "C:\Users\TengyuMa\Desktop\cs6388\classproject\src\plugins\MoleculeCodeGenerator\example\jQ3RI\-CH3.py", line 11
    mb.load('ch3.pdb', compound=self, relative_to_module=self.__module__)
    ^
IndentationError: unexpected indent
 `E:\Users\TengyuMa\Anaconda3\envs\iModels\python.exe C:\Users\TengyuMa\Desktop\cs6388\classproject\src\plugins\MoleculeCodeGenerator\example\jQ3RI\-CH3.py` (exited with error code 1)
    at ChildProcess.exithandler (child_process.js:213:12)
    at emitTwo (events.js:87:13)
    at ChildProcess.emit (events.js:172:7)
    at maybeClose (internal/child_process.js:829:16)
    at Socket.<anonymous> (internal/child_process.js:319:11)
    at emitOne (events.js:77:13)
    at Socket.emit (events.js:169:7)
    at Pipe._onclose (net.js:486:12)
2016-12-06T18:33:34.956Z - error: [gme:server:worker:simpleworker:pid_12468:WorkerFunctions] plugin [MoleculeCodeGenerator] failed with error Error: Command failed: C:\Windows\system32\cmd.exe /s /c "E:\Users\TengyuMa\Anaconda3\envs\iModels\python.exe C:\Users\TengyuMa\Desktop\cs6388\classproject\src\plugins\MoleculeCodeGenerator\example\jQ3RI\-CH3.py"
  File "C:\Users\TengyuMa\Desktop\cs6388\classproject\src\plugins\MoleculeCodeGenerator\example\jQ3RI\-CH3.py", line 11
    mb.load('ch3.pdb', compound=self, relative_to_module=self.__module__)
    ^
IndentationError: unexpected indent
 `E:\Users\TengyuMa\Anaconda3\envs\iModels\python.exe C:\Users\TengyuMa\Desktop\cs6388\classproject\src\plugins\MoleculeCodeGenerator\example\jQ3RI\-CH3.py` (exited with error code 1)
    at ChildProcess.exithandler (child_process.js:213:12)
    at emitTwo (events.js:87:13)
    at ChildProcess.emit (events.js:172:7)
    at maybeClose (internal/child_process.js:829:16)
    at Socket.<anonymous> (internal/child_process.js:319:11)
    at emitOne (events.js:77:13)
    at Socket.emit (events.js:169:7)
    at Pipe._onclose (net.js:486:12)
2016-12-06T18:37:02.810Z - error: [gme:server:worker:simpleworker:pid_12484:WorkerFunctions:PluginManagerBase:plugin:MoleculeCodeGenerator] This is an error message.
2016-12-06T18:37:05.560Z - error: [gme:server:worker:simpleworker:pid_12484:WorkerFunctions:PluginManagerBase:plugin:MoleculeCodeGenerator] Error: Command failed: C:\Windows\system32\cmd.exe /s /c "E:\Users\TengyuMa\Anaconda3\envs\iModels\python.exe C:\Users\TengyuMa\Desktop\cs6388\classproject\src\plugins\MoleculeCodeGenerator\example\h2KlB\-CH3.py"
Traceback (most recent call last):
  File "C:\Users\TengyuMa\Desktop\cs6388\classproject\src\plugins\MoleculeCodeGenerator\example\h2KlB\-CH3.py", line 18, in <module>
    m = CH3()
  File "C:\Users\TengyuMa\Desktop\cs6388\classproject\src\plugins\MoleculeCodeGenerator\example\h2KlB\-CH3.py", line 11, in __init__
    mb.load('ch3.pdb', compound=self, relative_to_module=self.__module__)
  File "e:\users\tengyuma\imodels\mbuild\mbuild\compound.py", line 58, in load
    traj = md.load(filename, **kwargs)
  File "E:\Users\TengyuMa\Anaconda3\envs\iModels\lib\site-packages\mdtraj\core\trajectory.py", line 417, in load
    _assert_files_exist(filename_or_filenames)
  File "E:\Users\TengyuMa\Anaconda3\envs\iModels\lib\site-packages\mdtraj\core\trajectory.py", line 96, in _assert_files_exist
    raise IOError('No such file: %s' % fn)
OSError: No such file: C:\Users\TengyuMa\Desktop\cs6388\classproject\src\plugins\MoleculeCodeGenerator\example\h2KlB\ch3.pdb
 `E:\Users\TengyuMa\Anaconda3\envs\iModels\python.exe C:\Users\TengyuMa\Desktop\cs6388\classproject\src\plugins\MoleculeCodeGenerator\example\h2KlB\-CH3.py` (exited with error code 1)
    at ChildProcess.exithandler (child_process.js:213:12)
    at emitTwo (events.js:87:13)
    at ChildProcess.emit (events.js:172:7)
    at maybeClose (internal/child_process.js:829:16)
    at Socket.<anonymous> (internal/child_process.js:319:11)
    at emitOne (events.js:77:13)
    at Socket.emit (events.js:169:7)
    at Pipe._onclose (net.js:486:12)
2016-12-06T18:37:05.563Z - error: [gme:server:worker:simpleworker:pid_12484:WorkerFunctions] plugin [MoleculeCodeGenerator] failed with error Error: Command failed: C:\Windows\system32\cmd.exe /s /c "E:\Users\TengyuMa\Anaconda3\envs\iModels\python.exe C:\Users\TengyuMa\Desktop\cs6388\classproject\src\plugins\MoleculeCodeGenerator\example\h2KlB\-CH3.py"
Traceback (most recent call last):
  File "C:\Users\TengyuMa\Desktop\cs6388\classproject\src\plugins\MoleculeCodeGenerator\example\h2KlB\-CH3.py", line 18, in <module>
    m = CH3()
  File "C:\Users\TengyuMa\Desktop\cs6388\classproject\src\plugins\MoleculeCodeGenerator\example\h2KlB\-CH3.py", line 11, in __init__
    mb.load('ch3.pdb', compound=self, relative_to_module=self.__module__)
  File "e:\users\tengyuma\imodels\mbuild\mbuild\compound.py", line 58, in load
    traj = md.load(filename, **kwargs)
  File "E:\Users\TengyuMa\Anaconda3\envs\iModels\lib\site-packages\mdtraj\core\trajectory.py", line 417, in load
    _assert_files_exist(filename_or_filenames)
  File "E:\Users\TengyuMa\Anaconda3\envs\iModels\lib\site-packages\mdtraj\core\trajectory.py", line 96, in _assert_files_exist
    raise IOError('No such file: %s' % fn)
OSError: No such file: C:\Users\TengyuMa\Desktop\cs6388\classproject\src\plugins\MoleculeCodeGenerator\example\h2KlB\ch3.pdb
 `E:\Users\TengyuMa\Anaconda3\envs\iModels\python.exe C:\Users\TengyuMa\Desktop\cs6388\classproject\src\plugins\MoleculeCodeGenerator\example\h2KlB\-CH3.py` (exited with error code 1)
    at ChildProcess.exithandler (child_process.js:213:12)
    at emitTwo (events.js:87:13)
    at ChildProcess.emit (events.js:172:7)
    at maybeClose (internal/child_process.js:829:16)
    at Socket.<anonymous> (internal/child_process.js:319:11)
    at emitOne (events.js:77:13)
    at Socket.emit (events.js:169:7)
    at Pipe._onclose (net.js:486:12)
2016-12-06T18:40:28.126Z - error: [gme:server:worker:simpleworker:pid_4176:WorkerFunctions:PluginManagerBase:plugin:MoleculeCodeGenerator] This is an error message.
2016-12-06T18:52:10.790Z - error: [gme:server:worker:simpleworker:pid_11320:WorkerFunctions:PluginManagerBase:plugin:MoleculeCodeGenerator] This is an error message.
2016-12-06T18:52:12.796Z - error: [gme:server:worker:simpleworker:pid_11320:WorkerFunctions:PluginManagerBase:plugin:MoleculeCodeGenerator] Error: Command failed: C:\Windows\system32\cmd.exe /s /c "E:\Users\TengyuMa\Anaconda3\envs\iModels\python.exe C:\Users\TengyuMa\Desktop\cs6388\classproject\src\plugins\MoleculeCodeGenerator\example\tBIe8\-CH3.py"
Traceback (most recent call last):
  File "C:\Users\TengyuMa\Desktop\cs6388\classproject\src\plugins\MoleculeCodeGenerator\example\tBIe8\-CH3.py", line 19, in <module>
    m = CH3()
  File "C:\Users\TengyuMa\Desktop\cs6388\classproject\src\plugins\MoleculeCodeGenerator\example\tBIe8\-CH3.py", line 11, in __init__
    mb.load('ch3.pdb', compound=self, relative_to_module=self.__module__)
  File "e:\users\tengyuma\imodels\mbuild\mbuild\compound.py", line 58, in load
    traj = md.load(filename, **kwargs)
  File "E:\Users\TengyuMa\Anaconda3\envs\iModels\lib\site-packages\mdtraj\core\trajectory.py", line 417, in load
    _assert_files_exist(filename_or_filenames)
  File "E:\Users\TengyuMa\Anaconda3\envs\iModels\lib\site-packages\mdtraj\core\trajectory.py", line 96, in _assert_files_exist
    raise IOError('No such file: %s' % fn)
OSError: No such file: C:\Users\TengyuMa\Desktop\cs6388\classproject\src\plugins\MoleculeCodeGenerator\example\tBIe8\ch3.pdb
 `E:\Users\TengyuMa\Anaconda3\envs\iModels\python.exe C:\Users\TengyuMa\Desktop\cs6388\classproject\src\plugins\MoleculeCodeGenerator\example\tBIe8\-CH3.py` (exited with error code 1)
    at ChildProcess.exithandler (child_process.js:213:12)
    at emitTwo (events.js:87:13)
    at ChildProcess.emit (events.js:172:7)
    at maybeClose (internal/child_process.js:829:16)
    at Socket.<anonymous> (internal/child_process.js:319:11)
    at emitOne (events.js:77:13)
    at Socket.emit (events.js:169:7)
    at Pipe._onclose (net.js:486:12)
2016-12-06T18:52:12.798Z - error: [gme:server:worker:simpleworker:pid_11320:WorkerFunctions] plugin [MoleculeCodeGenerator] failed with error Error: Command failed: C:\Windows\system32\cmd.exe /s /c "E:\Users\TengyuMa\Anaconda3\envs\iModels\python.exe C:\Users\TengyuMa\Desktop\cs6388\classproject\src\plugins\MoleculeCodeGenerator\example\tBIe8\-CH3.py"
Traceback (most recent call last):
  File "C:\Users\TengyuMa\Desktop\cs6388\classproject\src\plugins\MoleculeCodeGenerator\example\tBIe8\-CH3.py", line 19, in <module>
    m = CH3()
  File "C:\Users\TengyuMa\Desktop\cs6388\classproject\src\plugins\MoleculeCodeGenerator\example\tBIe8\-CH3.py", line 11, in __init__
    mb.load('ch3.pdb', compound=self, relative_to_module=self.__module__)
  File "e:\users\tengyuma\imodels\mbuild\mbuild\compound.py", line 58, in load
    traj = md.load(filename, **kwargs)
  File "E:\Users\TengyuMa\Anaconda3\envs\iModels\lib\site-packages\mdtraj\core\trajectory.py", line 417, in load
    _assert_files_exist(filename_or_filenames)
  File "E:\Users\TengyuMa\Anaconda3\envs\iModels\lib\site-packages\mdtraj\core\trajectory.py", line 96, in _assert_files_exist
    raise IOError('No such file: %s' % fn)
OSError: No such file: C:\Users\TengyuMa\Desktop\cs6388\classproject\src\plugins\MoleculeCodeGenerator\example\tBIe8\ch3.pdb
 `E:\Users\TengyuMa\Anaconda3\envs\iModels\python.exe C:\Users\TengyuMa\Desktop\cs6388\classproject\src\plugins\MoleculeCodeGenerator\example\tBIe8\-CH3.py` (exited with error code 1)
    at ChildProcess.exithandler (child_process.js:213:12)
    at emitTwo (events.js:87:13)
    at ChildProcess.emit (events.js:172:7)
    at maybeClose (internal/child_process.js:829:16)
    at Socket.<anonymous> (internal/child_process.js:319:11)
    at emitOne (events.js:77:13)
    at Socket.emit (events.js:169:7)
    at Pipe._onclose (net.js:486:12)
2016-12-06T18:57:25.743Z - error: [gme:server:worker:simpleworker:pid_14328:WorkerFunctions:PluginManagerBase:plugin:MoleculeCodeGenerator] This is an error message.
2016-12-06T18:57:27.717Z - error: [gme:server:worker:simpleworker:pid_14328:WorkerFunctions:PluginManagerBase:plugin:MoleculeCodeGenerator] Error: Command failed: C:\Windows\system32\cmd.exe /s /c "E:\Users\TengyuMa\Anaconda3\envs\iModels\python.exe C:\Users\TengyuMa\Desktop\cs6388\classproject\src\plugins\MoleculeCodeGenerator\example\te8V7\-CH3.py"
Traceback (most recent call last):
  File "C:\Users\TengyuMa\Desktop\cs6388\classproject\src\plugins\MoleculeCodeGenerator\example\te8V7\-CH3.py", line 19, in <module>
    m = CH3()
  File "C:\Users\TengyuMa\Desktop\cs6388\classproject\src\plugins\MoleculeCodeGenerator\example\te8V7\-CH3.py", line 11, in __init__
    mb.load('ch3.pdb', compound=self, relative_to_module=self.__module__)
  File "e:\users\tengyuma\imodels\mbuild\mbuild\compound.py", line 58, in load
    traj = md.load(filename, **kwargs)
  File "E:\Users\TengyuMa\Anaconda3\envs\iModels\lib\site-packages\mdtraj\core\trajectory.py", line 417, in load
    _assert_files_exist(filename_or_filenames)
  File "E:\Users\TengyuMa\Anaconda3\envs\iModels\lib\site-packages\mdtraj\core\trajectory.py", line 96, in _assert_files_exist
    raise IOError('No such file: %s' % fn)
OSError: No such file: C:\Users\TengyuMa\Desktop\cs6388\classproject\src\plugins\MoleculeCodeGenerator\example\te8V7\ch3.pdb
 `E:\Users\TengyuMa\Anaconda3\envs\iModels\python.exe C:\Users\TengyuMa\Desktop\cs6388\classproject\src\plugins\MoleculeCodeGenerator\example\te8V7\-CH3.py` (exited with error code 1)
    at ChildProcess.exithandler (child_process.js:213:12)
    at emitTwo (events.js:87:13)
    at ChildProcess.emit (events.js:172:7)
    at maybeClose (internal/child_process.js:829:16)
    at Socket.<anonymous> (internal/child_process.js:319:11)
    at emitOne (events.js:77:13)
    at Socket.emit (events.js:169:7)
    at Pipe._onclose (net.js:486:12)
2016-12-06T18:57:27.719Z - error: [gme:server:worker:simpleworker:pid_14328:WorkerFunctions] plugin [MoleculeCodeGenerator] failed with error Error: Command failed: C:\Windows\system32\cmd.exe /s /c "E:\Users\TengyuMa\Anaconda3\envs\iModels\python.exe C:\Users\TengyuMa\Desktop\cs6388\classproject\src\plugins\MoleculeCodeGenerator\example\te8V7\-CH3.py"
Traceback (most recent call last):
  File "C:\Users\TengyuMa\Desktop\cs6388\classproject\src\plugins\MoleculeCodeGenerator\example\te8V7\-CH3.py", line 19, in <module>
    m = CH3()
  File "C:\Users\TengyuMa\Desktop\cs6388\classproject\src\plugins\MoleculeCodeGenerator\example\te8V7\-CH3.py", line 11, in __init__
    mb.load('ch3.pdb', compound=self, relative_to_module=self.__module__)
  File "e:\users\tengyuma\imodels\mbuild\mbuild\compound.py", line 58, in load
    traj = md.load(filename, **kwargs)
  File "E:\Users\TengyuMa\Anaconda3\envs\iModels\lib\site-packages\mdtraj\core\trajectory.py", line 417, in load
    _assert_files_exist(filename_or_filenames)
  File "E:\Users\TengyuMa\Anaconda3\envs\iModels\lib\site-packages\mdtraj\core\trajectory.py", line 96, in _assert_files_exist
    raise IOError('No such file: %s' % fn)
OSError: No such file: C:\Users\TengyuMa\Desktop\cs6388\classproject\src\plugins\MoleculeCodeGenerator\example\te8V7\ch3.pdb
 `E:\Users\TengyuMa\Anaconda3\envs\iModels\python.exe C:\Users\TengyuMa\Desktop\cs6388\classproject\src\plugins\MoleculeCodeGenerator\example\te8V7\-CH3.py` (exited with error code 1)
    at ChildProcess.exithandler (child_process.js:213:12)
    at emitTwo (events.js:87:13)
    at ChildProcess.emit (events.js:172:7)
    at maybeClose (internal/child_process.js:829:16)
    at Socket.<anonymous> (internal/child_process.js:319:11)
    at emitOne (events.js:77:13)
    at Socket.emit (events.js:169:7)
    at Pipe._onclose (net.js:486:12)
2016-12-06T19:04:20.693Z - error: [gme:server:worker:simpleworker:pid_14760:WorkerFunctions:PluginManagerBase:plugin:MoleculeCodeGenerator] This is an error message.
2016-12-06T19:04:22.671Z - error: [gme:server:worker:simpleworker:pid_14760:WorkerFunctions:PluginManagerBase:plugin:MoleculeCodeGenerator] Error: Command failed: C:\Windows\system32\cmd.exe /s /c "E:\Users\TengyuMa\Anaconda3\envs\iModels\python.exe C:\Users\TengyuMa\Desktop\cs6388\classproject\src\plugins\MoleculeCodeGenerator\example\orj3A\-CH3.py"
Traceback (most recent call last):
  File "C:\Users\TengyuMa\Desktop\cs6388\classproject\src\plugins\MoleculeCodeGenerator\example\orj3A\-CH3.py", line 20, in <module>
    m = CH3()
  File "C:\Users\TengyuMa\Desktop\cs6388\classproject\src\plugins\MoleculeCodeGenerator\example\orj3A\-CH3.py", line 12, in __init__
    mb.load(ch3_pdb, compound=self, relative_to_module=self.__module__)
NameError: name 'ch3_pdb' is not defined
 `E:\Users\TengyuMa\Anaconda3\envs\iModels\python.exe C:\Users\TengyuMa\Desktop\cs6388\classproject\src\plugins\MoleculeCodeGenerator\example\orj3A\-CH3.py` (exited with error code 1)
    at ChildProcess.exithandler (child_process.js:213:12)
    at emitTwo (events.js:87:13)
    at ChildProcess.emit (events.js:172:7)
    at maybeClose (internal/child_process.js:829:16)
    at Socket.<anonymous> (internal/child_process.js:319:11)
    at emitOne (events.js:77:13)
    at Socket.emit (events.js:169:7)
    at Pipe._onclose (net.js:486:12)
2016-12-06T19:04:22.673Z - error: [gme:server:worker:simpleworker:pid_14760:WorkerFunctions] plugin [MoleculeCodeGenerator] failed with error Error: Command failed: C:\Windows\system32\cmd.exe /s /c "E:\Users\TengyuMa\Anaconda3\envs\iModels\python.exe C:\Users\TengyuMa\Desktop\cs6388\classproject\src\plugins\MoleculeCodeGenerator\example\orj3A\-CH3.py"
Traceback (most recent call last):
  File "C:\Users\TengyuMa\Desktop\cs6388\classproject\src\plugins\MoleculeCodeGenerator\example\orj3A\-CH3.py", line 20, in <module>
    m = CH3()
  File "C:\Users\TengyuMa\Desktop\cs6388\classproject\src\plugins\MoleculeCodeGenerator\example\orj3A\-CH3.py", line 12, in __init__
    mb.load(ch3_pdb, compound=self, relative_to_module=self.__module__)
NameError: name 'ch3_pdb' is not defined
 `E:\Users\TengyuMa\Anaconda3\envs\iModels\python.exe C:\Users\TengyuMa\Desktop\cs6388\classproject\src\plugins\MoleculeCodeGenerator\example\orj3A\-CH3.py` (exited with error code 1)
    at ChildProcess.exithandler (child_process.js:213:12)
    at emitTwo (events.js:87:13)
    at ChildProcess.emit (events.js:172:7)
    at maybeClose (internal/child_process.js:829:16)
    at Socket.<anonymous> (internal/child_process.js:319:11)
    at emitOne (events.js:77:13)
    at Socket.emit (events.js:169:7)
    at Pipe._onclose (net.js:486:12)
2016-12-06T19:05:01.407Z - error: [gme:server:worker:simpleworker:pid_7696:WorkerFunctions:PluginManagerBase:plugin:MoleculeCodeGenerator] This is an error message.
2016-12-06T19:05:01.673Z - error: [gme:server:worker:simpleworker:pid_7696:WorkerFunctions:PluginManagerBase:plugin:MoleculeCodeGenerator] Error: Command failed: C:\Windows\system32\cmd.exe /s /c "E:\Users\TengyuMa\Anaconda3\envs\iModels\python.exe C:\Users\TengyuMa\Desktop\cs6388\classproject\src\plugins\MoleculeCodeGenerator\example\Z0lhB\-CH3.py"
  File "C:\Users\TengyuMa\Desktop\cs6388\classproject\src\plugins\MoleculeCodeGenerator\example\Z0lhB\-CH3.py", line 12
    mb.load(C:\Users\TengyuMa\Desktop\cs6388\classproject\src\plugins\MoleculeCodeGenerator\Templateslib\ch3.pdb, compound=self, relative_to_module=self.__module__)
             ^
SyntaxError: invalid syntax
 `E:\Users\TengyuMa\Anaconda3\envs\iModels\python.exe C:\Users\TengyuMa\Desktop\cs6388\classproject\src\plugins\MoleculeCodeGenerator\example\Z0lhB\-CH3.py` (exited with error code 1)
    at ChildProcess.exithandler (child_process.js:213:12)
    at emitTwo (events.js:87:13)
    at ChildProcess.emit (events.js:172:7)
    at maybeClose (internal/child_process.js:829:16)
    at Socket.<anonymous> (internal/child_process.js:319:11)
    at emitOne (events.js:77:13)
    at Socket.emit (events.js:169:7)
    at Pipe._onclose (net.js:486:12)
2016-12-06T19:05:01.674Z - error: [gme:server:worker:simpleworker:pid_7696:WorkerFunctions] plugin [MoleculeCodeGenerator] failed with error Error: Command failed: C:\Windows\system32\cmd.exe /s /c "E:\Users\TengyuMa\Anaconda3\envs\iModels\python.exe C:\Users\TengyuMa\Desktop\cs6388\classproject\src\plugins\MoleculeCodeGenerator\example\Z0lhB\-CH3.py"
  File "C:\Users\TengyuMa\Desktop\cs6388\classproject\src\plugins\MoleculeCodeGenerator\example\Z0lhB\-CH3.py", line 12
    mb.load(C:\Users\TengyuMa\Desktop\cs6388\classproject\src\plugins\MoleculeCodeGenerator\Templateslib\ch3.pdb, compound=self, relative_to_module=self.__module__)
             ^
SyntaxError: invalid syntax
 `E:\Users\TengyuMa\Anaconda3\envs\iModels\python.exe C:\Users\TengyuMa\Desktop\cs6388\classproject\src\plugins\MoleculeCodeGenerator\example\Z0lhB\-CH3.py` (exited with error code 1)
    at ChildProcess.exithandler (child_process.js:213:12)
    at emitTwo (events.js:87:13)
    at ChildProcess.emit (events.js:172:7)
    at maybeClose (internal/child_process.js:829:16)
    at Socket.<anonymous> (internal/child_process.js:319:11)
    at emitOne (events.js:77:13)
    at Socket.emit (events.js:169:7)
    at Pipe._onclose (net.js:486:12)
2016-12-06T19:05:30.908Z - error: [gme:server:worker:simpleworker:pid_15076:WorkerFunctions:PluginManagerBase:plugin:MoleculeCodeGenerator] This is an error message.
2016-12-06T19:05:31.165Z - error: [gme:server:worker:simpleworker:pid_15076:WorkerFunctions:PluginManagerBase:plugin:MoleculeCodeGenerator] Error: Command failed: C:\Windows\system32\cmd.exe /s /c "E:\Users\TengyuMa\Anaconda3\envs\iModels\python.exe C:\Users\TengyuMa\Desktop\cs6388\classproject\src\plugins\MoleculeCodeGenerator\example\zEeSr\-CH3.py"
  File "C:\Users\TengyuMa\Desktop\cs6388\classproject\src\plugins\MoleculeCodeGenerator\example\zEeSr\-CH3.py", line 12
    mb.load(C:\Users\TengyuMa\Desktop\cs6388\classproject\src\plugins\MoleculeCodeGenerator\Templates\lib\ch3.pdb, compound=self, relative_to_module=self.__module__)
             ^
SyntaxError: invalid syntax
 `E:\Users\TengyuMa\Anaconda3\envs\iModels\python.exe C:\Users\TengyuMa\Desktop\cs6388\classproject\src\plugins\MoleculeCodeGenerator\example\zEeSr\-CH3.py` (exited with error code 1)
    at ChildProcess.exithandler (child_process.js:213:12)
    at emitTwo (events.js:87:13)
    at ChildProcess.emit (events.js:172:7)
    at maybeClose (internal/child_process.js:829:16)
    at Socket.<anonymous> (internal/child_process.js:319:11)
    at emitOne (events.js:77:13)
    at Socket.emit (events.js:169:7)
    at Pipe._onclose (net.js:486:12)
2016-12-06T19:05:31.166Z - error: [gme:server:worker:simpleworker:pid_15076:WorkerFunctions] plugin [MoleculeCodeGenerator] failed with error Error: Command failed: C:\Windows\system32\cmd.exe /s /c "E:\Users\TengyuMa\Anaconda3\envs\iModels\python.exe C:\Users\TengyuMa\Desktop\cs6388\classproject\src\plugins\MoleculeCodeGenerator\example\zEeSr\-CH3.py"
  File "C:\Users\TengyuMa\Desktop\cs6388\classproject\src\plugins\MoleculeCodeGenerator\example\zEeSr\-CH3.py", line 12
    mb.load(C:\Users\TengyuMa\Desktop\cs6388\classproject\src\plugins\MoleculeCodeGenerator\Templates\lib\ch3.pdb, compound=self, relative_to_module=self.__module__)
             ^
SyntaxError: invalid syntax
 `E:\Users\TengyuMa\Anaconda3\envs\iModels\python.exe C:\Users\TengyuMa\Desktop\cs6388\classproject\src\plugins\MoleculeCodeGenerator\example\zEeSr\-CH3.py` (exited with error code 1)
    at ChildProcess.exithandler (child_process.js:213:12)
    at emitTwo (events.js:87:13)
    at ChildProcess.emit (events.js:172:7)
    at maybeClose (internal/child_process.js:829:16)
    at Socket.<anonymous> (internal/child_process.js:319:11)
    at emitOne (events.js:77:13)
    at Socket.emit (events.js:169:7)
    at Pipe._onclose (net.js:486:12)
2016-12-06T19:08:08.581Z - error: [gme:server:worker:simpleworker:pid_15160:WorkerFunctions:PluginManagerBase:plugin:MoleculeCodeGenerator] This is an error message.
2016-12-06T19:08:08.842Z - error: [gme:server:worker:simpleworker:pid_15160:WorkerFunctions:PluginManagerBase:plugin:MoleculeCodeGenerator] Error: Command failed: C:\Windows\system32\cmd.exe /s /c "E:\Users\TengyuMa\Anaconda3\envs\iModels\python.exe C:\Users\TengyuMa\Desktop\cs6388\classproject\src\plugins\MoleculeCodeGenerator\example\mLkAB\-CH3.py"
  File "C:\Users\TengyuMa\Desktop\cs6388\classproject\src\plugins\MoleculeCodeGenerator\example\mLkAB\-CH3.py", line 12
    mb.load('C:\Users\TengyuMa\Desktop\cs6388\classproject\src\plugins\MoleculeCodeGenerator\Templates\lib\ch3.pdb', compound=self, relative_to_module=self.__module__)
                   ^
SyntaxError: (unicode error) 'unicodeescape' codec can't decode bytes in position 2-3: truncated \UXXXXXXXX escape
 `E:\Users\TengyuMa\Anaconda3\envs\iModels\python.exe C:\Users\TengyuMa\Desktop\cs6388\classproject\src\plugins\MoleculeCodeGenerator\example\mLkAB\-CH3.py` (exited with error code 1)
    at ChildProcess.exithandler (child_process.js:213:12)
    at emitTwo (events.js:87:13)
    at ChildProcess.emit (events.js:172:7)
    at maybeClose (internal/child_process.js:829:16)
    at Socket.<anonymous> (internal/child_process.js:319:11)
    at emitOne (events.js:77:13)
    at Socket.emit (events.js:169:7)
    at Pipe._onclose (net.js:486:12)
2016-12-06T19:08:08.844Z - error: [gme:server:worker:simpleworker:pid_15160:WorkerFunctions] plugin [MoleculeCodeGenerator] failed with error Error: Command failed: C:\Windows\system32\cmd.exe /s /c "E:\Users\TengyuMa\Anaconda3\envs\iModels\python.exe C:\Users\TengyuMa\Desktop\cs6388\classproject\src\plugins\MoleculeCodeGenerator\example\mLkAB\-CH3.py"
  File "C:\Users\TengyuMa\Desktop\cs6388\classproject\src\plugins\MoleculeCodeGenerator\example\mLkAB\-CH3.py", line 12
    mb.load('C:\Users\TengyuMa\Desktop\cs6388\classproject\src\plugins\MoleculeCodeGenerator\Templates\lib\ch3.pdb', compound=self, relative_to_module=self.__module__)
                   ^
SyntaxError: (unicode error) 'unicodeescape' codec can't decode bytes in position 2-3: truncated \UXXXXXXXX escape
 `E:\Users\TengyuMa\Anaconda3\envs\iModels\python.exe C:\Users\TengyuMa\Desktop\cs6388\classproject\src\plugins\MoleculeCodeGenerator\example\mLkAB\-CH3.py` (exited with error code 1)
    at ChildProcess.exithandler (child_process.js:213:12)
    at emitTwo (events.js:87:13)
    at ChildProcess.emit (events.js:172:7)
    at maybeClose (internal/child_process.js:829:16)
    at Socket.<anonymous> (internal/child_process.js:319:11)
    at emitOne (events.js:77:13)
    at Socket.emit (events.js:169:7)
    at Pipe._onclose (net.js:486:12)
2016-12-06T19:10:11.078Z - error: [gme:server:worker:simpleworker:pid_11720:WorkerFunctions:PluginManagerBase:plugin:MoleculeCodeGenerator] This is an error message.
2016-12-06T19:10:13.330Z - error: [gme:server:worker:simpleworker:pid_11720:WorkerFunctions:PluginManagerBase:plugin:MoleculeCodeGenerator] Error: ENOENT: no such file or directory, open 'C:\Users\TengyuMa\Desktop\cs6388\classproject\src\plugins\MoleculeCodeGenerator\example\6BGKI\Methane.py'
    at Error (native)
    at Object.fs.openSync (fs.js:549:18)
    at Object.fs.readFileSync (fs.js:397:15)
    at C:\Users\TengyuMa\Desktop\cs6388\classproject\src\plugins\MoleculeCodeGenerator\MoleculeCodeGenerator.js:147:37
    at _fulfilled (C:\Users\TengyuMa\Desktop\cs6388\classproject\node_modules\q\q.js:834:54)
    at self.promiseDispatch.done (C:\Users\TengyuMa\Desktop\cs6388\classproject\node_modules\q\q.js:863:30)
    at Promise.promise.promiseDispatch (C:\Users\TengyuMa\Desktop\cs6388\classproject\node_modules\q\q.js:796:13)
    at C:\Users\TengyuMa\Desktop\cs6388\classproject\node_modules\q\q.js:604:44
    at runSingle (C:\Users\TengyuMa\Desktop\cs6388\classproject\node_modules\q\q.js:137:13)
    at flush (C:\Users\TengyuMa\Desktop\cs6388\classproject\node_modules\q\q.js:125:13)
2016-12-06T19:10:13.331Z - error: [gme:server:worker:simpleworker:pid_11720:WorkerFunctions] plugin [MoleculeCodeGenerator] failed with error Error: ENOENT: no such file or directory, open 'C:\Users\TengyuMa\Desktop\cs6388\classproject\src\plugins\MoleculeCodeGenerator\example\6BGKI\Methane.py'
    at Error (native)
    at Object.fs.openSync (fs.js:549:18)
    at Object.fs.readFileSync (fs.js:397:15)
    at C:\Users\TengyuMa\Desktop\cs6388\classproject\src\plugins\MoleculeCodeGenerator\MoleculeCodeGenerator.js:147:37
    at _fulfilled (C:\Users\TengyuMa\Desktop\cs6388\classproject\node_modules\q\q.js:834:54)
    at self.promiseDispatch.done (C:\Users\TengyuMa\Desktop\cs6388\classproject\node_modules\q\q.js:863:30)
    at Promise.promise.promiseDispatch (C:\Users\TengyuMa\Desktop\cs6388\classproject\node_modules\q\q.js:796:13)
    at C:\Users\TengyuMa\Desktop\cs6388\classproject\node_modules\q\q.js:604:44
    at runSingle (C:\Users\TengyuMa\Desktop\cs6388\classproject\node_modules\q\q.js:137:13)
    at flush (C:\Users\TengyuMa\Desktop\cs6388\classproject\node_modules\q\q.js:125:13)
2016-12-06T19:11:49.615Z - error: [gme:server:worker:simpleworker:pid_14504:WorkerFunctions:PluginManagerBase:plugin:MoleculeCodeGenerator] This is an error message.
2016-12-06T19:11:49.767Z - error: [gme:server:worker:simpleworker:pid_14504:WorkerFunctions:PluginManagerBase:plugin:MoleculeCodeGenerator] ReferenceError: example_py is not defined
    at C:\Users\TengyuMa\Desktop\cs6388\classproject\src\plugins\MoleculeCodeGenerator\MoleculeCodeGenerator.js:121:28
    at _fulfilled (C:\Users\TengyuMa\Desktop\cs6388\classproject\node_modules\q\q.js:834:54)
    at self.promiseDispatch.done (C:\Users\TengyuMa\Desktop\cs6388\classproject\node_modules\q\q.js:863:30)
    at Promise.promise.promiseDispatch (C:\Users\TengyuMa\Desktop\cs6388\classproject\node_modules\q\q.js:796:13)
    at C:\Users\TengyuMa\Desktop\cs6388\classproject\node_modules\q\q.js:604:44
    at runSingle (C:\Users\TengyuMa\Desktop\cs6388\classproject\node_modules\q\q.js:137:13)
    at flush (C:\Users\TengyuMa\Desktop\cs6388\classproject\node_modules\q\q.js:125:13)
    at nextTickCallbackWith0Args (node.js:420:9)
    at process._tickCallback (node.js:349:13)
2016-12-06T19:11:49.768Z - error: [gme:server:worker:simpleworker:pid_14504:WorkerFunctions] plugin [MoleculeCodeGenerator] failed with error ReferenceError: example_py is not defined
    at C:\Users\TengyuMa\Desktop\cs6388\classproject\src\plugins\MoleculeCodeGenerator\MoleculeCodeGenerator.js:121:28
    at _fulfilled (C:\Users\TengyuMa\Desktop\cs6388\classproject\node_modules\q\q.js:834:54)
    at self.promiseDispatch.done (C:\Users\TengyuMa\Desktop\cs6388\classproject\node_modules\q\q.js:863:30)
    at Promise.promise.promiseDispatch (C:\Users\TengyuMa\Desktop\cs6388\classproject\node_modules\q\q.js:796:13)
    at C:\Users\TengyuMa\Desktop\cs6388\classproject\node_modules\q\q.js:604:44
    at runSingle (C:\Users\TengyuMa\Desktop\cs6388\classproject\node_modules\q\q.js:137:13)
    at flush (C:\Users\TengyuMa\Desktop\cs6388\classproject\node_modules\q\q.js:125:13)
    at nextTickCallbackWith0Args (node.js:420:9)
    at process._tickCallback (node.js:349:13)
2016-12-06T19:12:43.605Z - error: [gme:server:worker:simpleworker:pid_10832:WorkerFunctions:PluginManagerBase:plugin:MoleculeCodeGenerator] This is an error message.
2016-12-06T19:24:19.836Z - error: [gme:server:worker:simpleworker:pid_12780:WorkerFunctions:PluginManagerBase:plugin:MoleculeCodeGenerator] This is an error message.
2016-12-06T19:24:19.977Z - error: [gme:server:worker:simpleworker:pid_12780:WorkerFunctions:PluginManagerBase:plugin:MoleculeCodeGenerator] didn't find:  -CH2-
2016-12-06T19:24:19.980Z - error: [gme:server:worker:simpleworker:pid_12780:WorkerFunctions:PluginManagerBase:plugin:MoleculeCodeGenerator] TypeError: Cannot read property 'length' of undefined
    at Object.exports.parse (C:\Users\TengyuMa\Desktop\cs6388\classproject\node_modules\webgme\src\common\util\ejs.js:3:2104)
    at exports.compile (C:\Users\TengyuMa\Desktop\cs6388\classproject\node_modules\webgme\src\common\util\ejs.js:3:3947)
    at Object.exports.render (C:\Users\TengyuMa\Desktop\cs6388\classproject\node_modules\webgme\src\common\util\ejs.js:3:4727)
    at C:\Users\TengyuMa\Desktop\cs6388\classproject\src\plugins\MoleculeCodeGenerator\MoleculeCodeGenerator.js:118:33
    at _fulfilled (C:\Users\TengyuMa\Desktop\cs6388\classproject\node_modules\q\q.js:834:54)
    at self.promiseDispatch.done (C:\Users\TengyuMa\Desktop\cs6388\classproject\node_modules\q\q.js:863:30)
    at Promise.promise.promiseDispatch (C:\Users\TengyuMa\Desktop\cs6388\classproject\node_modules\q\q.js:796:13)
    at C:\Users\TengyuMa\Desktop\cs6388\classproject\node_modules\q\q.js:604:44
    at runSingle (C:\Users\TengyuMa\Desktop\cs6388\classproject\node_modules\q\q.js:137:13)
    at flush (C:\Users\TengyuMa\Desktop\cs6388\classproject\node_modules\q\q.js:125:13)
2016-12-06T19:24:19.981Z - error: [gme:server:worker:simpleworker:pid_12780:WorkerFunctions] plugin [MoleculeCodeGenerator] failed with error TypeError: Cannot read property 'length' of undefined
    at Object.exports.parse (C:\Users\TengyuMa\Desktop\cs6388\classproject\node_modules\webgme\src\common\util\ejs.js:3:2104)
    at exports.compile (C:\Users\TengyuMa\Desktop\cs6388\classproject\node_modules\webgme\src\common\util\ejs.js:3:3947)
    at Object.exports.render (C:\Users\TengyuMa\Desktop\cs6388\classproject\node_modules\webgme\src\common\util\ejs.js:3:4727)
    at C:\Users\TengyuMa\Desktop\cs6388\classproject\src\plugins\MoleculeCodeGenerator\MoleculeCodeGenerator.js:118:33
    at _fulfilled (C:\Users\TengyuMa\Desktop\cs6388\classproject\node_modules\q\q.js:834:54)
    at self.promiseDispatch.done (C:\Users\TengyuMa\Desktop\cs6388\classproject\node_modules\q\q.js:863:30)
    at Promise.promise.promiseDispatch (C:\Users\TengyuMa\Desktop\cs6388\classproject\node_modules\q\q.js:796:13)
    at C:\Users\TengyuMa\Desktop\cs6388\classproject\node_modules\q\q.js:604:44
    at runSingle (C:\Users\TengyuMa\Desktop\cs6388\classproject\node_modules\q\q.js:137:13)
    at flush (C:\Users\TengyuMa\Desktop\cs6388\classproject\node_modules\q\q.js:125:13)
2016-12-06T19:30:03.165Z - error: [gme:server:worker:simpleworker:pid_8080:WorkerFunctions:PluginManagerBase:plugin:MoleculeCodeGenerator] This is an error message.
2016-12-06T19:30:05.482Z - error: [gme:server:worker:simpleworker:pid_8080:WorkerFunctions:PluginManagerBase:plugin:MoleculeCodeGenerator] Error: Command failed: C:\Windows\system32\cmd.exe /s /c "E:\Users\TengyuMa\Anaconda3\envs\iModels\python.exe C:\Users\TengyuMa\Desktop\cs6388\classproject\src\plugins\MoleculeCodeGenerator\example\rzvX5\-CH2-.py"
Traceback (most recent call last):
  File "C:\Users\TengyuMa\Desktop\cs6388\classproject\src\plugins\MoleculeCodeGenerator\example\rzvX5\-CH2-.py", line 21, in <module>
    m = CH2()
  File "C:\Users\TengyuMa\Desktop\cs6388\classproject\src\plugins\MoleculeCodeGenerator\example\rzvX5\-CH2-.py", line 18, in __init__
    mb.translate(self['down'], [0,0,0])
  File "e:\users\tengyuma\imodels\mbuild\mbuild\coordinate_transform.py", line 365, in translate
    atom_positions = compound.xyz_with_ports
AttributeError: 'NoneType' object has no attribute 'xyz_with_ports'
 `E:\Users\TengyuMa\Anaconda3\envs\iModels\python.exe C:\Users\TengyuMa\Desktop\cs6388\classproject\src\plugins\MoleculeCodeGenerator\example\rzvX5\-CH2-.py` (exited with error code 1)
    at ChildProcess.exithandler (child_process.js:213:12)
    at emitTwo (events.js:87:13)
    at ChildProcess.emit (events.js:172:7)
    at maybeClose (internal/child_process.js:829:16)
    at Socket.<anonymous> (internal/child_process.js:319:11)
    at emitOne (events.js:77:13)
    at Socket.emit (events.js:169:7)
    at Pipe._onclose (net.js:486:12)
2016-12-06T19:30:05.484Z - error: [gme:server:worker:simpleworker:pid_8080:WorkerFunctions] plugin [MoleculeCodeGenerator] failed with error Error: Command failed: C:\Windows\system32\cmd.exe /s /c "E:\Users\TengyuMa\Anaconda3\envs\iModels\python.exe C:\Users\TengyuMa\Desktop\cs6388\classproject\src\plugins\MoleculeCodeGenerator\example\rzvX5\-CH2-.py"
Traceback (most recent call last):
  File "C:\Users\TengyuMa\Desktop\cs6388\classproject\src\plugins\MoleculeCodeGenerator\example\rzvX5\-CH2-.py", line 21, in <module>
    m = CH2()
  File "C:\Users\TengyuMa\Desktop\cs6388\classproject\src\plugins\MoleculeCodeGenerator\example\rzvX5\-CH2-.py", line 18, in __init__
    mb.translate(self['down'], [0,0,0])
  File "e:\users\tengyuma\imodels\mbuild\mbuild\coordinate_transform.py", line 365, in translate
    atom_positions = compound.xyz_with_ports
AttributeError: 'NoneType' object has no attribute 'xyz_with_ports'
 `E:\Users\TengyuMa\Anaconda3\envs\iModels\python.exe C:\Users\TengyuMa\Desktop\cs6388\classproject\src\plugins\MoleculeCodeGenerator\example\rzvX5\-CH2-.py` (exited with error code 1)
    at ChildProcess.exithandler (child_process.js:213:12)
    at emitTwo (events.js:87:13)
    at ChildProcess.emit (events.js:172:7)
    at maybeClose (internal/child_process.js:829:16)
    at Socket.<anonymous> (internal/child_process.js:319:11)
    at emitOne (events.js:77:13)
    at Socket.emit (events.js:169:7)
    at Pipe._onclose (net.js:486:12)
2016-12-06T19:33:54.053Z - error: [gme:server:worker:simpleworker:pid_13852:WorkerFunctions:PluginManagerBase:plugin:MoleculeCodeGenerator] This is an error message.
2016-12-06T19:33:56.052Z - error: [gme:server:worker:simpleworker:pid_13852:WorkerFunctions:PluginManagerBase:plugin:MoleculeCodeGenerator] Error: Command failed: C:\Windows\system32\cmd.exe /s /c "E:\Users\TengyuMa\Anaconda3\envs\iModels\python.exe C:\Users\TengyuMa\Desktop\cs6388\classproject\src\plugins\MoleculeCodeGenerator\example\y4vO9\-CH2-.py"
Traceback (most recent call last):
  File "C:\Users\TengyuMa\Desktop\cs6388\classproject\src\plugins\MoleculeCodeGenerator\example\y4vO9\-CH2-.py", line 21, in <module>
    m = CH2()
  File "C:\Users\TengyuMa\Desktop\cs6388\classproject\src\plugins\MoleculeCodeGenerator\example\y4vO9\-CH2-.py", line 18, in __init__
    mb.translate(self['down'], [0,-0.07,0])
  File "e:\users\tengyuma\imodels\mbuild\mbuild\coordinate_transform.py", line 365, in translate
    atom_positions = compound.xyz_with_ports
AttributeError: 'NoneType' object has no attribute 'xyz_with_ports'
 `E:\Users\TengyuMa\Anaconda3\envs\iModels\python.exe C:\Users\TengyuMa\Desktop\cs6388\classproject\src\plugins\MoleculeCodeGenerator\example\y4vO9\-CH2-.py` (exited with error code 1)
    at ChildProcess.exithandler (child_process.js:213:12)
    at emitTwo (events.js:87:13)
    at ChildProcess.emit (events.js:172:7)
    at maybeClose (internal/child_process.js:829:16)
    at Socket.<anonymous> (internal/child_process.js:319:11)
    at emitOne (events.js:77:13)
    at Socket.emit (events.js:169:7)
    at Pipe._onclose (net.js:486:12)
2016-12-06T19:33:56.054Z - error: [gme:server:worker:simpleworker:pid_13852:WorkerFunctions] plugin [MoleculeCodeGenerator] failed with error Error: Command failed: C:\Windows\system32\cmd.exe /s /c "E:\Users\TengyuMa\Anaconda3\envs\iModels\python.exe C:\Users\TengyuMa\Desktop\cs6388\classproject\src\plugins\MoleculeCodeGenerator\example\y4vO9\-CH2-.py"
Traceback (most recent call last):
  File "C:\Users\TengyuMa\Desktop\cs6388\classproject\src\plugins\MoleculeCodeGenerator\example\y4vO9\-CH2-.py", line 21, in <module>
    m = CH2()
  File "C:\Users\TengyuMa\Desktop\cs6388\classproject\src\plugins\MoleculeCodeGenerator\example\y4vO9\-CH2-.py", line 18, in __init__
    mb.translate(self['down'], [0,-0.07,0])
  File "e:\users\tengyuma\imodels\mbuild\mbuild\coordinate_transform.py", line 365, in translate
    atom_positions = compound.xyz_with_ports
AttributeError: 'NoneType' object has no attribute 'xyz_with_ports'
 `E:\Users\TengyuMa\Anaconda3\envs\iModels\python.exe C:\Users\TengyuMa\Desktop\cs6388\classproject\src\plugins\MoleculeCodeGenerator\example\y4vO9\-CH2-.py` (exited with error code 1)
    at ChildProcess.exithandler (child_process.js:213:12)
    at emitTwo (events.js:87:13)
    at ChildProcess.emit (events.js:172:7)
    at maybeClose (internal/child_process.js:829:16)
    at Socket.<anonymous> (internal/child_process.js:319:11)
    at emitOne (events.js:77:13)
    at Socket.emit (events.js:169:7)
    at Pipe._onclose (net.js:486:12)
2016-12-06T19:36:57.716Z - error: [gme:server:worker:simpleworker:pid_6328:WorkerFunctions:PluginManagerBase:plugin:MoleculeCodeGenerator] This is an error message.
2016-12-06T19:36:59.709Z - error: [gme:server:worker:simpleworker:pid_6328:WorkerFunctions:PluginManagerBase:plugin:MoleculeCodeGenerator] Error: Command failed: C:\Windows\system32\cmd.exe /s /c "E:\Users\TengyuMa\Anaconda3\envs\iModels\python.exe C:\Users\TengyuMa\Desktop\cs6388\classproject\src\plugins\MoleculeCodeGenerator\example\7XQXR\-CH2-.py"
Traceback (most recent call last):
  File "C:\Users\TengyuMa\Desktop\cs6388\classproject\src\plugins\MoleculeCodeGenerator\example\7XQXR\-CH2-.py", line 30, in <module>
    ch2 = CH2()
  File "C:\Users\TengyuMa\Desktop\cs6388\classproject\src\plugins\MoleculeCodeGenerator\example\7XQXR\-CH2-.py", line 19, in __init__
    self.add(mb.Port(anchor=self[0]), 'down')
  File "e:\users\tengyuma\imodels\mbuild\mbuild\compound.py", line 298, in add
    label, self))
mbuild.exceptions.MBuildError: Label "down" already exists in <CH2 3 particles, non-periodic, 2 bonds, id: 9026136>.
 `E:\Users\TengyuMa\Anaconda3\envs\iModels\python.exe C:\Users\TengyuMa\Desktop\cs6388\classproject\src\plugins\MoleculeCodeGenerator\example\7XQXR\-CH2-.py` (exited with error code 1)
    at ChildProcess.exithandler (child_process.js:213:12)
    at emitTwo (events.js:87:13)
    at ChildProcess.emit (events.js:172:7)
    at maybeClose (internal/child_process.js:829:16)
    at Socket.<anonymous> (internal/child_process.js:319:11)
    at emitOne (events.js:77:13)
    at Socket.emit (events.js:169:7)
    at Pipe._onclose (net.js:486:12)
2016-12-06T19:36:59.711Z - error: [gme:server:worker:simpleworker:pid_6328:WorkerFunctions] plugin [MoleculeCodeGenerator] failed with error Error: Command failed: C:\Windows\system32\cmd.exe /s /c "E:\Users\TengyuMa\Anaconda3\envs\iModels\python.exe C:\Users\TengyuMa\Desktop\cs6388\classproject\src\plugins\MoleculeCodeGenerator\example\7XQXR\-CH2-.py"
Traceback (most recent call last):
  File "C:\Users\TengyuMa\Desktop\cs6388\classproject\src\plugins\MoleculeCodeGenerator\example\7XQXR\-CH2-.py", line 30, in <module>
    ch2 = CH2()
  File "C:\Users\TengyuMa\Desktop\cs6388\classproject\src\plugins\MoleculeCodeGenerator\example\7XQXR\-CH2-.py", line 19, in __init__
    self.add(mb.Port(anchor=self[0]), 'down')
  File "e:\users\tengyuma\imodels\mbuild\mbuild\compound.py", line 298, in add
    label, self))
mbuild.exceptions.MBuildError: Label "down" already exists in <CH2 3 particles, non-periodic, 2 bonds, id: 9026136>.
 `E:\Users\TengyuMa\Anaconda3\envs\iModels\python.exe C:\Users\TengyuMa\Desktop\cs6388\classproject\src\plugins\MoleculeCodeGenerator\example\7XQXR\-CH2-.py` (exited with error code 1)
    at ChildProcess.exithandler (child_process.js:213:12)
    at emitTwo (events.js:87:13)
    at ChildProcess.emit (events.js:172:7)
    at maybeClose (internal/child_process.js:829:16)
    at Socket.<anonymous> (internal/child_process.js:319:11)
    at emitOne (events.js:77:13)
    at Socket.emit (events.js:169:7)
    at Pipe._onclose (net.js:486:12)
2016-12-06T19:38:32.233Z - error: [gme:server:worker:simpleworker:pid_7696:WorkerFunctions:PluginManagerBase:plugin:MoleculeCodeGenerator] This is an error message.
2016-12-06T19:47:24.044Z - error: [gme:server:worker:simpleworker:pid_10652:WorkerFunctions:PluginManagerBase:plugin:MoleculeCodeGenerator] This is an error message.
2016-12-06T19:47:24.213Z - error: [gme:server:worker:simpleworker:pid_10652:WorkerFunctions:PluginManagerBase:plugin:MoleculeCodeGenerator] didn't find:  Ethane
2016-12-06T19:47:24.216Z - error: [gme:server:worker:simpleworker:pid_10652:WorkerFunctions:PluginManagerBase:plugin:MoleculeCodeGenerator] TypeError: Cannot read property 'length' of undefined
    at Object.exports.parse (C:\Users\TengyuMa\Desktop\cs6388\classproject\node_modules\webgme\src\common\util\ejs.js:3:2104)
    at exports.compile (C:\Users\TengyuMa\Desktop\cs6388\classproject\node_modules\webgme\src\common\util\ejs.js:3:3947)
    at Object.exports.render (C:\Users\TengyuMa\Desktop\cs6388\classproject\node_modules\webgme\src\common\util\ejs.js:3:4727)
    at C:\Users\TengyuMa\Desktop\cs6388\classproject\src\plugins\MoleculeCodeGenerator\MoleculeCodeGenerator.js:123:33
    at _fulfilled (C:\Users\TengyuMa\Desktop\cs6388\classproject\node_modules\q\q.js:834:54)
    at self.promiseDispatch.done (C:\Users\TengyuMa\Desktop\cs6388\classproject\node_modules\q\q.js:863:30)
    at Promise.promise.promiseDispatch (C:\Users\TengyuMa\Desktop\cs6388\classproject\node_modules\q\q.js:796:13)
    at C:\Users\TengyuMa\Desktop\cs6388\classproject\node_modules\q\q.js:604:44
    at runSingle (C:\Users\TengyuMa\Desktop\cs6388\classproject\node_modules\q\q.js:137:13)
    at flush (C:\Users\TengyuMa\Desktop\cs6388\classproject\node_modules\q\q.js:125:13)
2016-12-06T19:47:24.218Z - error: [gme:server:worker:simpleworker:pid_10652:WorkerFunctions] plugin [MoleculeCodeGenerator] failed with error TypeError: Cannot read property 'length' of undefined
    at Object.exports.parse (C:\Users\TengyuMa\Desktop\cs6388\classproject\node_modules\webgme\src\common\util\ejs.js:3:2104)
    at exports.compile (C:\Users\TengyuMa\Desktop\cs6388\classproject\node_modules\webgme\src\common\util\ejs.js:3:3947)
    at Object.exports.render (C:\Users\TengyuMa\Desktop\cs6388\classproject\node_modules\webgme\src\common\util\ejs.js:3:4727)
    at C:\Users\TengyuMa\Desktop\cs6388\classproject\src\plugins\MoleculeCodeGenerator\MoleculeCodeGenerator.js:123:33
    at _fulfilled (C:\Users\TengyuMa\Desktop\cs6388\classproject\node_modules\q\q.js:834:54)
    at self.promiseDispatch.done (C:\Users\TengyuMa\Desktop\cs6388\classproject\node_modules\q\q.js:863:30)
    at Promise.promise.promiseDispatch (C:\Users\TengyuMa\Desktop\cs6388\classproject\node_modules\q\q.js:796:13)
    at C:\Users\TengyuMa\Desktop\cs6388\classproject\node_modules\q\q.js:604:44
    at runSingle (C:\Users\TengyuMa\Desktop\cs6388\classproject\node_modules\q\q.js:137:13)
    at flush (C:\Users\TengyuMa\Desktop\cs6388\classproject\node_modules\q\q.js:125:13)
2016-12-06T19:48:05.946Z - error: [gme:server:worker:simpleworker:pid_15172:WorkerFunctions:PluginManagerBase:plugin:MoleculeCodeGenerator] This is an error message.
2016-12-06T19:48:06.103Z - error: [gme:server:worker:simpleworker:pid_15172:WorkerFunctions:PluginManagerBase:plugin:MoleculeCodeGenerator] didn't find:  Ethane
2016-12-06T19:48:06.204Z - error: [gme:server:worker:simpleworker:pid_15172:WorkerFunctions:PluginManagerBase:plugin:MoleculeCodeGenerator] Error: Command failed: C:\Windows\system32\cmd.exe /s /c "E:\Users\TengyuMa\Anaconda3\envs\iModels\python.exe C:\Users\TengyuMa\Desktop\cs6388\classproject\src\plugins\MoleculeCodeGenerator\example\7ftXU\Ethane.py"
  File "C:\Users\TengyuMa\Desktop\cs6388\classproject\src\plugins\MoleculeCodeGenerator\example\7ftXU\Ethane.py", line 19
    ethane = Ethane()
         ^
IndentationError: expected an indented block
 `E:\Users\TengyuMa\Anaconda3\envs\iModels\python.exe C:\Users\TengyuMa\Desktop\cs6388\classproject\src\plugins\MoleculeCodeGenerator\example\7ftXU\Ethane.py` (exited with error code 1)
    at ChildProcess.exithandler (child_process.js:213:12)
    at emitTwo (events.js:87:13)
    at ChildProcess.emit (events.js:172:7)
    at maybeClose (internal/child_process.js:829:16)
    at Socket.<anonymous> (internal/child_process.js:319:11)
    at emitOne (events.js:77:13)
    at Socket.emit (events.js:169:7)
    at Pipe._onclose (net.js:486:12)
2016-12-06T19:48:06.206Z - error: [gme:server:worker:simpleworker:pid_15172:WorkerFunctions] plugin [MoleculeCodeGenerator] failed with error Error: Command failed: C:\Windows\system32\cmd.exe /s /c "E:\Users\TengyuMa\Anaconda3\envs\iModels\python.exe C:\Users\TengyuMa\Desktop\cs6388\classproject\src\plugins\MoleculeCodeGenerator\example\7ftXU\Ethane.py"
  File "C:\Users\TengyuMa\Desktop\cs6388\classproject\src\plugins\MoleculeCodeGenerator\example\7ftXU\Ethane.py", line 19
    ethane = Ethane()
         ^
IndentationError: expected an indented block
 `E:\Users\TengyuMa\Anaconda3\envs\iModels\python.exe C:\Users\TengyuMa\Desktop\cs6388\classproject\src\plugins\MoleculeCodeGenerator\example\7ftXU\Ethane.py` (exited with error code 1)
    at ChildProcess.exithandler (child_process.js:213:12)
    at emitTwo (events.js:87:13)
    at ChildProcess.emit (events.js:172:7)
    at maybeClose (internal/child_process.js:829:16)
    at Socket.<anonymous> (internal/child_process.js:319:11)
    at emitOne (events.js:77:13)
    at Socket.emit (events.js:169:7)
    at Pipe._onclose (net.js:486:12)
2016-12-06T19:48:48.894Z - error: [gme:server:worker:simpleworker:pid_7036:WorkerFunctions:PluginManagerBase:plugin:MoleculeCodeGenerator] This is an error message.
2016-12-06T19:48:49.052Z - error: [gme:server:worker:simpleworker:pid_7036:WorkerFunctions:PluginManagerBase:plugin:MoleculeCodeGenerator] didn't find:  Ethane
2016-12-06T20:00:28.654Z - error: [gme:server:worker:simpleworker:pid_7036:WorkerFunctions:PluginManagerBase:plugin:MoleculeCodeGenerator] This is an error message.
2016-12-06T20:00:28.821Z - error: [gme:server:worker:simpleworker:pid_7036:WorkerFunctions:PluginManagerBase:plugin:MoleculeCodeGenerator] didn't find:  Ethane
2016-12-06T20:18:43.407Z - error: [gme:server:worker:simpleworker:pid_14484:WorkerFunctions:PluginManagerBase:plugin:MoleculeCodeGenerator] This is an error message.
2016-12-06T20:18:43.564Z - error: [gme:server:worker:simpleworker:pid_14484:WorkerFunctions:PluginManagerBase:plugin:MoleculeCodeGenerator] didn't find:  CH3-CH2*n-CH3
2016-12-06T20:18:43.567Z - error: [gme:server:worker:simpleworker:pid_14484:WorkerFunctions:PluginManagerBase:plugin:MoleculeCodeGenerator] TypeError: Cannot read property 'length' of undefined
    at Object.exports.parse (C:\Users\TengyuMa\Desktop\cs6388\classproject\node_modules\webgme\src\common\util\ejs.js:3:2104)
    at exports.compile (C:\Users\TengyuMa\Desktop\cs6388\classproject\node_modules\webgme\src\common\util\ejs.js:3:3947)
    at Object.exports.render (C:\Users\TengyuMa\Desktop\cs6388\classproject\node_modules\webgme\src\common\util\ejs.js:3:4727)
    at C:\Users\TengyuMa\Desktop\cs6388\classproject\src\plugins\MoleculeCodeGenerator\MoleculeCodeGenerator.js:133:33
    at _fulfilled (C:\Users\TengyuMa\Desktop\cs6388\classproject\node_modules\q\q.js:834:54)
    at self.promiseDispatch.done (C:\Users\TengyuMa\Desktop\cs6388\classproject\node_modules\q\q.js:863:30)
    at Promise.promise.promiseDispatch (C:\Users\TengyuMa\Desktop\cs6388\classproject\node_modules\q\q.js:796:13)
    at C:\Users\TengyuMa\Desktop\cs6388\classproject\node_modules\q\q.js:604:44
    at runSingle (C:\Users\TengyuMa\Desktop\cs6388\classproject\node_modules\q\q.js:137:13)
    at flush (C:\Users\TengyuMa\Desktop\cs6388\classproject\node_modules\q\q.js:125:13)
2016-12-06T20:18:43.569Z - error: [gme:server:worker:simpleworker:pid_14484:WorkerFunctions] plugin [MoleculeCodeGenerator] failed with error TypeError: Cannot read property 'length' of undefined
    at Object.exports.parse (C:\Users\TengyuMa\Desktop\cs6388\classproject\node_modules\webgme\src\common\util\ejs.js:3:2104)
    at exports.compile (C:\Users\TengyuMa\Desktop\cs6388\classproject\node_modules\webgme\src\common\util\ejs.js:3:3947)
    at Object.exports.render (C:\Users\TengyuMa\Desktop\cs6388\classproject\node_modules\webgme\src\common\util\ejs.js:3:4727)
    at C:\Users\TengyuMa\Desktop\cs6388\classproject\src\plugins\MoleculeCodeGenerator\MoleculeCodeGenerator.js:133:33
    at _fulfilled (C:\Users\TengyuMa\Desktop\cs6388\classproject\node_modules\q\q.js:834:54)
    at self.promiseDispatch.done (C:\Users\TengyuMa\Desktop\cs6388\classproject\node_modules\q\q.js:863:30)
    at Promise.promise.promiseDispatch (C:\Users\TengyuMa\Desktop\cs6388\classproject\node_modules\q\q.js:796:13)
    at C:\Users\TengyuMa\Desktop\cs6388\classproject\node_modules\q\q.js:604:44
    at runSingle (C:\Users\TengyuMa\Desktop\cs6388\classproject\node_modules\q\q.js:137:13)
    at flush (C:\Users\TengyuMa\Desktop\cs6388\classproject\node_modules\q\q.js:125:13)
2016-12-06T20:23:06.001Z - error: [gme:server:worker:simpleworker:pid_2732:WorkerFunctions:PluginManagerBase:plugin:MoleculeCodeGenerator] This is an error message.
2016-12-06T20:23:06.157Z - error: [gme:server:worker:simpleworker:pid_2732:WorkerFunctions:PluginManagerBase:plugin:MoleculeCodeGenerator] ReferenceError: example_type is not defined
    at C:\Users\TengyuMa\Desktop\cs6388\classproject\src\plugins\MoleculeCodeGenerator\MoleculeCodeGenerator.js:111:30
    at _fulfilled (C:\Users\TengyuMa\Desktop\cs6388\classproject\node_modules\q\q.js:834:54)
    at self.promiseDispatch.done (C:\Users\TengyuMa\Desktop\cs6388\classproject\node_modules\q\q.js:863:30)
    at Promise.promise.promiseDispatch (C:\Users\TengyuMa\Desktop\cs6388\classproject\node_modules\q\q.js:796:13)
    at C:\Users\TengyuMa\Desktop\cs6388\classproject\node_modules\q\q.js:604:44
    at runSingle (C:\Users\TengyuMa\Desktop\cs6388\classproject\node_modules\q\q.js:137:13)
    at flush (C:\Users\TengyuMa\Desktop\cs6388\classproject\node_modules\q\q.js:125:13)
    at nextTickCallbackWith0Args (node.js:420:9)
    at process._tickCallback (node.js:349:13)
2016-12-06T20:23:06.159Z - error: [gme:server:worker:simpleworker:pid_2732:WorkerFunctions] plugin [MoleculeCodeGenerator] failed with error ReferenceError: example_type is not defined
    at C:\Users\TengyuMa\Desktop\cs6388\classproject\src\plugins\MoleculeCodeGenerator\MoleculeCodeGenerator.js:111:30
    at _fulfilled (C:\Users\TengyuMa\Desktop\cs6388\classproject\node_modules\q\q.js:834:54)
    at self.promiseDispatch.done (C:\Users\TengyuMa\Desktop\cs6388\classproject\node_modules\q\q.js:863:30)
    at Promise.promise.promiseDispatch (C:\Users\TengyuMa\Desktop\cs6388\classproject\node_modules\q\q.js:796:13)
    at C:\Users\TengyuMa\Desktop\cs6388\classproject\node_modules\q\q.js:604:44
    at runSingle (C:\Users\TengyuMa\Desktop\cs6388\classproject\node_modules\q\q.js:137:13)
    at flush (C:\Users\TengyuMa\Desktop\cs6388\classproject\node_modules\q\q.js:125:13)
    at nextTickCallbackWith0Args (node.js:420:9)
    at process._tickCallback (node.js:349:13)
2016-12-06T20:23:55.984Z - error: [gme:server:worker:simpleworker:pid_14908:WorkerFunctions:PluginManagerBase:plugin:MoleculeCodeGenerator] This is an error message.
2016-12-06T20:23:56.135Z - error: [gme:server:worker:simpleworker:pid_14908:WorkerFunctions:PluginManagerBase:plugin:MoleculeCodeGenerator] TypeError: Cannot read property 'length' of undefined
    at Object.exports.parse (C:\Users\TengyuMa\Desktop\cs6388\classproject\node_modules\webgme\src\common\util\ejs.js:3:2104)
    at exports.compile (C:\Users\TengyuMa\Desktop\cs6388\classproject\node_modules\webgme\src\common\util\ejs.js:3:3947)
    at Object.exports.render (C:\Users\TengyuMa\Desktop\cs6388\classproject\node_modules\webgme\src\common\util\ejs.js:3:4727)
    at C:\Users\TengyuMa\Desktop\cs6388\classproject\src\plugins\MoleculeCodeGenerator\MoleculeCodeGenerator.js:141:33
    at _fulfilled (C:\Users\TengyuMa\Desktop\cs6388\classproject\node_modules\q\q.js:834:54)
    at self.promiseDispatch.done (C:\Users\TengyuMa\Desktop\cs6388\classproject\node_modules\q\q.js:863:30)
    at Promise.promise.promiseDispatch (C:\Users\TengyuMa\Desktop\cs6388\classproject\node_modules\q\q.js:796:13)
    at C:\Users\TengyuMa\Desktop\cs6388\classproject\node_modules\q\q.js:604:44
    at runSingle (C:\Users\TengyuMa\Desktop\cs6388\classproject\node_modules\q\q.js:137:13)
    at flush (C:\Users\TengyuMa\Desktop\cs6388\classproject\node_modules\q\q.js:125:13)
2016-12-06T20:23:56.137Z - error: [gme:server:worker:simpleworker:pid_14908:WorkerFunctions] plugin [MoleculeCodeGenerator] failed with error TypeError: Cannot read property 'length' of undefined
    at Object.exports.parse (C:\Users\TengyuMa\Desktop\cs6388\classproject\node_modules\webgme\src\common\util\ejs.js:3:2104)
    at exports.compile (C:\Users\TengyuMa\Desktop\cs6388\classproject\node_modules\webgme\src\common\util\ejs.js:3:3947)
    at Object.exports.render (C:\Users\TengyuMa\Desktop\cs6388\classproject\node_modules\webgme\src\common\util\ejs.js:3:4727)
    at C:\Users\TengyuMa\Desktop\cs6388\classproject\src\plugins\MoleculeCodeGenerator\MoleculeCodeGenerator.js:141:33
    at _fulfilled (C:\Users\TengyuMa\Desktop\cs6388\classproject\node_modules\q\q.js:834:54)
    at self.promiseDispatch.done (C:\Users\TengyuMa\Desktop\cs6388\classproject\node_modules\q\q.js:863:30)
    at Promise.promise.promiseDispatch (C:\Users\TengyuMa\Desktop\cs6388\classproject\node_modules\q\q.js:796:13)
    at C:\Users\TengyuMa\Desktop\cs6388\classproject\node_modules\q\q.js:604:44
    at runSingle (C:\Users\TengyuMa\Desktop\cs6388\classproject\node_modules\q\q.js:137:13)
    at flush (C:\Users\TengyuMa\Desktop\cs6388\classproject\node_modules\q\q.js:125:13)
2016-12-06T20:25:10.234Z - error: [gme:server:worker:simpleworker:pid_11716:WorkerFunctions:PluginManagerBase:plugin:MoleculeCodeGenerator] This is an error message.
2016-12-06T20:25:10.411Z - error: [gme:server:worker:simpleworker:pid_11716:WorkerFunctions:PluginManagerBase:plugin:MoleculeCodeGenerator] TypeError: Cannot read property 'length' of undefined
    at Object.exports.parse (C:\Users\TengyuMa\Desktop\cs6388\classproject\node_modules\webgme\src\common\util\ejs.js:3:2104)
    at exports.compile (C:\Users\TengyuMa\Desktop\cs6388\classproject\node_modules\webgme\src\common\util\ejs.js:3:3947)
    at Object.exports.render (C:\Users\TengyuMa\Desktop\cs6388\classproject\node_modules\webgme\src\common\util\ejs.js:3:4727)
    at C:\Users\TengyuMa\Desktop\cs6388\classproject\src\plugins\MoleculeCodeGenerator\MoleculeCodeGenerator.js:142:33
    at _fulfilled (C:\Users\TengyuMa\Desktop\cs6388\classproject\node_modules\q\q.js:834:54)
    at self.promiseDispatch.done (C:\Users\TengyuMa\Desktop\cs6388\classproject\node_modules\q\q.js:863:30)
    at Promise.promise.promiseDispatch (C:\Users\TengyuMa\Desktop\cs6388\classproject\node_modules\q\q.js:796:13)
    at C:\Users\TengyuMa\Desktop\cs6388\classproject\node_modules\q\q.js:604:44
    at runSingle (C:\Users\TengyuMa\Desktop\cs6388\classproject\node_modules\q\q.js:137:13)
    at flush (C:\Users\TengyuMa\Desktop\cs6388\classproject\node_modules\q\q.js:125:13)
2016-12-06T20:25:10.413Z - error: [gme:server:worker:simpleworker:pid_11716:WorkerFunctions] plugin [MoleculeCodeGenerator] failed with error TypeError: Cannot read property 'length' of undefined
    at Object.exports.parse (C:\Users\TengyuMa\Desktop\cs6388\classproject\node_modules\webgme\src\common\util\ejs.js:3:2104)
    at exports.compile (C:\Users\TengyuMa\Desktop\cs6388\classproject\node_modules\webgme\src\common\util\ejs.js:3:3947)
    at Object.exports.render (C:\Users\TengyuMa\Desktop\cs6388\classproject\node_modules\webgme\src\common\util\ejs.js:3:4727)
    at C:\Users\TengyuMa\Desktop\cs6388\classproject\src\plugins\MoleculeCodeGenerator\MoleculeCodeGenerator.js:142:33
    at _fulfilled (C:\Users\TengyuMa\Desktop\cs6388\classproject\node_modules\q\q.js:834:54)
    at self.promiseDispatch.done (C:\Users\TengyuMa\Desktop\cs6388\classproject\node_modules\q\q.js:863:30)
    at Promise.promise.promiseDispatch (C:\Users\TengyuMa\Desktop\cs6388\classproject\node_modules\q\q.js:796:13)
    at C:\Users\TengyuMa\Desktop\cs6388\classproject\node_modules\q\q.js:604:44
    at runSingle (C:\Users\TengyuMa\Desktop\cs6388\classproject\node_modules\q\q.js:137:13)
    at flush (C:\Users\TengyuMa\Desktop\cs6388\classproject\node_modules\q\q.js:125:13)
2016-12-06T20:27:43.694Z - error: [gme:server:worker:simpleworker:pid_8752:WorkerFunctions:PluginManagerBase:plugin:MoleculeCodeGenerator] This is an error message.
2016-12-06T20:35:31.904Z - error: [gme:server:worker:simpleworker:pid_15424:WorkerFunctions:PluginManagerBase:plugin:MoleculeCodeGenerator] This is an error message.
2016-12-06T20:35:32.089Z - error: [gme:server:worker:simpleworker:pid_15424:WorkerFunctions:PluginManagerBase:plugin:MoleculeCodeGenerator] ReferenceError: example_node is not defined
    at C:\Users\TengyuMa\Desktop\cs6388\classproject\src\plugins\MoleculeCodeGenerator\MoleculeCodeGenerator.js:112:30
    at _fulfilled (C:\Users\TengyuMa\Desktop\cs6388\classproject\node_modules\q\q.js:834:54)
    at self.promiseDispatch.done (C:\Users\TengyuMa\Desktop\cs6388\classproject\node_modules\q\q.js:863:30)
    at Promise.promise.promiseDispatch (C:\Users\TengyuMa\Desktop\cs6388\classproject\node_modules\q\q.js:796:13)
    at C:\Users\TengyuMa\Desktop\cs6388\classproject\node_modules\q\q.js:604:44
    at runSingle (C:\Users\TengyuMa\Desktop\cs6388\classproject\node_modules\q\q.js:137:13)
    at flush (C:\Users\TengyuMa\Desktop\cs6388\classproject\node_modules\q\q.js:125:13)
    at nextTickCallbackWith0Args (node.js:420:9)
    at process._tickCallback (node.js:349:13)
2016-12-06T20:35:32.091Z - error: [gme:server:worker:simpleworker:pid_15424:WorkerFunctions] plugin [MoleculeCodeGenerator] failed with error ReferenceError: example_node is not defined
    at C:\Users\TengyuMa\Desktop\cs6388\classproject\src\plugins\MoleculeCodeGenerator\MoleculeCodeGenerator.js:112:30
    at _fulfilled (C:\Users\TengyuMa\Desktop\cs6388\classproject\node_modules\q\q.js:834:54)
    at self.promiseDispatch.done (C:\Users\TengyuMa\Desktop\cs6388\classproject\node_modules\q\q.js:863:30)
    at Promise.promise.promiseDispatch (C:\Users\TengyuMa\Desktop\cs6388\classproject\node_modules\q\q.js:796:13)
    at C:\Users\TengyuMa\Desktop\cs6388\classproject\node_modules\q\q.js:604:44
    at runSingle (C:\Users\TengyuMa\Desktop\cs6388\classproject\node_modules\q\q.js:137:13)
    at flush (C:\Users\TengyuMa\Desktop\cs6388\classproject\node_modules\q\q.js:125:13)
    at nextTickCallbackWith0Args (node.js:420:9)
    at process._tickCallback (node.js:349:13)
2016-12-06T20:36:10.260Z - error: [gme:server:worker:simpleworker:pid_7036:WorkerFunctions:PluginManagerBase:plugin:MoleculeCodeGenerator] This is an error message.
2016-12-06T20:36:12.276Z - error: [gme:server:worker:simpleworker:pid_7036:WorkerFunctions:PluginManagerBase:plugin:MoleculeCodeGenerator] Error: Command failed: C:\Windows\system32\cmd.exe /s /c "E:\Users\TengyuMa\Anaconda3\envs\iModels\python.exe C:\Users\TengyuMa\Desktop\cs6388\classproject\src\plugins\MoleculeCodeGenerator\example\ObAFD\Ethane.py"
Traceback (most recent call last):
  File "C:\Users\TengyuMa\Desktop\cs6388\classproject\src\plugins\MoleculeCodeGenerator\example\ObAFD\Ethane.py", line 78, in <module>
    poly = Polymer(ch, n=0, port_labels=("up", "down"))
NameError: name 'ch' is not defined
 `E:\Users\TengyuMa\Anaconda3\envs\iModels\python.exe C:\Users\TengyuMa\Desktop\cs6388\classproject\src\plugins\MoleculeCodeGenerator\example\ObAFD\Ethane.py` (exited with error code 1)
    at ChildProcess.exithandler (child_process.js:213:12)
    at emitTwo (events.js:87:13)
    at ChildProcess.emit (events.js:172:7)
    at maybeClose (internal/child_process.js:829:16)
    at Socket.<anonymous> (internal/child_process.js:319:11)
    at emitOne (events.js:77:13)
    at Socket.emit (events.js:169:7)
    at Pipe._onclose (net.js:486:12)
2016-12-06T20:36:12.278Z - error: [gme:server:worker:simpleworker:pid_7036:WorkerFunctions] plugin [MoleculeCodeGenerator] failed with error Error: Command failed: C:\Windows\system32\cmd.exe /s /c "E:\Users\TengyuMa\Anaconda3\envs\iModels\python.exe C:\Users\TengyuMa\Desktop\cs6388\classproject\src\plugins\MoleculeCodeGenerator\example\ObAFD\Ethane.py"
Traceback (most recent call last):
  File "C:\Users\TengyuMa\Desktop\cs6388\classproject\src\plugins\MoleculeCodeGenerator\example\ObAFD\Ethane.py", line 78, in <module>
    poly = Polymer(ch, n=0, port_labels=("up", "down"))
NameError: name 'ch' is not defined
 `E:\Users\TengyuMa\Anaconda3\envs\iModels\python.exe C:\Users\TengyuMa\Desktop\cs6388\classproject\src\plugins\MoleculeCodeGenerator\example\ObAFD\Ethane.py` (exited with error code 1)
    at ChildProcess.exithandler (child_process.js:213:12)
    at emitTwo (events.js:87:13)
    at ChildProcess.emit (events.js:172:7)
    at maybeClose (internal/child_process.js:829:16)
    at Socket.<anonymous> (internal/child_process.js:319:11)
    at emitOne (events.js:77:13)
    at Socket.emit (events.js:169:7)
    at Pipe._onclose (net.js:486:12)
2016-12-06T20:38:32.417Z - error: [gme:server:worker:simpleworker:pid_1520:WorkerFunctions:PluginManagerBase:plugin:MoleculeCodeGenerator] This is an error message.
2016-12-06T20:38:32.589Z - error: [gme:server:worker:simpleworker:pid_1520:WorkerFunctions:PluginManagerBase:plugin:MoleculeCodeGenerator] Error: ENOENT: no such file or directory, open 'C:\Users\TengyuMa\Desktop\cs6388\classproject\src\plugins\MoleculeCodeGenerator\example\Hb66E\CH3-CH2*n-CH3.py'
    at Error (native)
    at Object.fs.openSync (fs.js:549:18)
    at Object.fs.writeFileSync (fs.js:1156:15)
    at C:\Users\TengyuMa\Desktop\cs6388\classproject\src\plugins\MoleculeCodeGenerator\MoleculeCodeGenerator.js:153:20
    at _fulfilled (C:\Users\TengyuMa\Desktop\cs6388\classproject\node_modules\q\q.js:834:54)
    at self.promiseDispatch.done (C:\Users\TengyuMa\Desktop\cs6388\classproject\node_modules\q\q.js:863:30)
    at Promise.promise.promiseDispatch (C:\Users\TengyuMa\Desktop\cs6388\classproject\node_modules\q\q.js:796:13)
    at C:\Users\TengyuMa\Desktop\cs6388\classproject\node_modules\q\q.js:604:44
    at runSingle (C:\Users\TengyuMa\Desktop\cs6388\classproject\node_modules\q\q.js:137:13)
    at flush (C:\Users\TengyuMa\Desktop\cs6388\classproject\node_modules\q\q.js:125:13)
2016-12-06T20:38:32.591Z - error: [gme:server:worker:simpleworker:pid_1520:WorkerFunctions] plugin [MoleculeCodeGenerator] failed with error Error: ENOENT: no such file or directory, open 'C:\Users\TengyuMa\Desktop\cs6388\classproject\src\plugins\MoleculeCodeGenerator\example\Hb66E\CH3-CH2*n-CH3.py'
    at Error (native)
    at Object.fs.openSync (fs.js:549:18)
    at Object.fs.writeFileSync (fs.js:1156:15)
    at C:\Users\TengyuMa\Desktop\cs6388\classproject\src\plugins\MoleculeCodeGenerator\MoleculeCodeGenerator.js:153:20
    at _fulfilled (C:\Users\TengyuMa\Desktop\cs6388\classproject\node_modules\q\q.js:834:54)
    at self.promiseDispatch.done (C:\Users\TengyuMa\Desktop\cs6388\classproject\node_modules\q\q.js:863:30)
    at Promise.promise.promiseDispatch (C:\Users\TengyuMa\Desktop\cs6388\classproject\node_modules\q\q.js:796:13)
    at C:\Users\TengyuMa\Desktop\cs6388\classproject\node_modules\q\q.js:604:44
    at runSingle (C:\Users\TengyuMa\Desktop\cs6388\classproject\node_modules\q\q.js:137:13)
    at flush (C:\Users\TengyuMa\Desktop\cs6388\classproject\node_modules\q\q.js:125:13)
2016-12-06T20:39:36.049Z - error: [gme:server:worker:simpleworker:pid_1520:WorkerFunctions:PluginManagerBase:plugin:MoleculeCodeGenerator] This is an error message.
2016-12-06T20:39:38.040Z - error: [gme:server:worker:simpleworker:pid_1520:WorkerFunctions:PluginManagerBase:plugin:MoleculeCodeGenerator] Error: Command failed: C:\Windows\system32\cmd.exe /s /c "E:\Users\TengyuMa\Anaconda3\envs\iModels\python.exe C:\Users\TengyuMa\Desktop\cs6388\classproject\src\plugins\MoleculeCodeGenerator\example\lo4M0\Ethane.py"
Traceback (most recent call last):
  File "C:\Users\TengyuMa\Desktop\cs6388\classproject\src\plugins\MoleculeCodeGenerator\example\lo4M0\Ethane.py", line 78, in <module>
    poly = Polymer(ch, n=0, port_labels=("up", "down"))
NameError: name 'ch' is not defined
 `E:\Users\TengyuMa\Anaconda3\envs\iModels\python.exe C:\Users\TengyuMa\Desktop\cs6388\classproject\src\plugins\MoleculeCodeGenerator\example\lo4M0\Ethane.py` (exited with error code 1)
    at ChildProcess.exithandler (child_process.js:213:12)
    at emitTwo (events.js:87:13)
    at ChildProcess.emit (events.js:172:7)
    at maybeClose (internal/child_process.js:829:16)
    at Socket.<anonymous> (internal/child_process.js:319:11)
    at emitOne (events.js:77:13)
    at Socket.emit (events.js:169:7)
    at Pipe._onclose (net.js:486:12)
2016-12-06T20:39:38.041Z - error: [gme:server:worker:simpleworker:pid_1520:WorkerFunctions] plugin [MoleculeCodeGenerator] failed with error Error: Command failed: C:\Windows\system32\cmd.exe /s /c "E:\Users\TengyuMa\Anaconda3\envs\iModels\python.exe C:\Users\TengyuMa\Desktop\cs6388\classproject\src\plugins\MoleculeCodeGenerator\example\lo4M0\Ethane.py"
Traceback (most recent call last):
  File "C:\Users\TengyuMa\Desktop\cs6388\classproject\src\plugins\MoleculeCodeGenerator\example\lo4M0\Ethane.py", line 78, in <module>
    poly = Polymer(ch, n=0, port_labels=("up", "down"))
NameError: name 'ch' is not defined
 `E:\Users\TengyuMa\Anaconda3\envs\iModels\python.exe C:\Users\TengyuMa\Desktop\cs6388\classproject\src\plugins\MoleculeCodeGenerator\example\lo4M0\Ethane.py` (exited with error code 1)
    at ChildProcess.exithandler (child_process.js:213:12)
    at emitTwo (events.js:87:13)
    at ChildProcess.emit (events.js:172:7)
    at maybeClose (internal/child_process.js:829:16)
    at Socket.<anonymous> (internal/child_process.js:319:11)
    at emitOne (events.js:77:13)
    at Socket.emit (events.js:169:7)
    at Pipe._onclose (net.js:486:12)
2016-12-06T20:42:49.168Z - error: [gme:server:worker:simpleworker:pid_15928:WorkerFunctions:PluginManagerBase:plugin:MoleculeCodeGenerator] This is an error message.
2016-12-06T20:42:49.331Z - error: [gme:server:worker:simpleworker:pid_15928:WorkerFunctions:PluginManagerBase:plugin:MoleculeCodeGenerator] Error: ENOENT: no such file or directory, open 'C:\Users\TengyuMa\Desktop\cs6388\classproject\src\plugins\MoleculeCodeGenerator\example\VJTky\CH3-CH2*n-CH3.py'
    at Error (native)
    at Object.fs.openSync (fs.js:549:18)
    at Object.fs.writeFileSync (fs.js:1156:15)
    at C:\Users\TengyuMa\Desktop\cs6388\classproject\src\plugins\MoleculeCodeGenerator\MoleculeCodeGenerator.js:153:20
    at _fulfilled (C:\Users\TengyuMa\Desktop\cs6388\classproject\node_modules\q\q.js:834:54)
    at self.promiseDispatch.done (C:\Users\TengyuMa\Desktop\cs6388\classproject\node_modules\q\q.js:863:30)
    at Promise.promise.promiseDispatch (C:\Users\TengyuMa\Desktop\cs6388\classproject\node_modules\q\q.js:796:13)
    at C:\Users\TengyuMa\Desktop\cs6388\classproject\node_modules\q\q.js:604:44
    at runSingle (C:\Users\TengyuMa\Desktop\cs6388\classproject\node_modules\q\q.js:137:13)
    at flush (C:\Users\TengyuMa\Desktop\cs6388\classproject\node_modules\q\q.js:125:13)
2016-12-06T20:42:49.332Z - error: [gme:server:worker:simpleworker:pid_15928:WorkerFunctions] plugin [MoleculeCodeGenerator] failed with error Error: ENOENT: no such file or directory, open 'C:\Users\TengyuMa\Desktop\cs6388\classproject\src\plugins\MoleculeCodeGenerator\example\VJTky\CH3-CH2*n-CH3.py'
    at Error (native)
    at Object.fs.openSync (fs.js:549:18)
    at Object.fs.writeFileSync (fs.js:1156:15)
    at C:\Users\TengyuMa\Desktop\cs6388\classproject\src\plugins\MoleculeCodeGenerator\MoleculeCodeGenerator.js:153:20
    at _fulfilled (C:\Users\TengyuMa\Desktop\cs6388\classproject\node_modules\q\q.js:834:54)
    at self.promiseDispatch.done (C:\Users\TengyuMa\Desktop\cs6388\classproject\node_modules\q\q.js:863:30)
    at Promise.promise.promiseDispatch (C:\Users\TengyuMa\Desktop\cs6388\classproject\node_modules\q\q.js:796:13)
    at C:\Users\TengyuMa\Desktop\cs6388\classproject\node_modules\q\q.js:604:44
    at runSingle (C:\Users\TengyuMa\Desktop\cs6388\classproject\node_modules\q\q.js:137:13)
    at flush (C:\Users\TengyuMa\Desktop\cs6388\classproject\node_modules\q\q.js:125:13)
2016-12-06T20:51:10.641Z - error: [gme:server:worker:simpleworker:pid_13872:WorkerFunctions:PluginManagerBase:plugin:MoleculeCodeGenerator] This is an error message.
2016-12-06T20:51:12.798Z - error: [gme:server:worker:simpleworker:pid_13872:WorkerFunctions:PluginManagerBase:plugin:MoleculeCodeGenerator] Error: ENOENT: no such file or directory, open 'C:\Users\TengyuMa\Desktop\cs6388\classproject\chosen.css'
    at Error (native)
    at Object.fs.openSync (fs.js:549:18)
    at Object.fs.readFileSync (fs.js:397:15)
    at C:\Users\TengyuMa\Desktop\cs6388\classproject\src\plugins\MoleculeCodeGenerator\MoleculeCodeGenerator.js:173:37
    at _fulfilled (C:\Users\TengyuMa\Desktop\cs6388\classproject\node_modules\q\q.js:834:54)
    at self.promiseDispatch.done (C:\Users\TengyuMa\Desktop\cs6388\classproject\node_modules\q\q.js:863:30)
    at Promise.promise.promiseDispatch (C:\Users\TengyuMa\Desktop\cs6388\classproject\node_modules\q\q.js:796:13)
    at C:\Users\TengyuMa\Desktop\cs6388\classproject\node_modules\q\q.js:604:44
    at runSingle (C:\Users\TengyuMa\Desktop\cs6388\classproject\node_modules\q\q.js:137:13)
    at flush (C:\Users\TengyuMa\Desktop\cs6388\classproject\node_modules\q\q.js:125:13)
2016-12-06T20:51:12.800Z - error: [gme:server:worker:simpleworker:pid_13872:WorkerFunctions] plugin [MoleculeCodeGenerator] failed with error Error: ENOENT: no such file or directory, open 'C:\Users\TengyuMa\Desktop\cs6388\classproject\chosen.css'
    at Error (native)
    at Object.fs.openSync (fs.js:549:18)
    at Object.fs.readFileSync (fs.js:397:15)
    at C:\Users\TengyuMa\Desktop\cs6388\classproject\src\plugins\MoleculeCodeGenerator\MoleculeCodeGenerator.js:173:37
    at _fulfilled (C:\Users\TengyuMa\Desktop\cs6388\classproject\node_modules\q\q.js:834:54)
    at self.promiseDispatch.done (C:\Users\TengyuMa\Desktop\cs6388\classproject\node_modules\q\q.js:863:30)
    at Promise.promise.promiseDispatch (C:\Users\TengyuMa\Desktop\cs6388\classproject\node_modules\q\q.js:796:13)
    at C:\Users\TengyuMa\Desktop\cs6388\classproject\node_modules\q\q.js:604:44
    at runSingle (C:\Users\TengyuMa\Desktop\cs6388\classproject\node_modules\q\q.js:137:13)
    at flush (C:\Users\TengyuMa\Desktop\cs6388\classproject\node_modules\q\q.js:125:13)
2016-12-06T20:51:37.880Z - error: [gme:server:worker:simpleworker:pid_11556:WorkerFunctions:PluginManagerBase:plugin:MoleculeCodeGenerator] This is an error message.
2016-12-06T20:51:40.153Z - error: [gme:server:worker:simpleworker:pid_11556:WorkerFunctions:PluginManagerBase:plugin:MoleculeCodeGenerator] Error: ENOENT: no such file or directory, open 'C:\Users\TengyuMa\Desktop\cs6388\classproject\chosen.css'
    at Error (native)
    at Object.fs.openSync (fs.js:549:18)
    at Object.fs.readFileSync (fs.js:397:15)
    at C:\Users\TengyuMa\Desktop\cs6388\classproject\src\plugins\MoleculeCodeGenerator\MoleculeCodeGenerator.js:173:37
    at _fulfilled (C:\Users\TengyuMa\Desktop\cs6388\classproject\node_modules\q\q.js:834:54)
    at self.promiseDispatch.done (C:\Users\TengyuMa\Desktop\cs6388\classproject\node_modules\q\q.js:863:30)
    at Promise.promise.promiseDispatch (C:\Users\TengyuMa\Desktop\cs6388\classproject\node_modules\q\q.js:796:13)
    at C:\Users\TengyuMa\Desktop\cs6388\classproject\node_modules\q\q.js:604:44
    at runSingle (C:\Users\TengyuMa\Desktop\cs6388\classproject\node_modules\q\q.js:137:13)
    at flush (C:\Users\TengyuMa\Desktop\cs6388\classproject\node_modules\q\q.js:125:13)
2016-12-06T20:51:40.155Z - error: [gme:server:worker:simpleworker:pid_11556:WorkerFunctions] plugin [MoleculeCodeGenerator] failed with error Error: ENOENT: no such file or directory, open 'C:\Users\TengyuMa\Desktop\cs6388\classproject\chosen.css'
    at Error (native)
    at Object.fs.openSync (fs.js:549:18)
    at Object.fs.readFileSync (fs.js:397:15)
    at C:\Users\TengyuMa\Desktop\cs6388\classproject\src\plugins\MoleculeCodeGenerator\MoleculeCodeGenerator.js:173:37
    at _fulfilled (C:\Users\TengyuMa\Desktop\cs6388\classproject\node_modules\q\q.js:834:54)
    at self.promiseDispatch.done (C:\Users\TengyuMa\Desktop\cs6388\classproject\node_modules\q\q.js:863:30)
    at Promise.promise.promiseDispatch (C:\Users\TengyuMa\Desktop\cs6388\classproject\node_modules\q\q.js:796:13)
    at C:\Users\TengyuMa\Desktop\cs6388\classproject\node_modules\q\q.js:604:44
    at runSingle (C:\Users\TengyuMa\Desktop\cs6388\classproject\node_modules\q\q.js:137:13)
    at flush (C:\Users\TengyuMa\Desktop\cs6388\classproject\node_modules\q\q.js:125:13)
2016-12-06T20:52:05.274Z - error: [gme:server:worker:simpleworker:pid_11556:WorkerFunctions:PluginManagerBase:plugin:MoleculeCodeGenerator] This is an error message.
2016-12-06T20:52:08.192Z - error: [gme:server:worker:simpleworker:pid_11556:WorkerFunctions:PluginManagerBase:plugin:MoleculeCodeGenerator] Error: ENOENT: no such file or directory, open 'C:\Users\TengyuMa\Desktop\cs6388\classproject\chosen.css'
    at Error (native)
    at Object.fs.openSync (fs.js:549:18)
    at Object.fs.readFileSync (fs.js:397:15)
    at C:\Users\TengyuMa\Desktop\cs6388\classproject\src\plugins\MoleculeCodeGenerator\MoleculeCodeGenerator.js:173:37
    at _fulfilled (C:\Users\TengyuMa\Desktop\cs6388\classproject\node_modules\q\q.js:834:54)
    at self.promiseDispatch.done (C:\Users\TengyuMa\Desktop\cs6388\classproject\node_modules\q\q.js:863:30)
    at Promise.promise.promiseDispatch (C:\Users\TengyuMa\Desktop\cs6388\classproject\node_modules\q\q.js:796:13)
    at C:\Users\TengyuMa\Desktop\cs6388\classproject\node_modules\q\q.js:604:44
    at runSingle (C:\Users\TengyuMa\Desktop\cs6388\classproject\node_modules\q\q.js:137:13)
    at flush (C:\Users\TengyuMa\Desktop\cs6388\classproject\node_modules\q\q.js:125:13)
2016-12-06T20:52:08.194Z - error: [gme:server:worker:simpleworker:pid_11556:WorkerFunctions] plugin [MoleculeCodeGenerator] failed with error Error: ENOENT: no such file or directory, open 'C:\Users\TengyuMa\Desktop\cs6388\classproject\chosen.css'
    at Error (native)
    at Object.fs.openSync (fs.js:549:18)
    at Object.fs.readFileSync (fs.js:397:15)
    at C:\Users\TengyuMa\Desktop\cs6388\classproject\src\plugins\MoleculeCodeGenerator\MoleculeCodeGenerator.js:173:37
    at _fulfilled (C:\Users\TengyuMa\Desktop\cs6388\classproject\node_modules\q\q.js:834:54)
    at self.promiseDispatch.done (C:\Users\TengyuMa\Desktop\cs6388\classproject\node_modules\q\q.js:863:30)
    at Promise.promise.promiseDispatch (C:\Users\TengyuMa\Desktop\cs6388\classproject\node_modules\q\q.js:796:13)
    at C:\Users\TengyuMa\Desktop\cs6388\classproject\node_modules\q\q.js:604:44
    at runSingle (C:\Users\TengyuMa\Desktop\cs6388\classproject\node_modules\q\q.js:137:13)
    at flush (C:\Users\TengyuMa\Desktop\cs6388\classproject\node_modules\q\q.js:125:13)
2016-12-06T21:05:30.730Z - error: [gme:server:worker:simpleworker:pid_11556:WorkerFunctions:PluginManagerBase:plugin:MoleculeCodeGenerator] This is an error message.
2016-12-06T21:05:41.725Z - error: [gme:server:worker:simpleworker:pid_11556:WorkerFunctions:PluginManagerBase:plugin:MoleculeCodeGenerator] Error: ENOENT: no such file or directory, open 'C:\Users\TengyuMa\Desktop\cs6388\classproject\chosen.css'
    at Error (native)
    at Object.fs.openSync (fs.js:549:18)
    at Object.fs.readFileSync (fs.js:397:15)
    at C:\Users\TengyuMa\Desktop\cs6388\classproject\src\plugins\MoleculeCodeGenerator\MoleculeCodeGenerator.js:173:37
    at _fulfilled (C:\Users\TengyuMa\Desktop\cs6388\classproject\node_modules\q\q.js:834:54)
    at self.promiseDispatch.done (C:\Users\TengyuMa\Desktop\cs6388\classproject\node_modules\q\q.js:863:30)
    at Promise.promise.promiseDispatch (C:\Users\TengyuMa\Desktop\cs6388\classproject\node_modules\q\q.js:796:13)
    at C:\Users\TengyuMa\Desktop\cs6388\classproject\node_modules\q\q.js:604:44
    at runSingle (C:\Users\TengyuMa\Desktop\cs6388\classproject\node_modules\q\q.js:137:13)
    at flush (C:\Users\TengyuMa\Desktop\cs6388\classproject\node_modules\q\q.js:125:13)
2016-12-06T21:05:41.727Z - error: [gme:server:worker:simpleworker:pid_11556:WorkerFunctions] plugin [MoleculeCodeGenerator] failed with error Error: ENOENT: no such file or directory, open 'C:\Users\TengyuMa\Desktop\cs6388\classproject\chosen.css'
    at Error (native)
    at Object.fs.openSync (fs.js:549:18)
    at Object.fs.readFileSync (fs.js:397:15)
    at C:\Users\TengyuMa\Desktop\cs6388\classproject\src\plugins\MoleculeCodeGenerator\MoleculeCodeGenerator.js:173:37
    at _fulfilled (C:\Users\TengyuMa\Desktop\cs6388\classproject\node_modules\q\q.js:834:54)
    at self.promiseDispatch.done (C:\Users\TengyuMa\Desktop\cs6388\classproject\node_modules\q\q.js:863:30)
    at Promise.promise.promiseDispatch (C:\Users\TengyuMa\Desktop\cs6388\classproject\node_modules\q\q.js:796:13)
    at C:\Users\TengyuMa\Desktop\cs6388\classproject\node_modules\q\q.js:604:44
    at runSingle (C:\Users\TengyuMa\Desktop\cs6388\classproject\node_modules\q\q.js:137:13)
    at flush (C:\Users\TengyuMa\Desktop\cs6388\classproject\node_modules\q\q.js:125:13)
2016-12-06T21:06:21.939Z - error: [gme:server:worker:simpleworker:pid_13472:WorkerFunctions:PluginManagerBase:plugin:MoleculeCodeGenerator] This is an error message.
2016-12-06T21:06:24.519Z - error: [gme:server:worker:simpleworker:pid_13472:WorkerFunctions:PluginManagerBase:plugin:MoleculeCodeGenerator] Error: ENOENT: no such file or directory, open 'C:\Users\TengyuMa\Desktop\cs6388\classproject\chosen.css'
    at Error (native)
    at Object.fs.openSync (fs.js:549:18)
    at Object.fs.readFileSync (fs.js:397:15)
    at C:\Users\TengyuMa\Desktop\cs6388\classproject\src\plugins\MoleculeCodeGenerator\MoleculeCodeGenerator.js:173:37
    at _fulfilled (C:\Users\TengyuMa\Desktop\cs6388\classproject\node_modules\q\q.js:834:54)
    at self.promiseDispatch.done (C:\Users\TengyuMa\Desktop\cs6388\classproject\node_modules\q\q.js:863:30)
    at Promise.promise.promiseDispatch (C:\Users\TengyuMa\Desktop\cs6388\classproject\node_modules\q\q.js:796:13)
    at C:\Users\TengyuMa\Desktop\cs6388\classproject\node_modules\q\q.js:604:44
    at runSingle (C:\Users\TengyuMa\Desktop\cs6388\classproject\node_modules\q\q.js:137:13)
    at flush (C:\Users\TengyuMa\Desktop\cs6388\classproject\node_modules\q\q.js:125:13)
2016-12-06T21:06:24.521Z - error: [gme:server:worker:simpleworker:pid_13472:WorkerFunctions] plugin [MoleculeCodeGenerator] failed with error Error: ENOENT: no such file or directory, open 'C:\Users\TengyuMa\Desktop\cs6388\classproject\chosen.css'
    at Error (native)
    at Object.fs.openSync (fs.js:549:18)
    at Object.fs.readFileSync (fs.js:397:15)
    at C:\Users\TengyuMa\Desktop\cs6388\classproject\src\plugins\MoleculeCodeGenerator\MoleculeCodeGenerator.js:173:37
    at _fulfilled (C:\Users\TengyuMa\Desktop\cs6388\classproject\node_modules\q\q.js:834:54)
    at self.promiseDispatch.done (C:\Users\TengyuMa\Desktop\cs6388\classproject\node_modules\q\q.js:863:30)
    at Promise.promise.promiseDispatch (C:\Users\TengyuMa\Desktop\cs6388\classproject\node_modules\q\q.js:796:13)
    at C:\Users\TengyuMa\Desktop\cs6388\classproject\node_modules\q\q.js:604:44
    at runSingle (C:\Users\TengyuMa\Desktop\cs6388\classproject\node_modules\q\q.js:137:13)
    at flush (C:\Users\TengyuMa\Desktop\cs6388\classproject\node_modules\q\q.js:125:13)
2016-12-06T21:07:31.500Z - error: [gme:server:worker:simpleworker:pid_13472:WorkerFunctions:PluginManagerBase:plugin:MoleculeCodeGenerator] This is an error message.
2016-12-06T21:07:34.304Z - error: [gme:server:worker:simpleworker:pid_13472:WorkerFunctions:PluginManagerBase:plugin:MoleculeCodeGenerator] Error: ENOENT: no such file or directory, open 'C:\Users\TengyuMa\Desktop\cs6388\classproject\chosen.css'
    at Error (native)
    at Object.fs.openSync (fs.js:549:18)
    at Object.fs.readFileSync (fs.js:397:15)
    at C:\Users\TengyuMa\Desktop\cs6388\classproject\src\plugins\MoleculeCodeGenerator\MoleculeCodeGenerator.js:173:37
    at _fulfilled (C:\Users\TengyuMa\Desktop\cs6388\classproject\node_modules\q\q.js:834:54)
    at self.promiseDispatch.done (C:\Users\TengyuMa\Desktop\cs6388\classproject\node_modules\q\q.js:863:30)
    at Promise.promise.promiseDispatch (C:\Users\TengyuMa\Desktop\cs6388\classproject\node_modules\q\q.js:796:13)
    at C:\Users\TengyuMa\Desktop\cs6388\classproject\node_modules\q\q.js:604:44
    at runSingle (C:\Users\TengyuMa\Desktop\cs6388\classproject\node_modules\q\q.js:137:13)
    at flush (C:\Users\TengyuMa\Desktop\cs6388\classproject\node_modules\q\q.js:125:13)
2016-12-06T21:07:34.305Z - error: [gme:server:worker:simpleworker:pid_13472:WorkerFunctions] plugin [MoleculeCodeGenerator] failed with error Error: ENOENT: no such file or directory, open 'C:\Users\TengyuMa\Desktop\cs6388\classproject\chosen.css'
    at Error (native)
    at Object.fs.openSync (fs.js:549:18)
    at Object.fs.readFileSync (fs.js:397:15)
    at C:\Users\TengyuMa\Desktop\cs6388\classproject\src\plugins\MoleculeCodeGenerator\MoleculeCodeGenerator.js:173:37
    at _fulfilled (C:\Users\TengyuMa\Desktop\cs6388\classproject\node_modules\q\q.js:834:54)
    at self.promiseDispatch.done (C:\Users\TengyuMa\Desktop\cs6388\classproject\node_modules\q\q.js:863:30)
    at Promise.promise.promiseDispatch (C:\Users\TengyuMa\Desktop\cs6388\classproject\node_modules\q\q.js:796:13)
    at C:\Users\TengyuMa\Desktop\cs6388\classproject\node_modules\q\q.js:604:44
    at runSingle (C:\Users\TengyuMa\Desktop\cs6388\classproject\node_modules\q\q.js:137:13)
    at flush (C:\Users\TengyuMa\Desktop\cs6388\classproject\node_modules\q\q.js:125:13)
2016-12-06T21:09:43.560Z - error: [gme:server:worker:simpleworker:pid_7408:WorkerFunctions:PluginManagerBase:plugin:MoleculeCodeGenerator] This is an error message.
2016-12-06T21:09:46.125Z - error: [gme:server:worker:simpleworker:pid_7408:WorkerFunctions:PluginManagerBase:plugin:MoleculeCodeGenerator] Error: ENOENT: no such file or directory, open 'C:\Users\TengyuMa\Desktop\cs6388\classproject\chosen.css'
    at Error (native)
    at Object.fs.openSync (fs.js:549:18)
    at Object.fs.readFileSync (fs.js:397:15)
    at C:\Users\TengyuMa\Desktop\cs6388\classproject\src\plugins\MoleculeCodeGenerator\MoleculeCodeGenerator.js:177:37
    at _fulfilled (C:\Users\TengyuMa\Desktop\cs6388\classproject\node_modules\q\q.js:834:54)
    at self.promiseDispatch.done (C:\Users\TengyuMa\Desktop\cs6388\classproject\node_modules\q\q.js:863:30)
    at Promise.promise.promiseDispatch (C:\Users\TengyuMa\Desktop\cs6388\classproject\node_modules\q\q.js:796:13)
    at C:\Users\TengyuMa\Desktop\cs6388\classproject\node_modules\q\q.js:604:44
    at runSingle (C:\Users\TengyuMa\Desktop\cs6388\classproject\node_modules\q\q.js:137:13)
    at flush (C:\Users\TengyuMa\Desktop\cs6388\classproject\node_modules\q\q.js:125:13)
2016-12-06T21:09:46.127Z - error: [gme:server:worker:simpleworker:pid_7408:WorkerFunctions] plugin [MoleculeCodeGenerator] failed with error Error: ENOENT: no such file or directory, open 'C:\Users\TengyuMa\Desktop\cs6388\classproject\chosen.css'
    at Error (native)
    at Object.fs.openSync (fs.js:549:18)
    at Object.fs.readFileSync (fs.js:397:15)
    at C:\Users\TengyuMa\Desktop\cs6388\classproject\src\plugins\MoleculeCodeGenerator\MoleculeCodeGenerator.js:177:37
    at _fulfilled (C:\Users\TengyuMa\Desktop\cs6388\classproject\node_modules\q\q.js:834:54)
    at self.promiseDispatch.done (C:\Users\TengyuMa\Desktop\cs6388\classproject\node_modules\q\q.js:863:30)
    at Promise.promise.promiseDispatch (C:\Users\TengyuMa\Desktop\cs6388\classproject\node_modules\q\q.js:796:13)
    at C:\Users\TengyuMa\Desktop\cs6388\classproject\node_modules\q\q.js:604:44
    at runSingle (C:\Users\TengyuMa\Desktop\cs6388\classproject\node_modules\q\q.js:137:13)
    at flush (C:\Users\TengyuMa\Desktop\cs6388\classproject\node_modules\q\q.js:125:13)
2016-12-06T21:10:59.939Z - error: [gme:server:worker:simpleworker:pid_7408:WorkerFunctions:PluginManagerBase:plugin:MoleculeCodeGenerator] This is an error message.
2016-12-06T21:11:00.287Z - error: [gme:server:worker:simpleworker:pid_7408:WorkerFunctions:PluginManagerBase:plugin:MoleculeCodeGenerator] TypeError: Cannot read property 'length' of undefined
    at Object.exports.parse (C:\Users\TengyuMa\Desktop\cs6388\classproject\node_modules\webgme\src\common\util\ejs.js:3:2104)
    at exports.compile (C:\Users\TengyuMa\Desktop\cs6388\classproject\node_modules\webgme\src\common\util\ejs.js:3:3947)
    at Object.exports.render (C:\Users\TengyuMa\Desktop\cs6388\classproject\node_modules\webgme\src\common\util\ejs.js:3:4727)
    at C:\Users\TengyuMa\Desktop\cs6388\classproject\src\plugins\MoleculeCodeGenerator\MoleculeCodeGenerator.js:151:33
    at _fulfilled (C:\Users\TengyuMa\Desktop\cs6388\classproject\node_modules\q\q.js:834:54)
    at self.promiseDispatch.done (C:\Users\TengyuMa\Desktop\cs6388\classproject\node_modules\q\q.js:863:30)
    at Promise.promise.promiseDispatch (C:\Users\TengyuMa\Desktop\cs6388\classproject\node_modules\q\q.js:796:13)
    at C:\Users\TengyuMa\Desktop\cs6388\classproject\node_modules\q\q.js:604:44
    at runSingle (C:\Users\TengyuMa\Desktop\cs6388\classproject\node_modules\q\q.js:137:13)
    at flush (C:\Users\TengyuMa\Desktop\cs6388\classproject\node_modules\q\q.js:125:13)
2016-12-06T21:11:00.289Z - error: [gme:server:worker:simpleworker:pid_7408:WorkerFunctions] plugin [MoleculeCodeGenerator] failed with error TypeError: Cannot read property 'length' of undefined
    at Object.exports.parse (C:\Users\TengyuMa\Desktop\cs6388\classproject\node_modules\webgme\src\common\util\ejs.js:3:2104)
    at exports.compile (C:\Users\TengyuMa\Desktop\cs6388\classproject\node_modules\webgme\src\common\util\ejs.js:3:3947)
    at Object.exports.render (C:\Users\TengyuMa\Desktop\cs6388\classproject\node_modules\webgme\src\common\util\ejs.js:3:4727)
    at C:\Users\TengyuMa\Desktop\cs6388\classproject\src\plugins\MoleculeCodeGenerator\MoleculeCodeGenerator.js:151:33
    at _fulfilled (C:\Users\TengyuMa\Desktop\cs6388\classproject\node_modules\q\q.js:834:54)
    at self.promiseDispatch.done (C:\Users\TengyuMa\Desktop\cs6388\classproject\node_modules\q\q.js:863:30)
    at Promise.promise.promiseDispatch (C:\Users\TengyuMa\Desktop\cs6388\classproject\node_modules\q\q.js:796:13)
    at C:\Users\TengyuMa\Desktop\cs6388\classproject\node_modules\q\q.js:604:44
    at runSingle (C:\Users\TengyuMa\Desktop\cs6388\classproject\node_modules\q\q.js:137:13)
    at flush (C:\Users\TengyuMa\Desktop\cs6388\classproject\node_modules\q\q.js:125:13)
2016-12-06T21:11:31.469Z - error: [gme:server:worker:simpleworker:pid_14372:WorkerFunctions:PluginManagerBase:plugin:MoleculeCodeGenerator] This is an error message.
2016-12-06T21:11:33.716Z - error: [gme:server:worker:simpleworker:pid_14372:WorkerFunctions:PluginManagerBase:plugin:MoleculeCodeGenerator] Error: ENOENT: no such file or directory, open 'C:\Users\TengyuMa\Desktop\cs6388\classproject\chosen.css'
    at Error (native)
    at Object.fs.openSync (fs.js:549:18)
    at Object.fs.readFileSync (fs.js:397:15)
    at C:\Users\TengyuMa\Desktop\cs6388\classproject\src\plugins\MoleculeCodeGenerator\MoleculeCodeGenerator.js:177:37
    at _fulfilled (C:\Users\TengyuMa\Desktop\cs6388\classproject\node_modules\q\q.js:834:54)
    at self.promiseDispatch.done (C:\Users\TengyuMa\Desktop\cs6388\classproject\node_modules\q\q.js:863:30)
    at Promise.promise.promiseDispatch (C:\Users\TengyuMa\Desktop\cs6388\classproject\node_modules\q\q.js:796:13)
    at C:\Users\TengyuMa\Desktop\cs6388\classproject\node_modules\q\q.js:604:44
    at runSingle (C:\Users\TengyuMa\Desktop\cs6388\classproject\node_modules\q\q.js:137:13)
    at flush (C:\Users\TengyuMa\Desktop\cs6388\classproject\node_modules\q\q.js:125:13)
2016-12-06T21:11:33.717Z - error: [gme:server:worker:simpleworker:pid_14372:WorkerFunctions] plugin [MoleculeCodeGenerator] failed with error Error: ENOENT: no such file or directory, open 'C:\Users\TengyuMa\Desktop\cs6388\classproject\chosen.css'
    at Error (native)
    at Object.fs.openSync (fs.js:549:18)
    at Object.fs.readFileSync (fs.js:397:15)
    at C:\Users\TengyuMa\Desktop\cs6388\classproject\src\plugins\MoleculeCodeGenerator\MoleculeCodeGenerator.js:177:37
    at _fulfilled (C:\Users\TengyuMa\Desktop\cs6388\classproject\node_modules\q\q.js:834:54)
    at self.promiseDispatch.done (C:\Users\TengyuMa\Desktop\cs6388\classproject\node_modules\q\q.js:863:30)
    at Promise.promise.promiseDispatch (C:\Users\TengyuMa\Desktop\cs6388\classproject\node_modules\q\q.js:796:13)
    at C:\Users\TengyuMa\Desktop\cs6388\classproject\node_modules\q\q.js:604:44
    at runSingle (C:\Users\TengyuMa\Desktop\cs6388\classproject\node_modules\q\q.js:137:13)
    at flush (C:\Users\TengyuMa\Desktop\cs6388\classproject\node_modules\q\q.js:125:13)
2016-12-06T21:12:08.779Z - error: [gme:server:worker:simpleworker:pid_14372:WorkerFunctions:PluginManagerBase:plugin:MoleculeCodeGenerator] This is an error message.
2016-12-06T21:12:11.328Z - error: [gme:server:worker:simpleworker:pid_14372:WorkerFunctions:PluginManagerBase:plugin:MoleculeCodeGenerator] Error: Command failed: C:\Windows\system32\cmd.exe /s /c "E:\Users\TengyuMa\Anaconda3\envs\iModels\python.exe C:\Users\TengyuMa\Desktop\cs6388\classproject\src\plugins\MoleculeCodeGenerator\example\VOnNx\Methane.py"
Traceback (most recent call last):
  File "C:\Users\TengyuMa\Desktop\cs6388\classproject\src\plugins\MoleculeCodeGenerator\example\VOnNx\Methane.py", line 16, in <module>
    methane = Methane()
NameError: name 'Methane' is not defined
 `E:\Users\TengyuMa\Anaconda3\envs\iModels\python.exe C:\Users\TengyuMa\Desktop\cs6388\classproject\src\plugins\MoleculeCodeGenerator\example\VOnNx\Methane.py` (exited with error code 1)
    at ChildProcess.exithandler (child_process.js:213:12)
    at emitTwo (events.js:87:13)
    at ChildProcess.emit (events.js:172:7)
    at maybeClose (internal/child_process.js:829:16)
    at Socket.<anonymous> (internal/child_process.js:319:11)
    at emitOne (events.js:77:13)
    at Socket.emit (events.js:169:7)
    at Pipe._onclose (net.js:486:12)
2016-12-06T21:12:11.329Z - error: [gme:server:worker:simpleworker:pid_14372:WorkerFunctions] plugin [MoleculeCodeGenerator] failed with error Error: Command failed: C:\Windows\system32\cmd.exe /s /c "E:\Users\TengyuMa\Anaconda3\envs\iModels\python.exe C:\Users\TengyuMa\Desktop\cs6388\classproject\src\plugins\MoleculeCodeGenerator\example\VOnNx\Methane.py"
Traceback (most recent call last):
  File "C:\Users\TengyuMa\Desktop\cs6388\classproject\src\plugins\MoleculeCodeGenerator\example\VOnNx\Methane.py", line 16, in <module>
    methane = Methane()
NameError: name 'Methane' is not defined
 `E:\Users\TengyuMa\Anaconda3\envs\iModels\python.exe C:\Users\TengyuMa\Desktop\cs6388\classproject\src\plugins\MoleculeCodeGenerator\example\VOnNx\Methane.py` (exited with error code 1)
    at ChildProcess.exithandler (child_process.js:213:12)
    at emitTwo (events.js:87:13)
    at ChildProcess.emit (events.js:172:7)
    at maybeClose (internal/child_process.js:829:16)
    at Socket.<anonymous> (internal/child_process.js:319:11)
    at emitOne (events.js:77:13)
    at Socket.emit (events.js:169:7)
    at Pipe._onclose (net.js:486:12)
2016-12-06T21:31:08.202Z - error: [gme:server:worker:simpleworker:pid_15144:WorkerFunctions:PluginManagerBase:plugin:MoleculeCodeGenerator] This is an error message.
2016-12-06T21:31:18.061Z - error: [gme:server:worker:simpleworker:pid_15144:WorkerFunctions:PluginManagerBase:plugin:MoleculeCodeGenerator] Error: ENOENT: no such file or directory, open 'C:\Users\TengyuMa\Desktop\cs6388\classproject\dir:  C:\Users\TengyuMa\AppData\Local\Temp\imolecule_1481059878_59wnkc6y\chosen.css'
    at Error (native)
    at Object.fs.openSync (fs.js:549:18)
    at Object.fs.readFileSync (fs.js:397:15)
    at C:\Users\TengyuMa\Desktop\cs6388\classproject\src\plugins\MoleculeCodeGenerator\MoleculeCodeGenerator.js:182:37
    at _fulfilled (C:\Users\TengyuMa\Desktop\cs6388\classproject\node_modules\q\q.js:834:54)
    at self.promiseDispatch.done (C:\Users\TengyuMa\Desktop\cs6388\classproject\node_modules\q\q.js:863:30)
    at Promise.promise.promiseDispatch (C:\Users\TengyuMa\Desktop\cs6388\classproject\node_modules\q\q.js:796:13)
    at C:\Users\TengyuMa\Desktop\cs6388\classproject\node_modules\q\q.js:604:44
    at runSingle (C:\Users\TengyuMa\Desktop\cs6388\classproject\node_modules\q\q.js:137:13)
    at flush (C:\Users\TengyuMa\Desktop\cs6388\classproject\node_modules\q\q.js:125:13)
2016-12-06T21:31:18.063Z - error: [gme:server:worker:simpleworker:pid_15144:WorkerFunctions] plugin [MoleculeCodeGenerator] failed with error Error: ENOENT: no such file or directory, open 'C:\Users\TengyuMa\Desktop\cs6388\classproject\dir:  C:\Users\TengyuMa\AppData\Local\Temp\imolecule_1481059878_59wnkc6y\chosen.css'
    at Error (native)
    at Object.fs.openSync (fs.js:549:18)
    at Object.fs.readFileSync (fs.js:397:15)
    at C:\Users\TengyuMa\Desktop\cs6388\classproject\src\plugins\MoleculeCodeGenerator\MoleculeCodeGenerator.js:182:37
    at _fulfilled (C:\Users\TengyuMa\Desktop\cs6388\classproject\node_modules\q\q.js:834:54)
    at self.promiseDispatch.done (C:\Users\TengyuMa\Desktop\cs6388\classproject\node_modules\q\q.js:863:30)
    at Promise.promise.promiseDispatch (C:\Users\TengyuMa\Desktop\cs6388\classproject\node_modules\q\q.js:796:13)
    at C:\Users\TengyuMa\Desktop\cs6388\classproject\node_modules\q\q.js:604:44
    at runSingle (C:\Users\TengyuMa\Desktop\cs6388\classproject\node_modules\q\q.js:137:13)
    at flush (C:\Users\TengyuMa\Desktop\cs6388\classproject\node_modules\q\q.js:125:13)
2016-12-06T21:33:04.431Z - error: [gme:server:worker:simpleworker:pid_13948:WorkerFunctions:PluginManagerBase:plugin:MoleculeCodeGenerator] This is an error message.
2016-12-06T21:35:32.372Z - error: [gme:server:worker:simpleworker:pid_13948:WorkerFunctions:PluginManagerBase:plugin:MoleculeCodeGenerator] This is an error message.
2016-12-06T21:35:32.523Z - error: [gme:server:worker:simpleworker:pid_13948:WorkerFunctions:PluginManagerBase:plugin:MoleculeCodeGenerator] SyntaxError: Expected () to start arrow function, but got ',' instead of '=>' while compiling ejs
    at Function (native)
    at exports.compile (C:\Users\TengyuMa\Desktop\cs6388\classproject\node_modules\webgme\src\common\util\ejs.js:3:4212)
    at Object.exports.render (C:\Users\TengyuMa\Desktop\cs6388\classproject\node_modules\webgme\src\common\util\ejs.js:3:4727)
    at C:\Users\TengyuMa\Desktop\cs6388\classproject\src\plugins\MoleculeCodeGenerator\MoleculeCodeGenerator.js:156:33
    at _fulfilled (C:\Users\TengyuMa\Desktop\cs6388\classproject\node_modules\q\q.js:834:54)
    at self.promiseDispatch.done (C:\Users\TengyuMa\Desktop\cs6388\classproject\node_modules\q\q.js:863:30)
    at Promise.promise.promiseDispatch (C:\Users\TengyuMa\Desktop\cs6388\classproject\node_modules\q\q.js:796:13)
    at C:\Users\TengyuMa\Desktop\cs6388\classproject\node_modules\q\q.js:604:44
    at runSingle (C:\Users\TengyuMa\Desktop\cs6388\classproject\node_modules\q\q.js:137:13)
    at flush (C:\Users\TengyuMa\Desktop\cs6388\classproject\node_modules\q\q.js:125:13)
2016-12-06T21:35:32.524Z - error: [gme:server:worker:simpleworker:pid_13948:WorkerFunctions] plugin [MoleculeCodeGenerator] failed with error SyntaxError: Expected () to start arrow function, but got ',' instead of '=>' while compiling ejs
    at Function (native)
    at exports.compile (C:\Users\TengyuMa\Desktop\cs6388\classproject\node_modules\webgme\src\common\util\ejs.js:3:4212)
    at Object.exports.render (C:\Users\TengyuMa\Desktop\cs6388\classproject\node_modules\webgme\src\common\util\ejs.js:3:4727)
    at C:\Users\TengyuMa\Desktop\cs6388\classproject\src\plugins\MoleculeCodeGenerator\MoleculeCodeGenerator.js:156:33
    at _fulfilled (C:\Users\TengyuMa\Desktop\cs6388\classproject\node_modules\q\q.js:834:54)
    at self.promiseDispatch.done (C:\Users\TengyuMa\Desktop\cs6388\classproject\node_modules\q\q.js:863:30)
    at Promise.promise.promiseDispatch (C:\Users\TengyuMa\Desktop\cs6388\classproject\node_modules\q\q.js:796:13)
    at C:\Users\TengyuMa\Desktop\cs6388\classproject\node_modules\q\q.js:604:44
    at runSingle (C:\Users\TengyuMa\Desktop\cs6388\classproject\node_modules\q\q.js:137:13)
    at flush (C:\Users\TengyuMa\Desktop\cs6388\classproject\node_modules\q\q.js:125:13)
2016-12-06T21:36:42.833Z - error: [gme:server:worker:simpleworker:pid_16136:WorkerFunctions:PluginManagerBase:plugin:MoleculeCodeGenerator] This is an error message.
2016-12-06T21:36:43.007Z - error: [gme:server:worker:simpleworker:pid_16136:WorkerFunctions:PluginManagerBase:plugin:MoleculeCodeGenerator] SyntaxError: Expected () to start arrow function, but got ',' instead of '=>' while compiling ejs
    at Function (native)
    at exports.compile (C:\Users\TengyuMa\Desktop\cs6388\classproject\node_modules\webgme\src\common\util\ejs.js:3:4212)
    at Object.exports.render (C:\Users\TengyuMa\Desktop\cs6388\classproject\node_modules\webgme\src\common\util\ejs.js:3:4727)
    at C:\Users\TengyuMa\Desktop\cs6388\classproject\src\plugins\MoleculeCodeGenerator\MoleculeCodeGenerator.js:156:33
    at _fulfilled (C:\Users\TengyuMa\Desktop\cs6388\classproject\node_modules\q\q.js:834:54)
    at self.promiseDispatch.done (C:\Users\TengyuMa\Desktop\cs6388\classproject\node_modules\q\q.js:863:30)
    at Promise.promise.promiseDispatch (C:\Users\TengyuMa\Desktop\cs6388\classproject\node_modules\q\q.js:796:13)
    at C:\Users\TengyuMa\Desktop\cs6388\classproject\node_modules\q\q.js:604:44
    at runSingle (C:\Users\TengyuMa\Desktop\cs6388\classproject\node_modules\q\q.js:137:13)
    at flush (C:\Users\TengyuMa\Desktop\cs6388\classproject\node_modules\q\q.js:125:13)
2016-12-06T21:36:43.010Z - error: [gme:server:worker:simpleworker:pid_16136:WorkerFunctions] plugin [MoleculeCodeGenerator] failed with error SyntaxError: Expected () to start arrow function, but got ',' instead of '=>' while compiling ejs
    at Function (native)
    at exports.compile (C:\Users\TengyuMa\Desktop\cs6388\classproject\node_modules\webgme\src\common\util\ejs.js:3:4212)
    at Object.exports.render (C:\Users\TengyuMa\Desktop\cs6388\classproject\node_modules\webgme\src\common\util\ejs.js:3:4727)
    at C:\Users\TengyuMa\Desktop\cs6388\classproject\src\plugins\MoleculeCodeGenerator\MoleculeCodeGenerator.js:156:33
    at _fulfilled (C:\Users\TengyuMa\Desktop\cs6388\classproject\node_modules\q\q.js:834:54)
    at self.promiseDispatch.done (C:\Users\TengyuMa\Desktop\cs6388\classproject\node_modules\q\q.js:863:30)
    at Promise.promise.promiseDispatch (C:\Users\TengyuMa\Desktop\cs6388\classproject\node_modules\q\q.js:796:13)
    at C:\Users\TengyuMa\Desktop\cs6388\classproject\node_modules\q\q.js:604:44
    at runSingle (C:\Users\TengyuMa\Desktop\cs6388\classproject\node_modules\q\q.js:137:13)
    at flush (C:\Users\TengyuMa\Desktop\cs6388\classproject\node_modules\q\q.js:125:13)
2016-12-06T21:37:30.147Z - error: [gme:server:worker:simpleworker:pid_16092:WorkerFunctions:PluginManagerBase:plugin:MoleculeCodeGenerator] This is an error message.
2016-12-06T21:39:19.146Z - error: [gme:server:worker:simpleworker:pid_14332:WorkerFunctions:PluginManagerBase:plugin:MoleculeCodeGenerator] This is an error message.
2016-12-06T21:39:19.303Z - error: [gme:server:worker:simpleworker:pid_14332:WorkerFunctions:PluginManagerBase:plugin:MoleculeCodeGenerator] SyntaxError: Expected () to start arrow function, but got ',' instead of '=>' while compiling ejs
    at Function (native)
    at exports.compile (C:\Users\TengyuMa\Desktop\cs6388\classproject\node_modules\webgme\src\common\util\ejs.js:3:4212)
    at Object.exports.render (C:\Users\TengyuMa\Desktop\cs6388\classproject\node_modules\webgme\src\common\util\ejs.js:3:4727)
    at C:\Users\TengyuMa\Desktop\cs6388\classproject\src\plugins\MoleculeCodeGenerator\MoleculeCodeGenerator.js:156:33
    at _fulfilled (C:\Users\TengyuMa\Desktop\cs6388\classproject\node_modules\q\q.js:834:54)
    at self.promiseDispatch.done (C:\Users\TengyuMa\Desktop\cs6388\classproject\node_modules\q\q.js:863:30)
    at Promise.promise.promiseDispatch (C:\Users\TengyuMa\Desktop\cs6388\classproject\node_modules\q\q.js:796:13)
    at C:\Users\TengyuMa\Desktop\cs6388\classproject\node_modules\q\q.js:604:44
    at runSingle (C:\Users\TengyuMa\Desktop\cs6388\classproject\node_modules\q\q.js:137:13)
    at flush (C:\Users\TengyuMa\Desktop\cs6388\classproject\node_modules\q\q.js:125:13)
2016-12-06T21:39:19.304Z - error: [gme:server:worker:simpleworker:pid_14332:WorkerFunctions] plugin [MoleculeCodeGenerator] failed with error SyntaxError: Expected () to start arrow function, but got ',' instead of '=>' while compiling ejs
    at Function (native)
    at exports.compile (C:\Users\TengyuMa\Desktop\cs6388\classproject\node_modules\webgme\src\common\util\ejs.js:3:4212)
    at Object.exports.render (C:\Users\TengyuMa\Desktop\cs6388\classproject\node_modules\webgme\src\common\util\ejs.js:3:4727)
    at C:\Users\TengyuMa\Desktop\cs6388\classproject\src\plugins\MoleculeCodeGenerator\MoleculeCodeGenerator.js:156:33
    at _fulfilled (C:\Users\TengyuMa\Desktop\cs6388\classproject\node_modules\q\q.js:834:54)
    at self.promiseDispatch.done (C:\Users\TengyuMa\Desktop\cs6388\classproject\node_modules\q\q.js:863:30)
    at Promise.promise.promiseDispatch (C:\Users\TengyuMa\Desktop\cs6388\classproject\node_modules\q\q.js:796:13)
    at C:\Users\TengyuMa\Desktop\cs6388\classproject\node_modules\q\q.js:604:44
    at runSingle (C:\Users\TengyuMa\Desktop\cs6388\classproject\node_modules\q\q.js:137:13)
    at flush (C:\Users\TengyuMa\Desktop\cs6388\classproject\node_modules\q\q.js:125:13)
2016-12-06T21:41:15.811Z - error: [gme:server:worker:simpleworker:pid_13016:WorkerFunctions:PluginManagerBase:plugin:MoleculeCodeGenerator] This is an error message.
2016-12-06T21:41:17.898Z - error: [gme:server:worker:simpleworker:pid_13016:WorkerFunctions:PluginManagerBase:plugin:MoleculeCodeGenerator] Error: Command failed: C:\Windows\system32\cmd.exe /s /c "E:\Users\TengyuMa\Anaconda3\envs\iModels\python.exe C:\Users\TengyuMa\Desktop\cs6388\classproject\src\plugins\MoleculeCodeGenerator\example\SdTOE\CH3-CH2-Silane-CH3.py"
Traceback (most recent call last):
  File "C:\Users\TengyuMa\Desktop\cs6388\classproject\src\plugins\MoleculeCodeGenerator\example\SdTOE\CH3-CH2-Silane-CH3.py", line 115, in <module>
    monomer_A = [CH(), ("up", "down")]*0
NameError: name 'CH' is not defined
 `E:\Users\TengyuMa\Anaconda3\envs\iModels\python.exe C:\Users\TengyuMa\Desktop\cs6388\classproject\src\plugins\MoleculeCodeGenerator\example\SdTOE\CH3-CH2-Silane-CH3.py` (exited with error code 1)
    at ChildProcess.exithandler (child_process.js:213:12)
    at emitTwo (events.js:87:13)
    at ChildProcess.emit (events.js:172:7)
    at maybeClose (internal/child_process.js:829:16)
    at Socket.<anonymous> (internal/child_process.js:319:11)
    at emitOne (events.js:77:13)
    at Socket.emit (events.js:169:7)
    at Pipe._onclose (net.js:486:12)
2016-12-06T21:41:17.900Z - error: [gme:server:worker:simpleworker:pid_13016:WorkerFunctions] plugin [MoleculeCodeGenerator] failed with error Error: Command failed: C:\Windows\system32\cmd.exe /s /c "E:\Users\TengyuMa\Anaconda3\envs\iModels\python.exe C:\Users\TengyuMa\Desktop\cs6388\classproject\src\plugins\MoleculeCodeGenerator\example\SdTOE\CH3-CH2-Silane-CH3.py"
Traceback (most recent call last):
  File "C:\Users\TengyuMa\Desktop\cs6388\classproject\src\plugins\MoleculeCodeGenerator\example\SdTOE\CH3-CH2-Silane-CH3.py", line 115, in <module>
    monomer_A = [CH(), ("up", "down")]*0
NameError: name 'CH' is not defined
 `E:\Users\TengyuMa\Anaconda3\envs\iModels\python.exe C:\Users\TengyuMa\Desktop\cs6388\classproject\src\plugins\MoleculeCodeGenerator\example\SdTOE\CH3-CH2-Silane-CH3.py` (exited with error code 1)
    at ChildProcess.exithandler (child_process.js:213:12)
    at emitTwo (events.js:87:13)
    at ChildProcess.emit (events.js:172:7)
    at maybeClose (internal/child_process.js:829:16)
    at Socket.<anonymous> (internal/child_process.js:319:11)
    at emitOne (events.js:77:13)
    at Socket.emit (events.js:169:7)
    at Pipe._onclose (net.js:486:12)
2016-12-06T21:45:24.348Z - error: [gme:server:worker:simpleworker:pid_13016:WorkerFunctions:PluginManagerBase:plugin:MoleculeCodeGenerator] This is an error message.
2016-12-06T21:45:26.389Z - error: [gme:server:worker:simpleworker:pid_13016:WorkerFunctions:PluginManagerBase:plugin:MoleculeCodeGenerator] Error: Command failed: C:\Windows\system32\cmd.exe /s /c "E:\Users\TengyuMa\Anaconda3\envs\iModels\python.exe C:\Users\TengyuMa\Desktop\cs6388\classproject\src\plugins\MoleculeCodeGenerator\example\n0HyA\CH3-CH2-Silane-CH3.py"
Traceback (most recent call last):
  File "C:\Users\TengyuMa\Desktop\cs6388\classproject\src\plugins\MoleculeCodeGenerator\example\n0HyA\CH3-CH2-Silane-CH3.py", line 115, in <module>
    monomer_A = [CH(), ("up", "down")]*0
NameError: name 'CH' is not defined
 `E:\Users\TengyuMa\Anaconda3\envs\iModels\python.exe C:\Users\TengyuMa\Desktop\cs6388\classproject\src\plugins\MoleculeCodeGenerator\example\n0HyA\CH3-CH2-Silane-CH3.py` (exited with error code 1)
    at ChildProcess.exithandler (child_process.js:213:12)
    at emitTwo (events.js:87:13)
    at ChildProcess.emit (events.js:172:7)
    at maybeClose (internal/child_process.js:829:16)
    at Process.ChildProcess._handle.onexit (internal/child_process.js:211:5)
2016-12-06T21:45:26.390Z - error: [gme:server:worker:simpleworker:pid_13016:WorkerFunctions] plugin [MoleculeCodeGenerator] failed with error Error: Command failed: C:\Windows\system32\cmd.exe /s /c "E:\Users\TengyuMa\Anaconda3\envs\iModels\python.exe C:\Users\TengyuMa\Desktop\cs6388\classproject\src\plugins\MoleculeCodeGenerator\example\n0HyA\CH3-CH2-Silane-CH3.py"
Traceback (most recent call last):
  File "C:\Users\TengyuMa\Desktop\cs6388\classproject\src\plugins\MoleculeCodeGenerator\example\n0HyA\CH3-CH2-Silane-CH3.py", line 115, in <module>
    monomer_A = [CH(), ("up", "down")]*0
NameError: name 'CH' is not defined
 `E:\Users\TengyuMa\Anaconda3\envs\iModels\python.exe C:\Users\TengyuMa\Desktop\cs6388\classproject\src\plugins\MoleculeCodeGenerator\example\n0HyA\CH3-CH2-Silane-CH3.py` (exited with error code 1)
    at ChildProcess.exithandler (child_process.js:213:12)
    at emitTwo (events.js:87:13)
    at ChildProcess.emit (events.js:172:7)
    at maybeClose (internal/child_process.js:829:16)
    at Process.ChildProcess._handle.onexit (internal/child_process.js:211:5)
2016-12-06T21:47:30.428Z - error: [gme:server:worker:simpleworker:pid_16180:WorkerFunctions:PluginManagerBase:plugin:MoleculeCodeGenerator] This is an error message.
2016-12-06T21:47:32.584Z - error: [gme:server:worker:simpleworker:pid_16180:WorkerFunctions:PluginManagerBase:plugin:MoleculeCodeGenerator] Error: Command failed: C:\Windows\system32\cmd.exe /s /c "E:\Users\TengyuMa\Anaconda3\envs\iModels\python.exe C:\Users\TengyuMa\Desktop\cs6388\classproject\src\plugins\MoleculeCodeGenerator\example\frN1S\CH3-CH2-Silane-CH3.py"
Traceback (most recent call last):
  File "C:\Users\TengyuMa\Desktop\cs6388\classproject\src\plugins\MoleculeCodeGenerator\example\frN1S\CH3-CH2-Silane-CH3.py", line 118, in <module>
    pattern = [cap_front, [monomer_A, monomer_B]*undefined, cap_end]
NameError: name 'undefined' is not defined
 `E:\Users\TengyuMa\Anaconda3\envs\iModels\python.exe C:\Users\TengyuMa\Desktop\cs6388\classproject\src\plugins\MoleculeCodeGenerator\example\frN1S\CH3-CH2-Silane-CH3.py` (exited with error code 1)
    at ChildProcess.exithandler (child_process.js:213:12)
    at emitTwo (events.js:87:13)
    at ChildProcess.emit (events.js:172:7)
    at maybeClose (internal/child_process.js:829:16)
    at Socket.<anonymous> (internal/child_process.js:319:11)
    at emitOne (events.js:77:13)
    at Socket.emit (events.js:169:7)
    at Pipe._onclose (net.js:486:12)
2016-12-06T21:47:32.586Z - error: [gme:server:worker:simpleworker:pid_16180:WorkerFunctions] plugin [MoleculeCodeGenerator] failed with error Error: Command failed: C:\Windows\system32\cmd.exe /s /c "E:\Users\TengyuMa\Anaconda3\envs\iModels\python.exe C:\Users\TengyuMa\Desktop\cs6388\classproject\src\plugins\MoleculeCodeGenerator\example\frN1S\CH3-CH2-Silane-CH3.py"
Traceback (most recent call last):
  File "C:\Users\TengyuMa\Desktop\cs6388\classproject\src\plugins\MoleculeCodeGenerator\example\frN1S\CH3-CH2-Silane-CH3.py", line 118, in <module>
    pattern = [cap_front, [monomer_A, monomer_B]*undefined, cap_end]
NameError: name 'undefined' is not defined
 `E:\Users\TengyuMa\Anaconda3\envs\iModels\python.exe C:\Users\TengyuMa\Desktop\cs6388\classproject\src\plugins\MoleculeCodeGenerator\example\frN1S\CH3-CH2-Silane-CH3.py` (exited with error code 1)
    at ChildProcess.exithandler (child_process.js:213:12)
    at emitTwo (events.js:87:13)
    at ChildProcess.emit (events.js:172:7)
    at maybeClose (internal/child_process.js:829:16)
    at Socket.<anonymous> (internal/child_process.js:319:11)
    at emitOne (events.js:77:13)
    at Socket.emit (events.js:169:7)
    at Pipe._onclose (net.js:486:12)
2016-12-06T21:49:41.155Z - error: [gme:server:worker:simpleworker:pid_13836:WorkerFunctions:PluginManagerBase:plugin:MoleculeCodeGenerator] This is an error message.
2016-12-06T21:49:43.317Z - error: [gme:server:worker:simpleworker:pid_13836:WorkerFunctions:PluginManagerBase:plugin:MoleculeCodeGenerator] Error: Command failed: C:\Windows\system32\cmd.exe /s /c "E:\Users\TengyuMa\Anaconda3\envs\iModels\python.exe C:\Users\TengyuMa\Desktop\cs6388\classproject\src\plugins\MoleculeCodeGenerator\example\cEqoj\CH3-CH2-Silane-CH3.py"
Traceback (most recent call last):
  File "C:\Users\TengyuMa\Desktop\cs6388\classproject\src\plugins\MoleculeCodeGenerator\example\cEqoj\CH3-CH2-Silane-CH3.py", line 116, in <module>
    pattern = [cap_front, [monomer_A, monomer_B]*4, cap_end]
NameError: name 'monomer_A' is not defined
 `E:\Users\TengyuMa\Anaconda3\envs\iModels\python.exe C:\Users\TengyuMa\Desktop\cs6388\classproject\src\plugins\MoleculeCodeGenerator\example\cEqoj\CH3-CH2-Silane-CH3.py` (exited with error code 1)
    at ChildProcess.exithandler (child_process.js:213:12)
    at emitTwo (events.js:87:13)
    at ChildProcess.emit (events.js:172:7)
    at maybeClose (internal/child_process.js:829:16)
    at Socket.<anonymous> (internal/child_process.js:319:11)
    at emitOne (events.js:77:13)
    at Socket.emit (events.js:169:7)
    at Pipe._onclose (net.js:486:12)
2016-12-06T21:49:43.319Z - error: [gme:server:worker:simpleworker:pid_13836:WorkerFunctions] plugin [MoleculeCodeGenerator] failed with error Error: Command failed: C:\Windows\system32\cmd.exe /s /c "E:\Users\TengyuMa\Anaconda3\envs\iModels\python.exe C:\Users\TengyuMa\Desktop\cs6388\classproject\src\plugins\MoleculeCodeGenerator\example\cEqoj\CH3-CH2-Silane-CH3.py"
Traceback (most recent call last):
  File "C:\Users\TengyuMa\Desktop\cs6388\classproject\src\plugins\MoleculeCodeGenerator\example\cEqoj\CH3-CH2-Silane-CH3.py", line 116, in <module>
    pattern = [cap_front, [monomer_A, monomer_B]*4, cap_end]
NameError: name 'monomer_A' is not defined
 `E:\Users\TengyuMa\Anaconda3\envs\iModels\python.exe C:\Users\TengyuMa\Desktop\cs6388\classproject\src\plugins\MoleculeCodeGenerator\example\cEqoj\CH3-CH2-Silane-CH3.py` (exited with error code 1)
    at ChildProcess.exithandler (child_process.js:213:12)
    at emitTwo (events.js:87:13)
    at ChildProcess.emit (events.js:172:7)
    at maybeClose (internal/child_process.js:829:16)
    at Socket.<anonymous> (internal/child_process.js:319:11)
    at emitOne (events.js:77:13)
    at Socket.emit (events.js:169:7)
    at Pipe._onclose (net.js:486:12)
2016-12-06T21:52:51.808Z - error: [gme:server:worker:simpleworker:pid_11600:WorkerFunctions:PluginManagerBase:plugin:MoleculeCodeGenerator] This is an error message.
2016-12-06T21:52:53.794Z - error: [gme:server:worker:simpleworker:pid_11600:WorkerFunctions:PluginManagerBase:plugin:MoleculeCodeGenerator] Error: Command failed: C:\Windows\system32\cmd.exe /s /c "E:\Users\TengyuMa\Anaconda3\envs\iModels\python.exe C:\Users\TengyuMa\Desktop\cs6388\classproject\src\plugins\MoleculeCodeGenerator\example\eSfdl\CH3-CH2-Silane-CH3.py"
Traceback (most recent call last):
  File "C:\Users\TengyuMa\Desktop\cs6388\classproject\src\plugins\MoleculeCodeGenerator\example\eSfdl\CH3-CH2-Silane-CH3.py", line 116, in <module>
    pattern = [cap_front, [monomer_A, monomer_B]*4, cap_end]
NameError: name 'monomer_A' is not defined
 `E:\Users\TengyuMa\Anaconda3\envs\iModels\python.exe C:\Users\TengyuMa\Desktop\cs6388\classproject\src\plugins\MoleculeCodeGenerator\example\eSfdl\CH3-CH2-Silane-CH3.py` (exited with error code 1)
    at ChildProcess.exithandler (child_process.js:213:12)
    at emitTwo (events.js:87:13)
    at ChildProcess.emit (events.js:172:7)
    at maybeClose (internal/child_process.js:829:16)
    at Socket.<anonymous> (internal/child_process.js:319:11)
    at emitOne (events.js:77:13)
    at Socket.emit (events.js:169:7)
    at Pipe._onclose (net.js:486:12)
2016-12-06T21:52:53.796Z - error: [gme:server:worker:simpleworker:pid_11600:WorkerFunctions] plugin [MoleculeCodeGenerator] failed with error Error: Command failed: C:\Windows\system32\cmd.exe /s /c "E:\Users\TengyuMa\Anaconda3\envs\iModels\python.exe C:\Users\TengyuMa\Desktop\cs6388\classproject\src\plugins\MoleculeCodeGenerator\example\eSfdl\CH3-CH2-Silane-CH3.py"
Traceback (most recent call last):
  File "C:\Users\TengyuMa\Desktop\cs6388\classproject\src\plugins\MoleculeCodeGenerator\example\eSfdl\CH3-CH2-Silane-CH3.py", line 116, in <module>
    pattern = [cap_front, [monomer_A, monomer_B]*4, cap_end]
NameError: name 'monomer_A' is not defined
 `E:\Users\TengyuMa\Anaconda3\envs\iModels\python.exe C:\Users\TengyuMa\Desktop\cs6388\classproject\src\plugins\MoleculeCodeGenerator\example\eSfdl\CH3-CH2-Silane-CH3.py` (exited with error code 1)
    at ChildProcess.exithandler (child_process.js:213:12)
    at emitTwo (events.js:87:13)
    at ChildProcess.emit (events.js:172:7)
    at maybeClose (internal/child_process.js:829:16)
    at Socket.<anonymous> (internal/child_process.js:319:11)
    at emitOne (events.js:77:13)
    at Socket.emit (events.js:169:7)
    at Pipe._onclose (net.js:486:12)
2016-12-06T21:53:27.145Z - error: [gme:server:worker:simpleworker:pid_9136:WorkerFunctions:PluginManagerBase:plugin:MoleculeCodeGenerator] This is an error message.
2016-12-06T21:53:29.293Z - error: [gme:server:worker:simpleworker:pid_9136:WorkerFunctions:PluginManagerBase:plugin:MoleculeCodeGenerator] Error: Command failed: C:\Windows\system32\cmd.exe /s /c "E:\Users\TengyuMa\Anaconda3\envs\iModels\python.exe C:\Users\TengyuMa\Desktop\cs6388\classproject\src\plugins\MoleculeCodeGenerator\example\0pkRE\CH3-CH2-Silane-CH3.py"
Traceback (most recent call last):
  File "C:\Users\TengyuMa\Desktop\cs6388\classproject\src\plugins\MoleculeCodeGenerator\example\0pkRE\CH3-CH2-Silane-CH3.py", line 118, in <module>
    pattern = [cap_front, [monomer_A, monomer_B]*undefined, cap_end]
NameError: name 'undefined' is not defined
 `E:\Users\TengyuMa\Anaconda3\envs\iModels\python.exe C:\Users\TengyuMa\Desktop\cs6388\classproject\src\plugins\MoleculeCodeGenerator\example\0pkRE\CH3-CH2-Silane-CH3.py` (exited with error code 1)
    at ChildProcess.exithandler (child_process.js:213:12)
    at emitTwo (events.js:87:13)
    at ChildProcess.emit (events.js:172:7)
    at maybeClose (internal/child_process.js:829:16)
    at Socket.<anonymous> (internal/child_process.js:319:11)
    at emitOne (events.js:77:13)
    at Socket.emit (events.js:169:7)
    at Pipe._onclose (net.js:486:12)
2016-12-06T21:53:29.295Z - error: [gme:server:worker:simpleworker:pid_9136:WorkerFunctions] plugin [MoleculeCodeGenerator] failed with error Error: Command failed: C:\Windows\system32\cmd.exe /s /c "E:\Users\TengyuMa\Anaconda3\envs\iModels\python.exe C:\Users\TengyuMa\Desktop\cs6388\classproject\src\plugins\MoleculeCodeGenerator\example\0pkRE\CH3-CH2-Silane-CH3.py"
Traceback (most recent call last):
  File "C:\Users\TengyuMa\Desktop\cs6388\classproject\src\plugins\MoleculeCodeGenerator\example\0pkRE\CH3-CH2-Silane-CH3.py", line 118, in <module>
    pattern = [cap_front, [monomer_A, monomer_B]*undefined, cap_end]
NameError: name 'undefined' is not defined
 `E:\Users\TengyuMa\Anaconda3\envs\iModels\python.exe C:\Users\TengyuMa\Desktop\cs6388\classproject\src\plugins\MoleculeCodeGenerator\example\0pkRE\CH3-CH2-Silane-CH3.py` (exited with error code 1)
    at ChildProcess.exithandler (child_process.js:213:12)
    at emitTwo (events.js:87:13)
    at ChildProcess.emit (events.js:172:7)
    at maybeClose (internal/child_process.js:829:16)
    at Socket.<anonymous> (internal/child_process.js:319:11)
    at emitOne (events.js:77:13)
    at Socket.emit (events.js:169:7)
    at Pipe._onclose (net.js:486:12)
2016-12-06T21:56:19.213Z - error: [gme:server:worker:simpleworker:pid_10640:WorkerFunctions:PluginManagerBase:plugin:MoleculeCodeGenerator] This is an error message.
2016-12-06T21:56:21.229Z - error: [gme:server:worker:simpleworker:pid_10640:WorkerFunctions:PluginManagerBase:plugin:MoleculeCodeGenerator] Error: Command failed: C:\Windows\system32\cmd.exe /s /c "E:\Users\TengyuMa\Anaconda3\envs\iModels\python.exe C:\Users\TengyuMa\Desktop\cs6388\classproject\src\plugins\MoleculeCodeGenerator\example\PJR3W\CH3-CH2-Silane-CH3.py"
Traceback (most recent call last):
  File "C:\Users\TengyuMa\Desktop\cs6388\classproject\src\plugins\MoleculeCodeGenerator\example\PJR3W\CH3-CH2-Silane-CH3.py", line 116, in <module>
    pattern = [cap_front, [monomer_A, monomer_B]*4, cap_end]
NameError: name 'monomer_A' is not defined
 `E:\Users\TengyuMa\Anaconda3\envs\iModels\python.exe C:\Users\TengyuMa\Desktop\cs6388\classproject\src\plugins\MoleculeCodeGenerator\example\PJR3W\CH3-CH2-Silane-CH3.py` (exited with error code 1)
    at ChildProcess.exithandler (child_process.js:213:12)
    at emitTwo (events.js:87:13)
    at ChildProcess.emit (events.js:172:7)
    at maybeClose (internal/child_process.js:829:16)
    at Socket.<anonymous> (internal/child_process.js:319:11)
    at emitOne (events.js:77:13)
    at Socket.emit (events.js:169:7)
    at Pipe._onclose (net.js:486:12)
2016-12-06T21:56:21.231Z - error: [gme:server:worker:simpleworker:pid_10640:WorkerFunctions] plugin [MoleculeCodeGenerator] failed with error Error: Command failed: C:\Windows\system32\cmd.exe /s /c "E:\Users\TengyuMa\Anaconda3\envs\iModels\python.exe C:\Users\TengyuMa\Desktop\cs6388\classproject\src\plugins\MoleculeCodeGenerator\example\PJR3W\CH3-CH2-Silane-CH3.py"
Traceback (most recent call last):
  File "C:\Users\TengyuMa\Desktop\cs6388\classproject\src\plugins\MoleculeCodeGenerator\example\PJR3W\CH3-CH2-Silane-CH3.py", line 116, in <module>
    pattern = [cap_front, [monomer_A, monomer_B]*4, cap_end]
NameError: name 'monomer_A' is not defined
 `E:\Users\TengyuMa\Anaconda3\envs\iModels\python.exe C:\Users\TengyuMa\Desktop\cs6388\classproject\src\plugins\MoleculeCodeGenerator\example\PJR3W\CH3-CH2-Silane-CH3.py` (exited with error code 1)
    at ChildProcess.exithandler (child_process.js:213:12)
    at emitTwo (events.js:87:13)
    at ChildProcess.emit (events.js:172:7)
    at maybeClose (internal/child_process.js:829:16)
    at Socket.<anonymous> (internal/child_process.js:319:11)
    at emitOne (events.js:77:13)
    at Socket.emit (events.js:169:7)
    at Pipe._onclose (net.js:486:12)
2016-12-06T21:57:57.614Z - error: [gme:server:worker:simpleworker:pid_15468:WorkerFunctions:PluginManagerBase:plugin:MoleculeCodeGenerator] This is an error message.
2016-12-06T21:58:50.407Z - error: [gme:server:worker:simpleworker:pid_15468:WorkerFunctions:PluginManagerBase:plugin:MoleculeCodeGenerator] This is an error message.
2016-12-06T21:59:33.487Z - error: [gme:server:worker:simpleworker:pid_9696:WorkerFunctions:PluginManagerBase:plugin:MoleculeCodeGenerator] This is an error message.
2016-12-06T22:21:10.998Z - error: [gme:server:worker:simpleworker:pid_5448:WorkerFunctions:PluginManagerBase:plugin:MoleculeCodeGenerator] This is an error message.
2016-12-06T22:25:03.744Z - error: [gme:server:worker:simpleworker:pid_5448:WorkerFunctions:PluginManagerBase:plugin:MoleculeCodeGenerator] This is an error message.
2016-12-06T22:43:58.081Z - error: [gme:server:worker:simpleworker:pid_4636:WorkerFunctions:PluginManagerBase:plugin:MoleculeCodeGenerator] This is an error message.
2016-12-06T22:44:36.172Z - error: [gme:server:worker:simpleworker:pid_4636:WorkerFunctions:PluginManagerBase:plugin:MoleculeCodeGenerator] This is an error message.
2016-12-06T22:44:55.116Z - error: [gme:server:worker:simpleworker:pid_4636:WorkerFunctions:PluginManagerBase:plugin:MoleculeCodeGenerator] This is an error message.
2016-12-06T22:47:12.708Z - error: [gme:server:worker:simpleworker:pid_3000:WorkerFunctions:PluginManagerBase:plugin:MoleculeCodeGenerator] This is an error message.
2016-12-06T22:47:54.237Z - error: [gme:server:worker:simpleworker:pid_1216:WorkerFunctions:PluginManagerBase:plugin:MoleculeCodeGenerator] This is an error message.
2016-12-06T22:48:23.506Z - error: [gme:server:worker:simpleworker:pid_1216:WorkerFunctions:PluginManagerBase:plugin:MoleculeCodeGenerator] This is an error message.
2016-12-06T22:49:00.536Z - error: [gme:server:worker:simpleworker:pid_1216:WorkerFunctions:PluginManagerBase:plugin:MoleculeCodeGenerator] This is an error message.
2016-12-07T22:15:37.616Z - error: [gme:server:worker:simpleworker:pid_6676:WorkerFunctions:PluginManagerBase:plugin:MoleculeCodeGenerator] This is an error message.
2016-12-07T22:15:39.572Z - error: [gme:server:worker:simpleworker:pid_6676:WorkerFunctions:PluginManagerBase:plugin:MoleculeCodeGenerator] Error: Command failed: C:\Windows\system32\cmd.exe /s /c "E:\Users\TengyuMa\Anaconda3\envs\iModels\python.exe C:\Users\TengyuMa\Desktop\cs6388\classproject\src\plugins\MoleculeCodeGenerator\example\14Frf\Methane.py"
Traceback (most recent call last):
  File "C:\Users\TengyuMa\Desktop\cs6388\classproject\src\plugins\MoleculeCodeGenerator\example\14Frf\Methane.py", line 16, in <module>
    methane = Methane()
NameError: name 'Methane' is not defined
 `E:\Users\TengyuMa\Anaconda3\envs\iModels\python.exe C:\Users\TengyuMa\Desktop\cs6388\classproject\src\plugins\MoleculeCodeGenerator\example\14Frf\Methane.py` (exited with error code 1)
    at ChildProcess.exithandler (child_process.js:213:12)
    at emitTwo (events.js:87:13)
    at ChildProcess.emit (events.js:172:7)
    at maybeClose (internal/child_process.js:829:16)
    at Socket.<anonymous> (internal/child_process.js:319:11)
    at emitOne (events.js:77:13)
    at Socket.emit (events.js:169:7)
    at Pipe._onclose (net.js:486:12)
2016-12-07T22:15:39.573Z - error: [gme:server:worker:simpleworker:pid_6676:WorkerFunctions] plugin [MoleculeCodeGenerator] failed with error Error: Command failed: C:\Windows\system32\cmd.exe /s /c "E:\Users\TengyuMa\Anaconda3\envs\iModels\python.exe C:\Users\TengyuMa\Desktop\cs6388\classproject\src\plugins\MoleculeCodeGenerator\example\14Frf\Methane.py"
Traceback (most recent call last):
  File "C:\Users\TengyuMa\Desktop\cs6388\classproject\src\plugins\MoleculeCodeGenerator\example\14Frf\Methane.py", line 16, in <module>
    methane = Methane()
NameError: name 'Methane' is not defined
 `E:\Users\TengyuMa\Anaconda3\envs\iModels\python.exe C:\Users\TengyuMa\Desktop\cs6388\classproject\src\plugins\MoleculeCodeGenerator\example\14Frf\Methane.py` (exited with error code 1)
    at ChildProcess.exithandler (child_process.js:213:12)
    at emitTwo (events.js:87:13)
    at ChildProcess.emit (events.js:172:7)
    at maybeClose (internal/child_process.js:829:16)
    at Socket.<anonymous> (internal/child_process.js:319:11)
    at emitOne (events.js:77:13)
    at Socket.emit (events.js:169:7)
    at Pipe._onclose (net.js:486:12)
2016-12-07T22:15:58.753Z - error: [gme:server:worker:simpleworker:pid_6676:WorkerFunctions:PluginManagerBase:plugin:MoleculeCodeGenerator] This is an error message.
2016-12-07T22:17:26.262Z - error: [gme:server:worker:simpleworker:pid_2336:WorkerFunctions:PluginManagerBase:plugin:MoleculeCodeGenerator] This is an error message.
2016-12-07T22:17:28.181Z - error: [gme:server:worker:simpleworker:pid_2336:WorkerFunctions:PluginManagerBase:plugin:MoleculeCodeGenerator] Error: Command failed: C:\Windows\system32\cmd.exe /s /c "E:\Users\TengyuMa\Anaconda3\envs\iModels\python.exe C:\Users\TengyuMa\Desktop\cs6388\classproject\src\plugins\MoleculeCodeGenerator\example\HnOwL\Methane.py"
Traceback (most recent call last):
  File "C:\Users\TengyuMa\Desktop\cs6388\classproject\src\plugins\MoleculeCodeGenerator\example\HnOwL\Methane.py", line 16, in <module>
    methane = Methane()
NameError: name 'Methane' is not defined
 `E:\Users\TengyuMa\Anaconda3\envs\iModels\python.exe C:\Users\TengyuMa\Desktop\cs6388\classproject\src\plugins\MoleculeCodeGenerator\example\HnOwL\Methane.py` (exited with error code 1)
    at ChildProcess.exithandler (child_process.js:213:12)
    at emitTwo (events.js:87:13)
    at ChildProcess.emit (events.js:172:7)
    at maybeClose (internal/child_process.js:829:16)
    at Socket.<anonymous> (internal/child_process.js:319:11)
    at emitOne (events.js:77:13)
    at Socket.emit (events.js:169:7)
    at Pipe._onclose (net.js:486:12)
2016-12-07T22:17:28.183Z - error: [gme:server:worker:simpleworker:pid_2336:WorkerFunctions] plugin [MoleculeCodeGenerator] failed with error Error: Command failed: C:\Windows\system32\cmd.exe /s /c "E:\Users\TengyuMa\Anaconda3\envs\iModels\python.exe C:\Users\TengyuMa\Desktop\cs6388\classproject\src\plugins\MoleculeCodeGenerator\example\HnOwL\Methane.py"
Traceback (most recent call last):
  File "C:\Users\TengyuMa\Desktop\cs6388\classproject\src\plugins\MoleculeCodeGenerator\example\HnOwL\Methane.py", line 16, in <module>
    methane = Methane()
NameError: name 'Methane' is not defined
 `E:\Users\TengyuMa\Anaconda3\envs\iModels\python.exe C:\Users\TengyuMa\Desktop\cs6388\classproject\src\plugins\MoleculeCodeGenerator\example\HnOwL\Methane.py` (exited with error code 1)
    at ChildProcess.exithandler (child_process.js:213:12)
    at emitTwo (events.js:87:13)
    at ChildProcess.emit (events.js:172:7)
    at maybeClose (internal/child_process.js:829:16)
    at Socket.<anonymous> (internal/child_process.js:319:11)
    at emitOne (events.js:77:13)
    at Socket.emit (events.js:169:7)
    at Pipe._onclose (net.js:486:12)
2016-12-07T22:18:33.537Z - error: [gme:server:worker:simpleworker:pid_2336:WorkerFunctions:PluginManagerBase:plugin:MoleculeCodeGenerator] This is an error message.
2016-12-07T22:20:43.356Z - error: [gme:server:worker:simpleworker:pid_4356:WorkerFunctions:PluginManagerBase:plugin:MoleculeCodeGenerator] This is an error message.
2016-12-07T22:20:45.311Z - error: [gme:server:worker:simpleworker:pid_4356:WorkerFunctions:PluginManagerBase:plugin:MoleculeCodeGenerator] Error: Command failed: C:\Windows\system32\cmd.exe /s /c "E:\Users\TengyuMa\Anaconda3\envs\iModels\python.exe C:\Users\TengyuMa\Desktop\cs6388\classproject\src\plugins\MoleculeCodeGenerator\example\qo2Hq\Methane.py"
Traceback (most recent call last):
  File "C:\Users\TengyuMa\Desktop\cs6388\classproject\src\plugins\MoleculeCodeGenerator\example\qo2Hq\Methane.py", line 16, in <module>
    methane = Methane()
NameError: name 'Methane' is not defined
 `E:\Users\TengyuMa\Anaconda3\envs\iModels\python.exe C:\Users\TengyuMa\Desktop\cs6388\classproject\src\plugins\MoleculeCodeGenerator\example\qo2Hq\Methane.py` (exited with error code 1)
    at ChildProcess.exithandler (child_process.js:213:12)
    at emitTwo (events.js:87:13)
    at ChildProcess.emit (events.js:172:7)
    at maybeClose (internal/child_process.js:829:16)
    at Socket.<anonymous> (internal/child_process.js:319:11)
    at emitOne (events.js:77:13)
    at Socket.emit (events.js:169:7)
    at Pipe._onclose (net.js:486:12)
2016-12-07T22:20:45.313Z - error: [gme:server:worker:simpleworker:pid_4356:WorkerFunctions] plugin [MoleculeCodeGenerator] failed with error Error: Command failed: C:\Windows\system32\cmd.exe /s /c "E:\Users\TengyuMa\Anaconda3\envs\iModels\python.exe C:\Users\TengyuMa\Desktop\cs6388\classproject\src\plugins\MoleculeCodeGenerator\example\qo2Hq\Methane.py"
Traceback (most recent call last):
  File "C:\Users\TengyuMa\Desktop\cs6388\classproject\src\plugins\MoleculeCodeGenerator\example\qo2Hq\Methane.py", line 16, in <module>
    methane = Methane()
NameError: name 'Methane' is not defined
 `E:\Users\TengyuMa\Anaconda3\envs\iModels\python.exe C:\Users\TengyuMa\Desktop\cs6388\classproject\src\plugins\MoleculeCodeGenerator\example\qo2Hq\Methane.py` (exited with error code 1)
    at ChildProcess.exithandler (child_process.js:213:12)
    at emitTwo (events.js:87:13)
    at ChildProcess.emit (events.js:172:7)
    at maybeClose (internal/child_process.js:829:16)
    at Socket.<anonymous> (internal/child_process.js:319:11)
    at emitOne (events.js:77:13)
    at Socket.emit (events.js:169:7)
    at Pipe._onclose (net.js:486:12)
2016-12-07T22:25:08.254Z - error: [gme:server:worker:simpleworker:pid_5428:WorkerFunctions:PluginManagerBase:plugin:MoleculeCodeGenerator] This is an error message.
2016-12-08T00:41:38.481Z - error: [gme:server:worker:simpleworker:pid_11032:WorkerFunctions:PluginManagerBase:plugin:MoleculeCodeGenerator] This is an error message.
2016-12-08T00:41:38.637Z - error: [gme:server:worker:simpleworker:pid_11032:WorkerFunctions:PluginManagerBase:plugin:MoleculeCodeGenerator] ReferenceError: ejs:2
    1| <% var j = 0, name = molecule.name.slice(1,-1)%>
 >> 2| <% var path = require('path')%>
    3| <% var example_path = 'src/plugins/MoleculeCodeGenerator/Templates/lib/ch2.pdb'%>
    4| <% var ch2_pdb = path.join(process.cwd(), example_path)%>
    5| # -- ==ch2== --

require is not defined
    at eval (eval at <anonymous> (C:\Users\TengyuMa\Desktop\cs6388\classproject\node_modules\webgme\src\common\util\ejs.js:3:4212), <anonymous>:8:122)
    at eval (eval at <anonymous> (C:\Users\TengyuMa\Desktop\cs6388\classproject\node_modules\webgme\src\common\util\ejs.js:3:4212), <anonymous>:15:173)
    at C:\Users\TengyuMa\Desktop\cs6388\classproject\node_modules\webgme\src\common\util\ejs.js:3:4437
    at Object.exports.render (C:\Users\TengyuMa\Desktop\cs6388\classproject\node_modules\webgme\src\common\util\ejs.js:3:4791)
    at C:\Users\TengyuMa\Desktop\cs6388\classproject\src\plugins\MoleculeCodeGenerator\MoleculeCodeGenerator.js:154:33
    at _fulfilled (C:\Users\TengyuMa\Desktop\cs6388\classproject\node_modules\q\q.js:834:54)
    at self.promiseDispatch.done (C:\Users\TengyuMa\Desktop\cs6388\classproject\node_modules\q\q.js:863:30)
    at Promise.promise.promiseDispatch (C:\Users\TengyuMa\Desktop\cs6388\classproject\node_modules\q\q.js:796:13)
    at C:\Users\TengyuMa\Desktop\cs6388\classproject\node_modules\q\q.js:604:44
    at runSingle (C:\Users\TengyuMa\Desktop\cs6388\classproject\node_modules\q\q.js:137:13)
2016-12-08T00:41:38.639Z - error: [gme:server:worker:simpleworker:pid_11032:WorkerFunctions] plugin [MoleculeCodeGenerator] failed with error ReferenceError: ejs:2
    1| <% var j = 0, name = molecule.name.slice(1,-1)%>
 >> 2| <% var path = require('path')%>
    3| <% var example_path = 'src/plugins/MoleculeCodeGenerator/Templates/lib/ch2.pdb'%>
    4| <% var ch2_pdb = path.join(process.cwd(), example_path)%>
    5| # -- ==ch2== --

require is not defined
    at eval (eval at <anonymous> (C:\Users\TengyuMa\Desktop\cs6388\classproject\node_modules\webgme\src\common\util\ejs.js:3:4212), <anonymous>:8:122)
    at eval (eval at <anonymous> (C:\Users\TengyuMa\Desktop\cs6388\classproject\node_modules\webgme\src\common\util\ejs.js:3:4212), <anonymous>:15:173)
    at C:\Users\TengyuMa\Desktop\cs6388\classproject\node_modules\webgme\src\common\util\ejs.js:3:4437
    at Object.exports.render (C:\Users\TengyuMa\Desktop\cs6388\classproject\node_modules\webgme\src\common\util\ejs.js:3:4791)
    at C:\Users\TengyuMa\Desktop\cs6388\classproject\src\plugins\MoleculeCodeGenerator\MoleculeCodeGenerator.js:154:33
    at _fulfilled (C:\Users\TengyuMa\Desktop\cs6388\classproject\node_modules\q\q.js:834:54)
    at self.promiseDispatch.done (C:\Users\TengyuMa\Desktop\cs6388\classproject\node_modules\q\q.js:863:30)
    at Promise.promise.promiseDispatch (C:\Users\TengyuMa\Desktop\cs6388\classproject\node_modules\q\q.js:796:13)
    at C:\Users\TengyuMa\Desktop\cs6388\classproject\node_modules\q\q.js:604:44
    at runSingle (C:\Users\TengyuMa\Desktop\cs6388\classproject\node_modules\q\q.js:137:13)
2016-12-08T00:46:54.922Z - error: [gme:server:worker:simpleworker:pid_13220:WorkerFunctions:PluginManagerBase:plugin:MoleculeCodeGenerator] This is an error message.
2016-12-08T00:46:54.925Z - error: [gme:server:worker:simpleworker:pid_13220:WorkerFunctions:PluginManagerBase] ReferenceError: app is not defined
    at MoleculeCodeGenerator.main (C:\Users\TengyuMa\Desktop\cs6388\classproject\src\plugins\MoleculeCodeGenerator\MoleculeCodeGenerator.js:92:9)
    at PluginNodeManager.PluginManagerBase.runPluginMain (C:\Users\TengyuMa\Desktop\cs6388\classproject\node_modules\webgme\src\plugin\managerbase.js:204:20)
    at C:\Users\TengyuMa\Desktop\cs6388\classproject\node_modules\webgme\src\plugin\managerbase.js:79:26
    at _fulfilled (C:\Users\TengyuMa\Desktop\cs6388\classproject\node_modules\q\q.js:834:54)
    at self.promiseDispatch.done (C:\Users\TengyuMa\Desktop\cs6388\classproject\node_modules\q\q.js:863:30)
    at Promise.promise.promiseDispatch (C:\Users\TengyuMa\Desktop\cs6388\classproject\node_modules\q\q.js:796:13)
    at C:\Users\TengyuMa\Desktop\cs6388\classproject\node_modules\q\q.js:604:44
    at runSingle (C:\Users\TengyuMa\Desktop\cs6388\classproject\node_modules\q\q.js:137:13)
    at flush (C:\Users\TengyuMa\Desktop\cs6388\classproject\node_modules\q\q.js:125:13)
    at nextTickCallbackWith0Args (node.js:420:9)
2016-12-08T00:46:54.927Z - error: [gme:server:worker:simpleworker:pid_13220:WorkerFunctions] plugin [MoleculeCodeGenerator] failed with error Error: app is not defined
    at finish (C:\Users\TengyuMa\Desktop\cs6388\classproject\node_modules\webgme\src\server\worker\workerrequests.js:129:56)
    at C:\Users\TengyuMa\Desktop\cs6388\classproject\node_modules\webgme\src\plugin\managerbase.js:85:21
    at _rejected (C:\Users\TengyuMa\Desktop\cs6388\classproject\node_modules\q\q.js:844:24)
    at C:\Users\TengyuMa\Desktop\cs6388\classproject\node_modules\q\q.js:870:30
    at Promise.when (C:\Users\TengyuMa\Desktop\cs6388\classproject\node_modules\q\q.js:1122:31)
    at Promise.promise.promiseDispatch (C:\Users\TengyuMa\Desktop\cs6388\classproject\node_modules\q\q.js:788:41)
    at C:\Users\TengyuMa\Desktop\cs6388\classproject\node_modules\q\q.js:604:44
    at runSingle (C:\Users\TengyuMa\Desktop\cs6388\classproject\node_modules\q\q.js:137:13)
    at flush (C:\Users\TengyuMa\Desktop\cs6388\classproject\node_modules\q\q.js:125:13)
    at nextTickCallbackWith0Args (node.js:420:9)
2016-12-08T00:48:18.655Z - error: [gme:server:worker:simpleworker:pid_7712:WorkerFunctions:PluginManagerBase] Error: Evaluating C:\Users\TengyuMa\Desktop\cs6388\classproject\node_modules\webgme\src/..\..\..\src\plugins/MoleculeCodeGenerator/MoleculeCodeGenerator.js as module "plugin/MoleculeCodeGenerator/MoleculeCodeGenerator/MoleculeCodeGenerator" failed with error: SyntaxError: Unexpected token .
    at Function.req.load (C:\Users\TengyuMa\Desktop\cs6388\classproject\node_modules\requirejs\bin\r.js:2549:23)
    at Object.context.load (C:\Users\TengyuMa\Desktop\cs6388\classproject\node_modules\requirejs\bin\r.js:1918:21)
    at Object.Module.load (C:\Users\TengyuMa\Desktop\cs6388\classproject\node_modules\requirejs\bin\r.js:1080:29)
    at Object.Module.fetch (C:\Users\TengyuMa\Desktop\cs6388\classproject\node_modules\requirejs\bin\r.js:1070:66)
    at Object.Module.check (C:\Users\TengyuMa\Desktop\cs6388\classproject\node_modules\requirejs\bin\r.js:1102:30)
    at Object.Module.enable (C:\Users\TengyuMa\Desktop\cs6388\classproject\node_modules\requirejs\bin\r.js:1416:22)
    at Object.context.enable (C:\Users\TengyuMa\Desktop\cs6388\classproject\node_modules\requirejs\bin\r.js:1789:39)
    at Object.<anonymous> (C:\Users\TengyuMa\Desktop\cs6388\classproject\node_modules\requirejs\bin\r.js:1401:33)
    at C:\Users\TengyuMa\Desktop\cs6388\classproject\node_modules\requirejs\bin\r.js:382:23
    at each (C:\Users\TengyuMa\Desktop\cs6388\classproject\node_modules\requirejs\bin\r.js:307:31)
2016-12-08T00:48:18.657Z - error: [gme:server:worker:simpleworker:pid_7712:WorkerFunctions] plugin [MoleculeCodeGenerator] failed with error Error: Evaluating C:\Users\TengyuMa\Desktop\cs6388\classproject\node_modules\webgme\src/..\..\..\src\plugins/MoleculeCodeGenerator/MoleculeCodeGenerator.js as module "plugin/MoleculeCodeGenerator/MoleculeCodeGenerator/MoleculeCodeGenerator" failed with error: SyntaxError: Unexpected token .
    at finish (C:\Users\TengyuMa\Desktop\cs6388\classproject\node_modules\webgme\src\server\worker\workerrequests.js:129:56)
    at C:\Users\TengyuMa\Desktop\cs6388\classproject\node_modules\webgme\src\plugin\managerbase.js:85:21
    at _rejected (C:\Users\TengyuMa\Desktop\cs6388\classproject\node_modules\q\q.js:844:24)
    at C:\Users\TengyuMa\Desktop\cs6388\classproject\node_modules\q\q.js:870:30
    at Promise.when (C:\Users\TengyuMa\Desktop\cs6388\classproject\node_modules\q\q.js:1122:31)
    at Promise.promise.promiseDispatch (C:\Users\TengyuMa\Desktop\cs6388\classproject\node_modules\q\q.js:788:41)
    at C:\Users\TengyuMa\Desktop\cs6388\classproject\node_modules\q\q.js:604:44
    at runSingle (C:\Users\TengyuMa\Desktop\cs6388\classproject\node_modules\q\q.js:137:13)
    at flush (C:\Users\TengyuMa\Desktop\cs6388\classproject\node_modules\q\q.js:125:13)
    at nextTickCallbackWith0Args (node.js:420:9)
2016-12-08T00:50:49.087Z - error: [gme:server:worker:simpleworker:pid_10824:WorkerFunctions:PluginManagerBase:plugin:MoleculeCodeGenerator] This is an error message.
2016-12-08T00:50:49.295Z - error: [gme:server:worker:simpleworker:pid_10824:WorkerFunctions:PluginManagerBase:plugin:MoleculeCodeGenerator] ReferenceError: ejs:3
    1| <% var j = 0, name = molecule.name.slice(1,-1)%>
    2| <% var example_path = 'src/plugins/MoleculeCodeGenerator/Templates/lib/ch2.pdb'%>
 >> 3| <% var ch2_pdb = path.join(process.cwd(), example_path)%>
    4| # -- ==ch2== --
    5| 
    6| import mbuild as mb

path is not defined
    at eval (eval at <anonymous> (C:\Users\TengyuMa\Desktop\cs6388\classproject\node_modules\webgme\src\common\util\ejs.js:3:4212), <anonymous>:8:236)
    at eval (eval at <anonymous> (C:\Users\TengyuMa\Desktop\cs6388\classproject\node_modules\webgme\src\common\util\ejs.js:3:4212), <anonymous>:15:173)
    at C:\Users\TengyuMa\Desktop\cs6388\classproject\node_modules\webgme\src\common\util\ejs.js:3:4437
    at Object.exports.render (C:\Users\TengyuMa\Desktop\cs6388\classproject\node_modules\webgme\src\common\util\ejs.js:3:4791)
    at C:\Users\TengyuMa\Desktop\cs6388\classproject\src\plugins\MoleculeCodeGenerator\MoleculeCodeGenerator.js:157:33
    at _fulfilled (C:\Users\TengyuMa\Desktop\cs6388\classproject\node_modules\q\q.js:834:54)
    at self.promiseDispatch.done (C:\Users\TengyuMa\Desktop\cs6388\classproject\node_modules\q\q.js:863:30)
    at Promise.promise.promiseDispatch (C:\Users\TengyuMa\Desktop\cs6388\classproject\node_modules\q\q.js:796:13)
    at C:\Users\TengyuMa\Desktop\cs6388\classproject\node_modules\q\q.js:604:44
    at runSingle (C:\Users\TengyuMa\Desktop\cs6388\classproject\node_modules\q\q.js:137:13)
2016-12-08T00:50:49.296Z - error: [gme:server:worker:simpleworker:pid_10824:WorkerFunctions] plugin [MoleculeCodeGenerator] failed with error ReferenceError: ejs:3
    1| <% var j = 0, name = molecule.name.slice(1,-1)%>
    2| <% var example_path = 'src/plugins/MoleculeCodeGenerator/Templates/lib/ch2.pdb'%>
 >> 3| <% var ch2_pdb = path.join(process.cwd(), example_path)%>
    4| # -- ==ch2== --
    5| 
    6| import mbuild as mb

path is not defined
    at eval (eval at <anonymous> (C:\Users\TengyuMa\Desktop\cs6388\classproject\node_modules\webgme\src\common\util\ejs.js:3:4212), <anonymous>:8:236)
    at eval (eval at <anonymous> (C:\Users\TengyuMa\Desktop\cs6388\classproject\node_modules\webgme\src\common\util\ejs.js:3:4212), <anonymous>:15:173)
    at C:\Users\TengyuMa\Desktop\cs6388\classproject\node_modules\webgme\src\common\util\ejs.js:3:4437
    at Object.exports.render (C:\Users\TengyuMa\Desktop\cs6388\classproject\node_modules\webgme\src\common\util\ejs.js:3:4791)
    at C:\Users\TengyuMa\Desktop\cs6388\classproject\src\plugins\MoleculeCodeGenerator\MoleculeCodeGenerator.js:157:33
    at _fulfilled (C:\Users\TengyuMa\Desktop\cs6388\classproject\node_modules\q\q.js:834:54)
    at self.promiseDispatch.done (C:\Users\TengyuMa\Desktop\cs6388\classproject\node_modules\q\q.js:863:30)
    at Promise.promise.promiseDispatch (C:\Users\TengyuMa\Desktop\cs6388\classproject\node_modules\q\q.js:796:13)
    at C:\Users\TengyuMa\Desktop\cs6388\classproject\node_modules\q\q.js:604:44
    at runSingle (C:\Users\TengyuMa\Desktop\cs6388\classproject\node_modules\q\q.js:137:13)
2016-12-08T00:50:53.235Z - error: [gme:server:worker:simpleworker:pid_10824:WorkerFunctions:PluginManagerBase:plugin:MoleculeCodeGenerator] This is an error message.
2016-12-08T00:50:53.351Z - error: [gme:server:worker:simpleworker:pid_10824:WorkerFunctions:PluginManagerBase:plugin:MoleculeCodeGenerator] ReferenceError: ejs:3
    1| <% var j = 0, name = molecule.name.slice(1,-1)%>
    2| <% var example_path = 'src/plugins/MoleculeCodeGenerator/Templates/lib/ch2.pdb'%>
 >> 3| <% var ch2_pdb = path.join(process.cwd(), example_path)%>
    4| # -- ==ch2== --
    5| 
    6| import mbuild as mb

path is not defined
    at eval (eval at <anonymous> (C:\Users\TengyuMa\Desktop\cs6388\classproject\node_modules\webgme\src\common\util\ejs.js:3:4212), <anonymous>:8:236)
    at eval (eval at <anonymous> (C:\Users\TengyuMa\Desktop\cs6388\classproject\node_modules\webgme\src\common\util\ejs.js:3:4212), <anonymous>:15:173)
    at C:\Users\TengyuMa\Desktop\cs6388\classproject\node_modules\webgme\src\common\util\ejs.js:3:4437
    at Object.exports.render (C:\Users\TengyuMa\Desktop\cs6388\classproject\node_modules\webgme\src\common\util\ejs.js:3:4791)
    at C:\Users\TengyuMa\Desktop\cs6388\classproject\src\plugins\MoleculeCodeGenerator\MoleculeCodeGenerator.js:157:33
    at _fulfilled (C:\Users\TengyuMa\Desktop\cs6388\classproject\node_modules\q\q.js:834:54)
    at self.promiseDispatch.done (C:\Users\TengyuMa\Desktop\cs6388\classproject\node_modules\q\q.js:863:30)
    at Promise.promise.promiseDispatch (C:\Users\TengyuMa\Desktop\cs6388\classproject\node_modules\q\q.js:796:13)
    at C:\Users\TengyuMa\Desktop\cs6388\classproject\node_modules\q\q.js:604:44
    at runSingle (C:\Users\TengyuMa\Desktop\cs6388\classproject\node_modules\q\q.js:137:13)
2016-12-08T00:50:53.352Z - error: [gme:server:worker:simpleworker:pid_10824:WorkerFunctions] plugin [MoleculeCodeGenerator] failed with error ReferenceError: ejs:3
    1| <% var j = 0, name = molecule.name.slice(1,-1)%>
    2| <% var example_path = 'src/plugins/MoleculeCodeGenerator/Templates/lib/ch2.pdb'%>
 >> 3| <% var ch2_pdb = path.join(process.cwd(), example_path)%>
    4| # -- ==ch2== --
    5| 
    6| import mbuild as mb

path is not defined
    at eval (eval at <anonymous> (C:\Users\TengyuMa\Desktop\cs6388\classproject\node_modules\webgme\src\common\util\ejs.js:3:4212), <anonymous>:8:236)
    at eval (eval at <anonymous> (C:\Users\TengyuMa\Desktop\cs6388\classproject\node_modules\webgme\src\common\util\ejs.js:3:4212), <anonymous>:15:173)
    at C:\Users\TengyuMa\Desktop\cs6388\classproject\node_modules\webgme\src\common\util\ejs.js:3:4437
    at Object.exports.render (C:\Users\TengyuMa\Desktop\cs6388\classproject\node_modules\webgme\src\common\util\ejs.js:3:4791)
    at C:\Users\TengyuMa\Desktop\cs6388\classproject\src\plugins\MoleculeCodeGenerator\MoleculeCodeGenerator.js:157:33
    at _fulfilled (C:\Users\TengyuMa\Desktop\cs6388\classproject\node_modules\q\q.js:834:54)
    at self.promiseDispatch.done (C:\Users\TengyuMa\Desktop\cs6388\classproject\node_modules\q\q.js:863:30)
    at Promise.promise.promiseDispatch (C:\Users\TengyuMa\Desktop\cs6388\classproject\node_modules\q\q.js:796:13)
    at C:\Users\TengyuMa\Desktop\cs6388\classproject\node_modules\q\q.js:604:44
    at runSingle (C:\Users\TengyuMa\Desktop\cs6388\classproject\node_modules\q\q.js:137:13)
2016-12-08T00:55:00.257Z - error: [gme:server:worker:simpleworker:pid_12300:WorkerFunctions:PluginManagerBase:plugin:MoleculeCodeGenerator] This is an error message.
2016-12-08T00:55:00.259Z - error: [gme:server:worker:simpleworker:pid_12300:WorkerFunctions:PluginManagerBase] ReferenceError: exports is not defined
    at MoleculeCodeGenerator.main (C:\Users\TengyuMa\Desktop\cs6388\classproject\src\plugins\MoleculeCodeGenerator\MoleculeCodeGenerator.js:92:9)
    at PluginNodeManager.PluginManagerBase.runPluginMain (C:\Users\TengyuMa\Desktop\cs6388\classproject\node_modules\webgme\src\plugin\managerbase.js:204:20)
    at C:\Users\TengyuMa\Desktop\cs6388\classproject\node_modules\webgme\src\plugin\managerbase.js:79:26
    at _fulfilled (C:\Users\TengyuMa\Desktop\cs6388\classproject\node_modules\q\q.js:834:54)
    at self.promiseDispatch.done (C:\Users\TengyuMa\Desktop\cs6388\classproject\node_modules\q\q.js:863:30)
    at Promise.promise.promiseDispatch (C:\Users\TengyuMa\Desktop\cs6388\classproject\node_modules\q\q.js:796:13)
    at C:\Users\TengyuMa\Desktop\cs6388\classproject\node_modules\q\q.js:604:44
    at runSingle (C:\Users\TengyuMa\Desktop\cs6388\classproject\node_modules\q\q.js:137:13)
    at flush (C:\Users\TengyuMa\Desktop\cs6388\classproject\node_modules\q\q.js:125:13)
    at nextTickCallbackWith0Args (node.js:420:9)
2016-12-08T00:55:00.261Z - error: [gme:server:worker:simpleworker:pid_12300:WorkerFunctions] plugin [MoleculeCodeGenerator] failed with error Error: exports is not defined
    at finish (C:\Users\TengyuMa\Desktop\cs6388\classproject\node_modules\webgme\src\server\worker\workerrequests.js:129:56)
    at C:\Users\TengyuMa\Desktop\cs6388\classproject\node_modules\webgme\src\plugin\managerbase.js:85:21
    at _rejected (C:\Users\TengyuMa\Desktop\cs6388\classproject\node_modules\q\q.js:844:24)
    at C:\Users\TengyuMa\Desktop\cs6388\classproject\node_modules\q\q.js:870:30
    at Promise.when (C:\Users\TengyuMa\Desktop\cs6388\classproject\node_modules\q\q.js:1122:31)
    at Promise.promise.promiseDispatch (C:\Users\TengyuMa\Desktop\cs6388\classproject\node_modules\q\q.js:788:41)
    at C:\Users\TengyuMa\Desktop\cs6388\classproject\node_modules\q\q.js:604:44
    at runSingle (C:\Users\TengyuMa\Desktop\cs6388\classproject\node_modules\q\q.js:137:13)
    at flush (C:\Users\TengyuMa\Desktop\cs6388\classproject\node_modules\q\q.js:125:13)
    at nextTickCallbackWith0Args (node.js:420:9)
2016-12-08T01:00:23.441Z - error: [gme:server:worker:simpleworker:pid_9644:WorkerFunctions:PluginManagerBase:plugin:MoleculeCodeGenerator] This is an error message.
2016-12-08T01:00:23.672Z - error: [gme:server:worker:simpleworker:pid_9644:WorkerFunctions:PluginManagerBase:plugin:MoleculeCodeGenerator] ReferenceError: ejs:3
    1| <% var j = 0, name = molecule.name.slice(1,-1)%>
    2| <% var example_path = 'src/plugins/MoleculeCodeGenerator/Templates/lib/ch2.pdb'%>
 >> 3| <% var ch2_pdb = path.join(process.cwd(), example_path)%>
    4| # -- ==ch2== --
    5| 
    6| import mbuild as mb

path is not defined
    at eval (eval at <anonymous> (C:\Users\TengyuMa\Desktop\cs6388\classproject\node_modules\webgme\src\common\util\ejs.js:3:4212), <anonymous>:8:236)
    at eval (eval at <anonymous> (C:\Users\TengyuMa\Desktop\cs6388\classproject\node_modules\webgme\src\common\util\ejs.js:3:4212), <anonymous>:15:173)
    at C:\Users\TengyuMa\Desktop\cs6388\classproject\node_modules\webgme\src\common\util\ejs.js:3:4437
    at Object.exports.render (C:\Users\TengyuMa\Desktop\cs6388\classproject\node_modules\webgme\src\common\util\ejs.js:3:4791)
    at C:\Users\TengyuMa\Desktop\cs6388\classproject\src\plugins\MoleculeCodeGenerator\MoleculeCodeGenerator.js:157:33
    at _fulfilled (C:\Users\TengyuMa\Desktop\cs6388\classproject\node_modules\q\q.js:834:54)
    at self.promiseDispatch.done (C:\Users\TengyuMa\Desktop\cs6388\classproject\node_modules\q\q.js:863:30)
    at Promise.promise.promiseDispatch (C:\Users\TengyuMa\Desktop\cs6388\classproject\node_modules\q\q.js:796:13)
    at C:\Users\TengyuMa\Desktop\cs6388\classproject\node_modules\q\q.js:604:44
    at runSingle (C:\Users\TengyuMa\Desktop\cs6388\classproject\node_modules\q\q.js:137:13)
2016-12-08T01:00:23.675Z - error: [gme:server:worker:simpleworker:pid_9644:WorkerFunctions] plugin [MoleculeCodeGenerator] failed with error ReferenceError: ejs:3
    1| <% var j = 0, name = molecule.name.slice(1,-1)%>
    2| <% var example_path = 'src/plugins/MoleculeCodeGenerator/Templates/lib/ch2.pdb'%>
 >> 3| <% var ch2_pdb = path.join(process.cwd(), example_path)%>
    4| # -- ==ch2== --
    5| 
    6| import mbuild as mb

path is not defined
    at eval (eval at <anonymous> (C:\Users\TengyuMa\Desktop\cs6388\classproject\node_modules\webgme\src\common\util\ejs.js:3:4212), <anonymous>:8:236)
    at eval (eval at <anonymous> (C:\Users\TengyuMa\Desktop\cs6388\classproject\node_modules\webgme\src\common\util\ejs.js:3:4212), <anonymous>:15:173)
    at C:\Users\TengyuMa\Desktop\cs6388\classproject\node_modules\webgme\src\common\util\ejs.js:3:4437
    at Object.exports.render (C:\Users\TengyuMa\Desktop\cs6388\classproject\node_modules\webgme\src\common\util\ejs.js:3:4791)
    at C:\Users\TengyuMa\Desktop\cs6388\classproject\src\plugins\MoleculeCodeGenerator\MoleculeCodeGenerator.js:157:33
    at _fulfilled (C:\Users\TengyuMa\Desktop\cs6388\classproject\node_modules\q\q.js:834:54)
    at self.promiseDispatch.done (C:\Users\TengyuMa\Desktop\cs6388\classproject\node_modules\q\q.js:863:30)
    at Promise.promise.promiseDispatch (C:\Users\TengyuMa\Desktop\cs6388\classproject\node_modules\q\q.js:796:13)
    at C:\Users\TengyuMa\Desktop\cs6388\classproject\node_modules\q\q.js:604:44
    at runSingle (C:\Users\TengyuMa\Desktop\cs6388\classproject\node_modules\q\q.js:137:13)
2016-12-08T01:05:04.004Z - error: [gme:server:worker:simpleworker:pid_2120:WorkerFunctions:PluginManagerBase:plugin:MoleculeCodeGenerator] This is an error message.
2016-12-08T01:05:04.254Z - error: [gme:server:worker:simpleworker:pid_2120:WorkerFunctions:PluginManagerBase:plugin:MoleculeCodeGenerator] ReferenceError: ejs:3
    1| <% var j = 0, name = molecule.name.slice(1,-1)%>
    2| <% var example_path = 'src/plugins/MoleculeCodeGenerator/Templates/lib/ch2.pdb'%>
 >> 3| <% var ch2_pdb = path.join(process.cwd(), example_path)%>
    4| # -- ==ch2== --
    5| 
    6| import mbuild as mb

path is not defined
    at eval (eval at <anonymous> (C:\Users\TengyuMa\Desktop\cs6388\classproject\node_modules\webgme\src\common\util\ejs.js:3:4212), <anonymous>:8:236)
    at eval (eval at <anonymous> (C:\Users\TengyuMa\Desktop\cs6388\classproject\node_modules\webgme\src\common\util\ejs.js:3:4212), <anonymous>:15:173)
    at C:\Users\TengyuMa\Desktop\cs6388\classproject\node_modules\webgme\src\common\util\ejs.js:3:4437
    at Object.exports.render (C:\Users\TengyuMa\Desktop\cs6388\classproject\node_modules\webgme\src\common\util\ejs.js:3:4791)
    at C:\Users\TengyuMa\Desktop\cs6388\classproject\src\plugins\MoleculeCodeGenerator\MoleculeCodeGenerator.js:159:33
    at _fulfilled (C:\Users\TengyuMa\Desktop\cs6388\classproject\node_modules\q\q.js:834:54)
    at self.promiseDispatch.done (C:\Users\TengyuMa\Desktop\cs6388\classproject\node_modules\q\q.js:863:30)
    at Promise.promise.promiseDispatch (C:\Users\TengyuMa\Desktop\cs6388\classproject\node_modules\q\q.js:796:13)
    at C:\Users\TengyuMa\Desktop\cs6388\classproject\node_modules\q\q.js:604:44
    at runSingle (C:\Users\TengyuMa\Desktop\cs6388\classproject\node_modules\q\q.js:137:13)
2016-12-08T01:05:04.256Z - error: [gme:server:worker:simpleworker:pid_2120:WorkerFunctions] plugin [MoleculeCodeGenerator] failed with error ReferenceError: ejs:3
    1| <% var j = 0, name = molecule.name.slice(1,-1)%>
    2| <% var example_path = 'src/plugins/MoleculeCodeGenerator/Templates/lib/ch2.pdb'%>
 >> 3| <% var ch2_pdb = path.join(process.cwd(), example_path)%>
    4| # -- ==ch2== --
    5| 
    6| import mbuild as mb

path is not defined
    at eval (eval at <anonymous> (C:\Users\TengyuMa\Desktop\cs6388\classproject\node_modules\webgme\src\common\util\ejs.js:3:4212), <anonymous>:8:236)
    at eval (eval at <anonymous> (C:\Users\TengyuMa\Desktop\cs6388\classproject\node_modules\webgme\src\common\util\ejs.js:3:4212), <anonymous>:15:173)
    at C:\Users\TengyuMa\Desktop\cs6388\classproject\node_modules\webgme\src\common\util\ejs.js:3:4437
    at Object.exports.render (C:\Users\TengyuMa\Desktop\cs6388\classproject\node_modules\webgme\src\common\util\ejs.js:3:4791)
    at C:\Users\TengyuMa\Desktop\cs6388\classproject\src\plugins\MoleculeCodeGenerator\MoleculeCodeGenerator.js:159:33
    at _fulfilled (C:\Users\TengyuMa\Desktop\cs6388\classproject\node_modules\q\q.js:834:54)
    at self.promiseDispatch.done (C:\Users\TengyuMa\Desktop\cs6388\classproject\node_modules\q\q.js:863:30)
    at Promise.promise.promiseDispatch (C:\Users\TengyuMa\Desktop\cs6388\classproject\node_modules\q\q.js:796:13)
    at C:\Users\TengyuMa\Desktop\cs6388\classproject\node_modules\q\q.js:604:44
    at runSingle (C:\Users\TengyuMa\Desktop\cs6388\classproject\node_modules\q\q.js:137:13)
2016-12-08T01:05:40.047Z - error: [gme:server:worker:simpleworker:pid_4928:WorkerFunctions:PluginManagerBase:plugin:MoleculeCodeGenerator] This is an error message.
2016-12-08T01:05:40.265Z - error: [gme:server:worker:simpleworker:pid_4928:WorkerFunctions:PluginManagerBase:plugin:MoleculeCodeGenerator] ReferenceError: ejs:3
    1| <% var j = 0, name = molecule.name.slice(1,-1)%>
    2| <% var example_path = 'src/plugins/MoleculeCodeGenerator/Templates/lib/ch2.pdb'%>
 >> 3| <% var ch2_pdb = app.locals.path.join(process.cwd(), example_path)%>
    4| # -- ==ch2== --
    5| 
    6| import mbuild as mb

app is not defined
    at eval (eval at <anonymous> (C:\Users\TengyuMa\Desktop\cs6388\classproject\node_modules\webgme\src\common\util\ejs.js:3:4212), <anonymous>:8:236)
    at eval (eval at <anonymous> (C:\Users\TengyuMa\Desktop\cs6388\classproject\node_modules\webgme\src\common\util\ejs.js:3:4212), <anonymous>:15:173)
    at C:\Users\TengyuMa\Desktop\cs6388\classproject\node_modules\webgme\src\common\util\ejs.js:3:4437
    at Object.exports.render (C:\Users\TengyuMa\Desktop\cs6388\classproject\node_modules\webgme\src\common\util\ejs.js:3:4791)
    at C:\Users\TengyuMa\Desktop\cs6388\classproject\src\plugins\MoleculeCodeGenerator\MoleculeCodeGenerator.js:156:33
    at _fulfilled (C:\Users\TengyuMa\Desktop\cs6388\classproject\node_modules\q\q.js:834:54)
    at self.promiseDispatch.done (C:\Users\TengyuMa\Desktop\cs6388\classproject\node_modules\q\q.js:863:30)
    at Promise.promise.promiseDispatch (C:\Users\TengyuMa\Desktop\cs6388\classproject\node_modules\q\q.js:796:13)
    at C:\Users\TengyuMa\Desktop\cs6388\classproject\node_modules\q\q.js:604:44
    at runSingle (C:\Users\TengyuMa\Desktop\cs6388\classproject\node_modules\q\q.js:137:13)
2016-12-08T01:05:40.266Z - error: [gme:server:worker:simpleworker:pid_4928:WorkerFunctions] plugin [MoleculeCodeGenerator] failed with error ReferenceError: ejs:3
    1| <% var j = 0, name = molecule.name.slice(1,-1)%>
    2| <% var example_path = 'src/plugins/MoleculeCodeGenerator/Templates/lib/ch2.pdb'%>
 >> 3| <% var ch2_pdb = app.locals.path.join(process.cwd(), example_path)%>
    4| # -- ==ch2== --
    5| 
    6| import mbuild as mb

app is not defined
    at eval (eval at <anonymous> (C:\Users\TengyuMa\Desktop\cs6388\classproject\node_modules\webgme\src\common\util\ejs.js:3:4212), <anonymous>:8:236)
    at eval (eval at <anonymous> (C:\Users\TengyuMa\Desktop\cs6388\classproject\node_modules\webgme\src\common\util\ejs.js:3:4212), <anonymous>:15:173)
    at C:\Users\TengyuMa\Desktop\cs6388\classproject\node_modules\webgme\src\common\util\ejs.js:3:4437
    at Object.exports.render (C:\Users\TengyuMa\Desktop\cs6388\classproject\node_modules\webgme\src\common\util\ejs.js:3:4791)
    at C:\Users\TengyuMa\Desktop\cs6388\classproject\src\plugins\MoleculeCodeGenerator\MoleculeCodeGenerator.js:156:33
    at _fulfilled (C:\Users\TengyuMa\Desktop\cs6388\classproject\node_modules\q\q.js:834:54)
    at self.promiseDispatch.done (C:\Users\TengyuMa\Desktop\cs6388\classproject\node_modules\q\q.js:863:30)
    at Promise.promise.promiseDispatch (C:\Users\TengyuMa\Desktop\cs6388\classproject\node_modules\q\q.js:796:13)
    at C:\Users\TengyuMa\Desktop\cs6388\classproject\node_modules\q\q.js:604:44
    at runSingle (C:\Users\TengyuMa\Desktop\cs6388\classproject\node_modules\q\q.js:137:13)
2016-12-10T00:14:52.782Z - error: [gme:server:worker:simpleworker:pid_4156:WorkerFunctions:PluginManagerBase:plugin:MoleculeCodeGenerator] This is an error message.
2016-12-10T00:29:28.269Z - error: [gme:server:worker:simpleworker:pid_7996:WorkerFunctions:PluginManagerBase:plugin:MoleculeCodeGenerator] This is an error message.
2016-12-10T00:31:28.993Z - error: [gme:server:worker:simpleworker:pid_7996:WorkerFunctions:PluginManagerBase:plugin:MoleculeCodeGenerator] This is an error message.
2016-12-10T00:31:29.133Z - error: [gme:server:worker:simpleworker:pid_7996:WorkerFunctions:PluginManagerBase:plugin:MoleculeCodeGenerator] TypeError: Cannot read property 'length' of undefined
    at Object.exports.parse (C:\Users\TengyuMa\Desktop\cs6388\classproject\node_modules\webgme\src\common\util\ejs.js:3:2104)
    at exports.compile (C:\Users\TengyuMa\Desktop\cs6388\classproject\node_modules\webgme\src\common\util\ejs.js:3:3947)
    at Object.exports.render (C:\Users\TengyuMa\Desktop\cs6388\classproject\node_modules\webgme\src\common\util\ejs.js:3:4727)
    at C:\Users\TengyuMa\Desktop\cs6388\classproject\src\plugins\MoleculeCodeGenerator\MoleculeCodeGenerator.js:192:33
    at _fulfilled (C:\Users\TengyuMa\Desktop\cs6388\classproject\node_modules\q\q.js:834:54)
    at self.promiseDispatch.done (C:\Users\TengyuMa\Desktop\cs6388\classproject\node_modules\q\q.js:863:30)
    at Promise.promise.promiseDispatch (C:\Users\TengyuMa\Desktop\cs6388\classproject\node_modules\q\q.js:796:13)
    at C:\Users\TengyuMa\Desktop\cs6388\classproject\node_modules\q\q.js:604:44
    at runSingle (C:\Users\TengyuMa\Desktop\cs6388\classproject\node_modules\q\q.js:137:13)
    at flush (C:\Users\TengyuMa\Desktop\cs6388\classproject\node_modules\q\q.js:125:13)
2016-12-10T00:31:29.134Z - error: [gme:server:worker:simpleworker:pid_7996:WorkerFunctions] plugin [MoleculeCodeGenerator] failed with error TypeError: Cannot read property 'length' of undefined
    at Object.exports.parse (C:\Users\TengyuMa\Desktop\cs6388\classproject\node_modules\webgme\src\common\util\ejs.js:3:2104)
    at exports.compile (C:\Users\TengyuMa\Desktop\cs6388\classproject\node_modules\webgme\src\common\util\ejs.js:3:3947)
    at Object.exports.render (C:\Users\TengyuMa\Desktop\cs6388\classproject\node_modules\webgme\src\common\util\ejs.js:3:4727)
    at C:\Users\TengyuMa\Desktop\cs6388\classproject\src\plugins\MoleculeCodeGenerator\MoleculeCodeGenerator.js:192:33
    at _fulfilled (C:\Users\TengyuMa\Desktop\cs6388\classproject\node_modules\q\q.js:834:54)
    at self.promiseDispatch.done (C:\Users\TengyuMa\Desktop\cs6388\classproject\node_modules\q\q.js:863:30)
    at Promise.promise.promiseDispatch (C:\Users\TengyuMa\Desktop\cs6388\classproject\node_modules\q\q.js:796:13)
    at C:\Users\TengyuMa\Desktop\cs6388\classproject\node_modules\q\q.js:604:44
    at runSingle (C:\Users\TengyuMa\Desktop\cs6388\classproject\node_modules\q\q.js:137:13)
    at flush (C:\Users\TengyuMa\Desktop\cs6388\classproject\node_modules\q\q.js:125:13)
2016-12-10T00:40:20.338Z - error: [gme:server:worker:simpleworker:pid_1952:WorkerFunctions:PluginManagerBase:plugin:MoleculeCodeGenerator] This is an error message.
2016-12-10T00:40:23.264Z - error: [gme:server:worker:simpleworker:pid_1952:WorkerFunctions:PluginManagerBase:plugin:MoleculeCodeGenerator] Error: Command failed: C:\Windows\system32\cmd.exe /s /c "E:\Users\TengyuMa\Anaconda3\envs\iModels\python.exe C:\Users\TengyuMa\Desktop\cs6388\classproject\src\plugins\MoleculeCodeGenerator\example\h31Zn\CH3-CH2-Silane-CH3.py"
Traceback (most recent call last):
  File "C:\Users\TengyuMa\Desktop\cs6388\classproject\src\plugins\MoleculeCodeGenerator\example\h31Zn\CH3-CH2-Silane-CH3.py", line 119, in <module>
    poly = Copolymer(pattern=pattern, random=False)
  File "C:\Users\TengyuMa\Desktop\cs6388\classproject\src\plugins\MoleculeCodeGenerator\example\h31Zn\CH3-CH2-Silane-CH3.py", line 36, in __init__
    main_chain = MainChain(pattern, random)
  File "C:\Users\TengyuMa\Desktop\cs6388\classproject\src\plugins\MoleculeCodeGenerator\example\h31Zn\CH3-CH2-Silane-CH3.py", line 105, in __init__
    self.add(first_part.labels[first_part_label[1]], first_part_label[1], containment=False)
AttributeError: 'NoneType' object has no attribute 'labels'
 `E:\Users\TengyuMa\Anaconda3\envs\iModels\python.exe C:\Users\TengyuMa\Desktop\cs6388\classproject\src\plugins\MoleculeCodeGenerator\example\h31Zn\CH3-CH2-Silane-CH3.py` (exited with error code 1)
    at ChildProcess.exithandler (child_process.js:213:12)
    at emitTwo (events.js:87:13)
    at ChildProcess.emit (events.js:172:7)
    at maybeClose (internal/child_process.js:829:16)
    at Socket.<anonymous> (internal/child_process.js:319:11)
    at emitOne (events.js:77:13)
    at Socket.emit (events.js:169:7)
    at Pipe._onclose (net.js:486:12)
2016-12-10T00:40:23.266Z - error: [gme:server:worker:simpleworker:pid_1952:WorkerFunctions] plugin [MoleculeCodeGenerator] failed with error Error: Command failed: C:\Windows\system32\cmd.exe /s /c "E:\Users\TengyuMa\Anaconda3\envs\iModels\python.exe C:\Users\TengyuMa\Desktop\cs6388\classproject\src\plugins\MoleculeCodeGenerator\example\h31Zn\CH3-CH2-Silane-CH3.py"
Traceback (most recent call last):
  File "C:\Users\TengyuMa\Desktop\cs6388\classproject\src\plugins\MoleculeCodeGenerator\example\h31Zn\CH3-CH2-Silane-CH3.py", line 119, in <module>
    poly = Copolymer(pattern=pattern, random=False)
  File "C:\Users\TengyuMa\Desktop\cs6388\classproject\src\plugins\MoleculeCodeGenerator\example\h31Zn\CH3-CH2-Silane-CH3.py", line 36, in __init__
    main_chain = MainChain(pattern, random)
  File "C:\Users\TengyuMa\Desktop\cs6388\classproject\src\plugins\MoleculeCodeGenerator\example\h31Zn\CH3-CH2-Silane-CH3.py", line 105, in __init__
    self.add(first_part.labels[first_part_label[1]], first_part_label[1], containment=False)
AttributeError: 'NoneType' object has no attribute 'labels'
 `E:\Users\TengyuMa\Anaconda3\envs\iModels\python.exe C:\Users\TengyuMa\Desktop\cs6388\classproject\src\plugins\MoleculeCodeGenerator\example\h31Zn\CH3-CH2-Silane-CH3.py` (exited with error code 1)
    at ChildProcess.exithandler (child_process.js:213:12)
    at emitTwo (events.js:87:13)
    at ChildProcess.emit (events.js:172:7)
    at maybeClose (internal/child_process.js:829:16)
    at Socket.<anonymous> (internal/child_process.js:319:11)
    at emitOne (events.js:77:13)
    at Socket.emit (events.js:169:7)
    at Pipe._onclose (net.js:486:12)
2016-12-10T00:46:30.254Z - error: [gme:server:worker:simpleworker:pid_8296:WorkerFunctions:PluginManagerBase:plugin:MoleculeCodeGenerator] This is an error message.
2016-12-10T00:59:05.688Z - error: [gme:server:worker:simpleworker:pid_1416:WorkerFunctions:PluginManagerBase:plugin:MoleculeCodeGenerator] This is an error message.
2016-12-10T01:05:40.714Z - error: [gme:server:worker:simpleworker:pid_1416:WorkerFunctions:PluginManagerBase:plugin:MoleculeCodeGenerator] This is an error message.
2016-12-10T01:05:42.610Z - error: [gme:server:worker:simpleworker:pid_1416:WorkerFunctions:PluginManagerBase:plugin:MoleculeCodeGenerator] Error: Command failed: C:\Windows\system32\cmd.exe /s /c "E:\Users\TengyuMa\Anaconda3\envs\iModels\python.exe C:\Users\TengyuMa\Desktop\cs6388\classproject\src\plugins\MoleculeCodeGenerator\example\yT93z\CH3-Silane-CH2-Silane-CH3.py"
Traceback (most recent call last):
  File "C:\Users\TengyuMa\Desktop\cs6388\classproject\src\plugins\MoleculeCodeGenerator\example\yT93z\CH3-Silane-CH2-Silane-CH3.py", line 119, in <module>
    pattern = [cap_front, [monomer_A, monomer_B]*undefined, cap_end]
NameError: name 'undefined' is not defined
 `E:\Users\TengyuMa\Anaconda3\envs\iModels\python.exe C:\Users\TengyuMa\Desktop\cs6388\classproject\src\plugins\MoleculeCodeGenerator\example\yT93z\CH3-Silane-CH2-Silane-CH3.py` (exited with error code 1)
    at ChildProcess.exithandler (child_process.js:213:12)
    at emitTwo (events.js:87:13)
    at ChildProcess.emit (events.js:172:7)
    at maybeClose (internal/child_process.js:829:16)
    at Process.ChildProcess._handle.onexit (internal/child_process.js:211:5)
2016-12-10T01:05:42.610Z - error: [gme:server:worker:simpleworker:pid_1416:WorkerFunctions] plugin [MoleculeCodeGenerator] failed with error Error: Command failed: C:\Windows\system32\cmd.exe /s /c "E:\Users\TengyuMa\Anaconda3\envs\iModels\python.exe C:\Users\TengyuMa\Desktop\cs6388\classproject\src\plugins\MoleculeCodeGenerator\example\yT93z\CH3-Silane-CH2-Silane-CH3.py"
Traceback (most recent call last):
  File "C:\Users\TengyuMa\Desktop\cs6388\classproject\src\plugins\MoleculeCodeGenerator\example\yT93z\CH3-Silane-CH2-Silane-CH3.py", line 119, in <module>
    pattern = [cap_front, [monomer_A, monomer_B]*undefined, cap_end]
NameError: name 'undefined' is not defined
 `E:\Users\TengyuMa\Anaconda3\envs\iModels\python.exe C:\Users\TengyuMa\Desktop\cs6388\classproject\src\plugins\MoleculeCodeGenerator\example\yT93z\CH3-Silane-CH2-Silane-CH3.py` (exited with error code 1)
    at ChildProcess.exithandler (child_process.js:213:12)
    at emitTwo (events.js:87:13)
    at ChildProcess.emit (events.js:172:7)
    at maybeClose (internal/child_process.js:829:16)
    at Process.ChildProcess._handle.onexit (internal/child_process.js:211:5)
2016-12-10T01:08:50.338Z - error: [gme:server:worker:simpleworker:pid_1416:WorkerFunctions:PluginManagerBase:plugin:MoleculeCodeGenerator] This is an error message.
2016-12-10T01:08:52.326Z - error: [gme:server:worker:simpleworker:pid_1416:WorkerFunctions:PluginManagerBase:plugin:MoleculeCodeGenerator] Error: Command failed: C:\Windows\system32\cmd.exe /s /c "E:\Users\TengyuMa\Anaconda3\envs\iModels\python.exe C:\Users\TengyuMa\Desktop\cs6388\classproject\src\plugins\MoleculeCodeGenerator\example\QKPiN\CH3-CH2-Silane-CH3.py"
Traceback (most recent call last):
  File "C:\Users\TengyuMa\Desktop\cs6388\classproject\src\plugins\MoleculeCodeGenerator\example\QKPiN\CH3-CH2-Silane-CH3.py", line 118, in <module>
    pattern = [cap_front, [monomer_A, monomer_B]*undefined, cap_end]
NameError: name 'undefined' is not defined
 `E:\Users\TengyuMa\Anaconda3\envs\iModels\python.exe C:\Users\TengyuMa\Desktop\cs6388\classproject\src\plugins\MoleculeCodeGenerator\example\QKPiN\CH3-CH2-Silane-CH3.py` (exited with error code 1)
    at ChildProcess.exithandler (child_process.js:213:12)
    at emitTwo (events.js:87:13)
    at ChildProcess.emit (events.js:172:7)
    at maybeClose (internal/child_process.js:829:16)
    at Process.ChildProcess._handle.onexit (internal/child_process.js:211:5)
2016-12-10T01:08:52.327Z - error: [gme:server:worker:simpleworker:pid_1416:WorkerFunctions] plugin [MoleculeCodeGenerator] failed with error Error: Command failed: C:\Windows\system32\cmd.exe /s /c "E:\Users\TengyuMa\Anaconda3\envs\iModels\python.exe C:\Users\TengyuMa\Desktop\cs6388\classproject\src\plugins\MoleculeCodeGenerator\example\QKPiN\CH3-CH2-Silane-CH3.py"
Traceback (most recent call last):
  File "C:\Users\TengyuMa\Desktop\cs6388\classproject\src\plugins\MoleculeCodeGenerator\example\QKPiN\CH3-CH2-Silane-CH3.py", line 118, in <module>
    pattern = [cap_front, [monomer_A, monomer_B]*undefined, cap_end]
NameError: name 'undefined' is not defined
 `E:\Users\TengyuMa\Anaconda3\envs\iModels\python.exe C:\Users\TengyuMa\Desktop\cs6388\classproject\src\plugins\MoleculeCodeGenerator\example\QKPiN\CH3-CH2-Silane-CH3.py` (exited with error code 1)
    at ChildProcess.exithandler (child_process.js:213:12)
    at emitTwo (events.js:87:13)
    at ChildProcess.emit (events.js:172:7)
    at maybeClose (internal/child_process.js:829:16)
    at Process.ChildProcess._handle.onexit (internal/child_process.js:211:5)
2016-12-10T01:09:23.711Z - error: [gme:server:worker:simpleworker:pid_1416:WorkerFunctions:PluginManagerBase:plugin:MoleculeCodeGenerator] This is an error message.
2016-12-10T01:11:15.882Z - error: [gme:server:worker:simpleworker:pid_12228:WorkerFunctions:PluginManagerBase:plugin:MoleculeCodeGenerator] This is an error message.
2016-12-10T01:11:17.895Z - error: [gme:server:worker:simpleworker:pid_12228:WorkerFunctions:PluginManagerBase:plugin:MoleculeCodeGenerator] Error: Command failed: C:\Windows\system32\cmd.exe /s /c "E:\Users\TengyuMa\Anaconda3\envs\iModels\python.exe C:\Users\TengyuMa\Desktop\cs6388\classproject\src\plugins\MoleculeCodeGenerator\example\GYDTH\CH3-CH2-Silane-CH3.py"
Traceback (most recent call last):
  File "C:\Users\TengyuMa\Desktop\cs6388\classproject\src\plugins\MoleculeCodeGenerator\example\GYDTH\CH3-CH2-Silane-CH3.py", line 118, in <module>
    pattern = [cap_front, [monomer_A, monomer_B]*undefined, cap_end]
NameError: name 'undefined' is not defined
 `E:\Users\TengyuMa\Anaconda3\envs\iModels\python.exe C:\Users\TengyuMa\Desktop\cs6388\classproject\src\plugins\MoleculeCodeGenerator\example\GYDTH\CH3-CH2-Silane-CH3.py` (exited with error code 1)
    at ChildProcess.exithandler (child_process.js:213:12)
    at emitTwo (events.js:87:13)
    at ChildProcess.emit (events.js:172:7)
    at maybeClose (internal/child_process.js:829:16)
    at Socket.<anonymous> (internal/child_process.js:319:11)
    at emitOne (events.js:77:13)
    at Socket.emit (events.js:169:7)
    at Pipe._onclose (net.js:486:12)
2016-12-10T01:11:17.896Z - error: [gme:server:worker:simpleworker:pid_12228:WorkerFunctions] plugin [MoleculeCodeGenerator] failed with error Error: Command failed: C:\Windows\system32\cmd.exe /s /c "E:\Users\TengyuMa\Anaconda3\envs\iModels\python.exe C:\Users\TengyuMa\Desktop\cs6388\classproject\src\plugins\MoleculeCodeGenerator\example\GYDTH\CH3-CH2-Silane-CH3.py"
Traceback (most recent call last):
  File "C:\Users\TengyuMa\Desktop\cs6388\classproject\src\plugins\MoleculeCodeGenerator\example\GYDTH\CH3-CH2-Silane-CH3.py", line 118, in <module>
    pattern = [cap_front, [monomer_A, monomer_B]*undefined, cap_end]
NameError: name 'undefined' is not defined
 `E:\Users\TengyuMa\Anaconda3\envs\iModels\python.exe C:\Users\TengyuMa\Desktop\cs6388\classproject\src\plugins\MoleculeCodeGenerator\example\GYDTH\CH3-CH2-Silane-CH3.py` (exited with error code 1)
    at ChildProcess.exithandler (child_process.js:213:12)
    at emitTwo (events.js:87:13)
    at ChildProcess.emit (events.js:172:7)
    at maybeClose (internal/child_process.js:829:16)
    at Socket.<anonymous> (internal/child_process.js:319:11)
    at emitOne (events.js:77:13)
    at Socket.emit (events.js:169:7)
    at Pipe._onclose (net.js:486:12)
2016-12-10T01:12:50.379Z - error: [gme:server:worker:simpleworker:pid_13160:WorkerFunctions:PluginManagerBase:plugin:MoleculeCodeGenerator] This is an error message.
2016-12-10T01:13:08.358Z - error: [gme:server:worker:simpleworker:pid_6292:WorkerFunctions:PluginManagerBase:plugin:MoleculeCodeGenerator] This is an error message.
2016-12-10T01:14:53.188Z - error: [gme:server:worker:simpleworker:pid_6292:WorkerFunctions:PluginManagerBase:plugin:MoleculeCodeGenerator] This is an error message.
2016-12-10T01:20:43.244Z - error: [gme:server:worker:simpleworker:pid_2688:WorkerFunctions:PluginManagerBase:plugin:MoleculeCodeGenerator] This is an error message.
2016-12-10T01:20:45.272Z - error: [gme:server:worker:simpleworker:pid_2688:WorkerFunctions:PluginManagerBase:plugin:MoleculeCodeGenerator] Error: Command failed: C:\Windows\system32\cmd.exe /s /c "E:\Users\TengyuMa\Anaconda3\envs\iModels\python.exe C:\Users\TengyuMa\Desktop\cs6388\classproject\src\plugins\MoleculeCodeGenerator\example\j6DdX\CH3-CH2-Silane-CH3.py"
Traceback (most recent call last):
  File "C:\Users\TengyuMa\Desktop\cs6388\classproject\src\plugins\MoleculeCodeGenerator\example\j6DdX\CH3-CH2-Silane-CH3.py", line 116, in <module>
    pattern = [cap_front, [monomer_A, monomer_B]*undefined, cap_end]
NameError: name 'monomer_A' is not defined
 `E:\Users\TengyuMa\Anaconda3\envs\iModels\python.exe C:\Users\TengyuMa\Desktop\cs6388\classproject\src\plugins\MoleculeCodeGenerator\example\j6DdX\CH3-CH2-Silane-CH3.py` (exited with error code 1)
    at ChildProcess.exithandler (child_process.js:213:12)
    at emitTwo (events.js:87:13)
    at ChildProcess.emit (events.js:172:7)
    at maybeClose (internal/child_process.js:829:16)
    at Socket.<anonymous> (internal/child_process.js:319:11)
    at emitOne (events.js:77:13)
    at Socket.emit (events.js:169:7)
    at Pipe._onclose (net.js:486:12)
2016-12-10T01:20:45.274Z - error: [gme:server:worker:simpleworker:pid_2688:WorkerFunctions] plugin [MoleculeCodeGenerator] failed with error Error: Command failed: C:\Windows\system32\cmd.exe /s /c "E:\Users\TengyuMa\Anaconda3\envs\iModels\python.exe C:\Users\TengyuMa\Desktop\cs6388\classproject\src\plugins\MoleculeCodeGenerator\example\j6DdX\CH3-CH2-Silane-CH3.py"
Traceback (most recent call last):
  File "C:\Users\TengyuMa\Desktop\cs6388\classproject\src\plugins\MoleculeCodeGenerator\example\j6DdX\CH3-CH2-Silane-CH3.py", line 116, in <module>
    pattern = [cap_front, [monomer_A, monomer_B]*undefined, cap_end]
NameError: name 'monomer_A' is not defined
 `E:\Users\TengyuMa\Anaconda3\envs\iModels\python.exe C:\Users\TengyuMa\Desktop\cs6388\classproject\src\plugins\MoleculeCodeGenerator\example\j6DdX\CH3-CH2-Silane-CH3.py` (exited with error code 1)
    at ChildProcess.exithandler (child_process.js:213:12)
    at emitTwo (events.js:87:13)
    at ChildProcess.emit (events.js:172:7)
    at maybeClose (internal/child_process.js:829:16)
    at Socket.<anonymous> (internal/child_process.js:319:11)
    at emitOne (events.js:77:13)
    at Socket.emit (events.js:169:7)
    at Pipe._onclose (net.js:486:12)
2016-12-10T01:27:43.639Z - error: [gme:server:worker:simpleworker:pid_8660:WorkerFunctions:PluginManagerBase:plugin:MoleculeCodeGenerator] This is an error message.
2016-12-10T01:29:25.962Z - error: [gme:server:worker:simpleworker:pid_5932:WorkerFunctions:PluginManagerBase:plugin:MoleculeCodeGenerator] This is an error message.
2016-12-10T01:35:44.886Z - error: [gme:server:worker:simpleworker:pid_5188:WorkerFunctions:PluginManagerBase:plugin:MoleculeCodeGenerator] This is an error message.
2016-12-10T01:36:00.675Z - error: [gme:server:worker:simpleworker:pid_5188:WorkerFunctions:PluginManagerBase:plugin:MoleculeCodeGenerator] This is an error message.
2016-12-10T01:36:02.615Z - error: [gme:server:worker:simpleworker:pid_5188:WorkerFunctions:PluginManagerBase:plugin:MoleculeCodeGenerator] Error: Command failed: C:\Windows\system32\cmd.exe /s /c "E:\Users\TengyuMa\Anaconda3\envs\iModels\python.exe C:\Users\TengyuMa\Desktop\cs6388\classproject\src\plugins\MoleculeCodeGenerator\example\UHh1z\CH3-Silane-CH2-CH3.py"
Traceback (most recent call last):
  File "C:\Users\TengyuMa\Desktop\cs6388\classproject\src\plugins\MoleculeCodeGenerator\example\UHh1z\CH3-Silane-CH2-CH3.py", line 119, in <module>
    pattern = [cap_front, [monomer_A, monomer_B]*1, cap_end]
NameError: name 'cap_front' is not defined
 `E:\Users\TengyuMa\Anaconda3\envs\iModels\python.exe C:\Users\TengyuMa\Desktop\cs6388\classproject\src\plugins\MoleculeCodeGenerator\example\UHh1z\CH3-Silane-CH2-CH3.py` (exited with error code 1)
    at ChildProcess.exithandler (child_process.js:213:12)
    at emitTwo (events.js:87:13)
    at ChildProcess.emit (events.js:172:7)
    at maybeClose (internal/child_process.js:829:16)
    at Process.ChildProcess._handle.onexit (internal/child_process.js:211:5)
2016-12-10T01:36:02.616Z - error: [gme:server:worker:simpleworker:pid_5188:WorkerFunctions] plugin [MoleculeCodeGenerator] failed with error Error: Command failed: C:\Windows\system32\cmd.exe /s /c "E:\Users\TengyuMa\Anaconda3\envs\iModels\python.exe C:\Users\TengyuMa\Desktop\cs6388\classproject\src\plugins\MoleculeCodeGenerator\example\UHh1z\CH3-Silane-CH2-CH3.py"
Traceback (most recent call last):
  File "C:\Users\TengyuMa\Desktop\cs6388\classproject\src\plugins\MoleculeCodeGenerator\example\UHh1z\CH3-Silane-CH2-CH3.py", line 119, in <module>
    pattern = [cap_front, [monomer_A, monomer_B]*1, cap_end]
NameError: name 'cap_front' is not defined
 `E:\Users\TengyuMa\Anaconda3\envs\iModels\python.exe C:\Users\TengyuMa\Desktop\cs6388\classproject\src\plugins\MoleculeCodeGenerator\example\UHh1z\CH3-Silane-CH2-CH3.py` (exited with error code 1)
    at ChildProcess.exithandler (child_process.js:213:12)
    at emitTwo (events.js:87:13)
    at ChildProcess.emit (events.js:172:7)
    at maybeClose (internal/child_process.js:829:16)
    at Process.ChildProcess._handle.onexit (internal/child_process.js:211:5)
2016-12-10T01:36:20.911Z - error: [gme:server:worker:simpleworker:pid_5188:WorkerFunctions:PluginManagerBase:plugin:MoleculeCodeGenerator] This is an error message.
